[0.047s] Invoking command in '/home/mys/ros2_ws/build/turtlesim': CMAKE_PREFIX_PATH=${CMAKE_PREFIX_PATH}:/home/mys/ros2_humble/install/rqt_bag_plugins:/home/mys/ros2_humble/install/rqt_bag:/home/mys/ros2_humble/install/ros2bag:/home/mys/ros2_humble/install/tracetools_test:/home/mys/ros2_humble/install/tracetools_launch:/home/mys/ros2_humble/install/topic_monitor:/home/mys/ros2_humble/install/tf2_tools:/home/mys/ros2_humble/install/examples_tf2_py:/home/mys/ros2_humble/install/tf2_ros_py:/home/mys/ros2_humble/install/sros2:/home/mys/ros2_humble/install/rqt_topic:/home/mys/ros2_humble/install/rqt_srv:/home/mys/ros2_humble/install/rqt_shell:/home/mys/ros2_humble/install/rqt_service_caller:/home/mys/ros2_humble/install/rqt_reconfigure:/home/mys/ros2_humble/install/rqt_py_console:/home/mys/ros2_humble/install/rqt_publisher:/home/mys/ros2_humble/install/rqt_plot:/home/mys/ros2_humble/install/rqt_action:/home/mys/ros2_humble/install/rqt_msg:/home/mys/ros2_humble/install/rqt_console:/home/mys/ros2_humble/install/rqt:/home/mys/ros2_humble/install/rqt_graph:/home/mys/ros2_humble/install/rqt_gui_py:/home/mys/ros2_humble/install/rqt_gui:/home/mys/ros2_humble/install/ros2trace:/home/mys/ros2_humble/install/ros2topic:/home/mys/ros2_humble/install/ros2test:/home/mys/ros2_humble/install/ros2component:/home/mys/ros2_humble/install/ros2param:/home/mys/ros2_humble/install/ros2lifecycle:/home/mys/ros2_humble/install/ros2service:/home/mys/ros2_humble/install/ros2run:/home/mys/ros2_humble/install/ros2launch:/home/mys/ros2_humble/install/ros2pkg:/home/mys/ros2_humble/install/ros2node:/home/mys/ros2_humble/install/ros2multicast:/home/mys/ros2_humble/install/ros2interface:/home/mys/ros2_humble/install/ros2doctor:/home/mys/ros2_humble/install/ros2action:/home/mys/ros2_humble/install/ros2cli:/home/mys/ros2_humble/install/quality_of_service_demo_py:/home/mys/ros2_humble/install/lifecycle_py:/home/mys/ros2_humble/install/launch_testing_ros:/home/mys/ros2_humble/install/launch_ros:/home/mys/ros2_humble/install/examples_rclpy_pointcloud_publisher:/home/mys/ros2_humble/install/examples_rclpy_minimal_subscriber:/home/mys/ros2_humble/install/examples_rclpy_minimal_service:/home/mys/ros2_humble/install/examples_rclpy_minimal_publisher:/home/mys/ros2_humble/install/examples_rclpy_minimal_client:/home/mys/ros2_humble/install/examples_rclpy_minimal_action_server:/home/mys/ros2_humble/install/examples_rclpy_minimal_action_client:/home/mys/ros2_humble/install/examples_rclpy_guard_conditions:/home/mys/ros2_humble/install/examples_rclpy_executors:/home/mys/ros2_humble/install/demo_nodes_py:/home/mys/ros2_humble/install/action_tutorials_py:/home/mys/ros2_humble/install/ament_uncrustify:/home/mys/ros2_humble/install/tracetools_trace:/home/mys/ros2_humble/install/tracetools_read:/home/mys/ros2_humble/install/test_tracetools_launch:/home/mys/ros2_humble/install/test_launch_ros:/home/mys/ros2_humble/install/sensor_msgs_py:/home/mys/ros2_humble/install/rpyutils:/home/mys/ros2_humble/install/rosidl_runtime_py:/home/mys/ros2_humble/install/rosidl_cli:/home/mys/ros2_humble/install/launch_pytest:/home/mys/ros2_humble/install/launch_testing:/home/mys/ros2_humble/install/launch_yaml:/home/mys/ros2_humble/install/launch_xml:/home/mys/ros2_humble/install/launch:/home/mys/ros2_humble/install/osrf_pycommon:/home/mys/ros2_humble/install/launch_testing_examples:/home/mys/ros2_humble/install/domain_coordinator:/home/mys/ros2_humble/install/ament_xmllint:/home/mys/ros2_humble/install/ament_pyflakes:/home/mys/ros2_humble/install/ament_pycodestyle:/home/mys/ros2_humble/install/ament_pep257:/home/mys/ros2_humble/install/ament_pclint:/home/mys/ros2_humble/install/ament_package:/home/mys/ros2_humble/install/ament_mypy:/home/mys/ros2_humble/install/ament_lint_cmake:/home/mys/ros2_humble/install/ament_flake8:/home/mys/ros2_humble/install/ament_copyright:/home/mys/ros2_humble/install/ament_lint:/home/mys/ros2_humble/install/ament_index_python:/home/mys/ros2_humble/install/ament_cpplint:/home/mys/ros2_humble/install/ament_cppcheck:/home/mys/ros2_humble/install/ament_clang_tidy:/home/mys/ros2_humble/install/ament_clang_format /usr/bin/cmake /home/mys/ros2_ws/src/ros_tutorials/turtlesim -DCMAKE_INSTALL_PREFIX=/home/mys/ros2_ws/install/turtlesim
[0.181s] -- The C compiler identification is GNU 9.4.0
[0.313s] -- The CXX compiler identification is GNU 9.4.0
[0.335s] -- Check for working C compiler: /usr/bin/cc
[0.479s] -- Check for working C compiler: /usr/bin/cc -- works
[0.481s] -- Detecting C compiler ABI info
[0.648s] -- Detecting C compiler ABI info - done
[0.664s] -- Detecting C compile features
[0.665s] -- Detecting C compile features - done
[0.667s] -- Check for working CXX compiler: /usr/bin/c++
[0.820s] -- Check for working CXX compiler: /usr/bin/c++ -- works
[0.822s] -- Detecting CXX compiler ABI info
[0.997s] -- Detecting CXX compiler ABI info - done
[1.011s] -- Detecting CXX compile features
[1.012s] -- Detecting CXX compile features - done
[1.026s] -- Found ament_cmake: 1.3.3 (/home/mys/ros2_humble/install/ament_cmake/share/ament_cmake/cmake)
[3.422s] -- Found Python3: /usr/bin/python3.8 (found version "3.8.10") found components: Interpreter 
[4.261s] -- Found ament_index_cpp: 1.4.0 (/home/mys/ros2_humble/install/ament_index_cpp/share/ament_index_cpp/cmake)
[4.270s] -- Found geometry_msgs: 4.2.2 (/home/mys/ros2_humble/install/geometry_msgs/share/geometry_msgs/cmake)
[4.400s] -- Found rosidl_generator_c: 3.1.4 (/home/mys/ros2_humble/install/rosidl_generator_c/share/rosidl_generator_c/cmake)
[4.421s] -- Found rosidl_adapter: 3.1.4 (/home/mys/ros2_humble/install/rosidl_adapter/share/rosidl_adapter/cmake)
[4.446s] -- Found rosidl_generator_cpp: 3.1.4 (/home/mys/ros2_humble/install/rosidl_generator_cpp/share/rosidl_generator_cpp/cmake)
[4.505s] -- Using all available rosidl_typesupport_c: rosidl_typesupport_introspection_c;rosidl_typesupport_fastrtps_c
[4.577s] -- Using all available rosidl_typesupport_cpp: rosidl_typesupport_introspection_cpp;rosidl_typesupport_fastrtps_cpp
[4.825s] -- Found rclcpp: 16.0.2 (/home/mys/ros2_humble/install/rclcpp/share/rclcpp/cmake)
[4.964s] -- Found rmw_implementation_cmake: 6.1.1 (/home/mys/ros2_humble/install/rmw_implementation_cmake/share/rmw_implementation_cmake/cmake)
[4.999s] -- Found rmw_fastrtps_cpp: 6.2.2 (/home/mys/ros2_humble/install/rmw_fastrtps_cpp/share/rmw_fastrtps_cpp/cmake)
[5.354s] -- Found OpenSSL: /usr/lib/x86_64-linux-gnu/libcrypto.so (found version "1.1.1f")  
[5.416s] -- Found FastRTPS: /home/mys/ros2_humble/install/fastrtps/include  
[5.550s] -- Using RMW implementation 'rmw_fastrtps_cpp' as default
[5.587s] -- Looking for pthread.h
[5.760s] -- Looking for pthread.h - found
[5.760s] -- Performing Test CMAKE_HAVE_LIBC_PTHREAD
[5.919s] -- Performing Test CMAKE_HAVE_LIBC_PTHREAD - Failed
[5.920s] -- Looking for pthread_create in pthreads
[6.074s] -- Looking for pthread_create in pthreads - not found
[6.074s] -- Looking for pthread_create in pthread
[6.221s] -- Looking for pthread_create in pthread - found
[6.223s] -- Found Threads: TRUE  
[6.386s] -- Found rclcpp_action: 16.0.2 (/home/mys/ros2_humble/install/rclcpp_action/share/rclcpp_action/cmake)
[6.515s] -- Found rosidl_default_generators: 1.2.0 (/home/mys/ros2_humble/install/rosidl_default_generators/share/rosidl_default_generators/cmake)
[6.619s] -- Found std_srvs: 4.2.2 (/home/mys/ros2_humble/install/std_srvs/share/std_srvs/cmake)
[10.953s] -- Found ament_cmake_ros: 0.10.0 (/home/mys/ros2_humble/install/ament_cmake_ros/share/ament_cmake_ros/cmake)
[19.495s] -- Using all available rosidl_typesupport_c: rosidl_typesupport_introspection_c;rosidl_typesupport_fastrtps_c
[22.454s] -- Using all available rosidl_typesupport_cpp: rosidl_typesupport_introspection_cpp;rosidl_typesupport_fastrtps_cpp
[22.803s] -- Found PythonInterp: /usr/bin/python3 (found suitable version "3.8.10", minimum required is "3.6") 
[22.818s] -- Found python_cmake_module: 0.10.0 (/home/mys/ros2_humble/install/python_cmake_module/share/python_cmake_module/cmake)
[23.186s] -- Found PythonLibs: /usr/lib/x86_64-linux-gnu/libpython3.8.so (found suitable version "3.8.10", minimum required is "3.5") 
[23.186s] -- Using PYTHON_EXECUTABLE: /usr/bin/python3
[23.186s] -- Using PYTHON_INCLUDE_DIRS: /usr/include/python3.8
[23.186s] -- Using PYTHON_LIBRARIES: /usr/lib/x86_64-linux-gnu/libpython3.8.so
[23.546s] -- Found PythonExtra: .so  
[24.627s] -- Configuring done
[24.731s] -- Generating done
[24.734s] -- Build files have been written to: /home/mys/ros2_ws/build/turtlesim
[24.745s] Invoked command in '/home/mys/ros2_ws/build/turtlesim' returned '0': CMAKE_PREFIX_PATH=${CMAKE_PREFIX_PATH}:/home/mys/ros2_humble/install/rqt_bag_plugins:/home/mys/ros2_humble/install/rqt_bag:/home/mys/ros2_humble/install/ros2bag:/home/mys/ros2_humble/install/tracetools_test:/home/mys/ros2_humble/install/tracetools_launch:/home/mys/ros2_humble/install/topic_monitor:/home/mys/ros2_humble/install/tf2_tools:/home/mys/ros2_humble/install/examples_tf2_py:/home/mys/ros2_humble/install/tf2_ros_py:/home/mys/ros2_humble/install/sros2:/home/mys/ros2_humble/install/rqt_topic:/home/mys/ros2_humble/install/rqt_srv:/home/mys/ros2_humble/install/rqt_shell:/home/mys/ros2_humble/install/rqt_service_caller:/home/mys/ros2_humble/install/rqt_reconfigure:/home/mys/ros2_humble/install/rqt_py_console:/home/mys/ros2_humble/install/rqt_publisher:/home/mys/ros2_humble/install/rqt_plot:/home/mys/ros2_humble/install/rqt_action:/home/mys/ros2_humble/install/rqt_msg:/home/mys/ros2_humble/install/rqt_console:/home/mys/ros2_humble/install/rqt:/home/mys/ros2_humble/install/rqt_graph:/home/mys/ros2_humble/install/rqt_gui_py:/home/mys/ros2_humble/install/rqt_gui:/home/mys/ros2_humble/install/ros2trace:/home/mys/ros2_humble/install/ros2topic:/home/mys/ros2_humble/install/ros2test:/home/mys/ros2_humble/install/ros2component:/home/mys/ros2_humble/install/ros2param:/home/mys/ros2_humble/install/ros2lifecycle:/home/mys/ros2_humble/install/ros2service:/home/mys/ros2_humble/install/ros2run:/home/mys/ros2_humble/install/ros2launch:/home/mys/ros2_humble/install/ros2pkg:/home/mys/ros2_humble/install/ros2node:/home/mys/ros2_humble/install/ros2multicast:/home/mys/ros2_humble/install/ros2interface:/home/mys/ros2_humble/install/ros2doctor:/home/mys/ros2_humble/install/ros2action:/home/mys/ros2_humble/install/ros2cli:/home/mys/ros2_humble/install/quality_of_service_demo_py:/home/mys/ros2_humble/install/lifecycle_py:/home/mys/ros2_humble/install/launch_testing_ros:/home/mys/ros2_humble/install/launch_ros:/home/mys/ros2_humble/install/examples_rclpy_pointcloud_publisher:/home/mys/ros2_humble/install/examples_rclpy_minimal_subscriber:/home/mys/ros2_humble/install/examples_rclpy_minimal_service:/home/mys/ros2_humble/install/examples_rclpy_minimal_publisher:/home/mys/ros2_humble/install/examples_rclpy_minimal_client:/home/mys/ros2_humble/install/examples_rclpy_minimal_action_server:/home/mys/ros2_humble/install/examples_rclpy_minimal_action_client:/home/mys/ros2_humble/install/examples_rclpy_guard_conditions:/home/mys/ros2_humble/install/examples_rclpy_executors:/home/mys/ros2_humble/install/demo_nodes_py:/home/mys/ros2_humble/install/action_tutorials_py:/home/mys/ros2_humble/install/ament_uncrustify:/home/mys/ros2_humble/install/tracetools_trace:/home/mys/ros2_humble/install/tracetools_read:/home/mys/ros2_humble/install/test_tracetools_launch:/home/mys/ros2_humble/install/test_launch_ros:/home/mys/ros2_humble/install/sensor_msgs_py:/home/mys/ros2_humble/install/rpyutils:/home/mys/ros2_humble/install/rosidl_runtime_py:/home/mys/ros2_humble/install/rosidl_cli:/home/mys/ros2_humble/install/launch_pytest:/home/mys/ros2_humble/install/launch_testing:/home/mys/ros2_humble/install/launch_yaml:/home/mys/ros2_humble/install/launch_xml:/home/mys/ros2_humble/install/launch:/home/mys/ros2_humble/install/osrf_pycommon:/home/mys/ros2_humble/install/launch_testing_examples:/home/mys/ros2_humble/install/domain_coordinator:/home/mys/ros2_humble/install/ament_xmllint:/home/mys/ros2_humble/install/ament_pyflakes:/home/mys/ros2_humble/install/ament_pycodestyle:/home/mys/ros2_humble/install/ament_pep257:/home/mys/ros2_humble/install/ament_pclint:/home/mys/ros2_humble/install/ament_package:/home/mys/ros2_humble/install/ament_mypy:/home/mys/ros2_humble/install/ament_lint_cmake:/home/mys/ros2_humble/install/ament_flake8:/home/mys/ros2_humble/install/ament_copyright:/home/mys/ros2_humble/install/ament_lint:/home/mys/ros2_humble/install/ament_index_python:/home/mys/ros2_humble/install/ament_cpplint:/home/mys/ros2_humble/install/ament_cppcheck:/home/mys/ros2_humble/install/ament_clang_tidy:/home/mys/ros2_humble/install/ament_clang_format /usr/bin/cmake /home/mys/ros2_ws/src/ros_tutorials/turtlesim -DCMAKE_INSTALL_PREFIX=/home/mys/ros2_ws/install/turtlesim
[24.751s] Invoking command in '/home/mys/ros2_ws/build/turtlesim': CMAKE_PREFIX_PATH=${CMAKE_PREFIX_PATH}:/home/mys/ros2_humble/install/rqt_bag_plugins:/home/mys/ros2_humble/install/rqt_bag:/home/mys/ros2_humble/install/ros2bag:/home/mys/ros2_humble/install/tracetools_test:/home/mys/ros2_humble/install/tracetools_launch:/home/mys/ros2_humble/install/topic_monitor:/home/mys/ros2_humble/install/tf2_tools:/home/mys/ros2_humble/install/examples_tf2_py:/home/mys/ros2_humble/install/tf2_ros_py:/home/mys/ros2_humble/install/sros2:/home/mys/ros2_humble/install/rqt_topic:/home/mys/ros2_humble/install/rqt_srv:/home/mys/ros2_humble/install/rqt_shell:/home/mys/ros2_humble/install/rqt_service_caller:/home/mys/ros2_humble/install/rqt_reconfigure:/home/mys/ros2_humble/install/rqt_py_console:/home/mys/ros2_humble/install/rqt_publisher:/home/mys/ros2_humble/install/rqt_plot:/home/mys/ros2_humble/install/rqt_action:/home/mys/ros2_humble/install/rqt_msg:/home/mys/ros2_humble/install/rqt_console:/home/mys/ros2_humble/install/rqt:/home/mys/ros2_humble/install/rqt_graph:/home/mys/ros2_humble/install/rqt_gui_py:/home/mys/ros2_humble/install/rqt_gui:/home/mys/ros2_humble/install/ros2trace:/home/mys/ros2_humble/install/ros2topic:/home/mys/ros2_humble/install/ros2test:/home/mys/ros2_humble/install/ros2component:/home/mys/ros2_humble/install/ros2param:/home/mys/ros2_humble/install/ros2lifecycle:/home/mys/ros2_humble/install/ros2service:/home/mys/ros2_humble/install/ros2run:/home/mys/ros2_humble/install/ros2launch:/home/mys/ros2_humble/install/ros2pkg:/home/mys/ros2_humble/install/ros2node:/home/mys/ros2_humble/install/ros2multicast:/home/mys/ros2_humble/install/ros2interface:/home/mys/ros2_humble/install/ros2doctor:/home/mys/ros2_humble/install/ros2action:/home/mys/ros2_humble/install/ros2cli:/home/mys/ros2_humble/install/quality_of_service_demo_py:/home/mys/ros2_humble/install/lifecycle_py:/home/mys/ros2_humble/install/launch_testing_ros:/home/mys/ros2_humble/install/launch_ros:/home/mys/ros2_humble/install/examples_rclpy_pointcloud_publisher:/home/mys/ros2_humble/install/examples_rclpy_minimal_subscriber:/home/mys/ros2_humble/install/examples_rclpy_minimal_service:/home/mys/ros2_humble/install/examples_rclpy_minimal_publisher:/home/mys/ros2_humble/install/examples_rclpy_minimal_client:/home/mys/ros2_humble/install/examples_rclpy_minimal_action_server:/home/mys/ros2_humble/install/examples_rclpy_minimal_action_client:/home/mys/ros2_humble/install/examples_rclpy_guard_conditions:/home/mys/ros2_humble/install/examples_rclpy_executors:/home/mys/ros2_humble/install/demo_nodes_py:/home/mys/ros2_humble/install/action_tutorials_py:/home/mys/ros2_humble/install/ament_uncrustify:/home/mys/ros2_humble/install/tracetools_trace:/home/mys/ros2_humble/install/tracetools_read:/home/mys/ros2_humble/install/test_tracetools_launch:/home/mys/ros2_humble/install/test_launch_ros:/home/mys/ros2_humble/install/sensor_msgs_py:/home/mys/ros2_humble/install/rpyutils:/home/mys/ros2_humble/install/rosidl_runtime_py:/home/mys/ros2_humble/install/rosidl_cli:/home/mys/ros2_humble/install/launch_pytest:/home/mys/ros2_humble/install/launch_testing:/home/mys/ros2_humble/install/launch_yaml:/home/mys/ros2_humble/install/launch_xml:/home/mys/ros2_humble/install/launch:/home/mys/ros2_humble/install/osrf_pycommon:/home/mys/ros2_humble/install/launch_testing_examples:/home/mys/ros2_humble/install/domain_coordinator:/home/mys/ros2_humble/install/ament_xmllint:/home/mys/ros2_humble/install/ament_pyflakes:/home/mys/ros2_humble/install/ament_pycodestyle:/home/mys/ros2_humble/install/ament_pep257:/home/mys/ros2_humble/install/ament_pclint:/home/mys/ros2_humble/install/ament_package:/home/mys/ros2_humble/install/ament_mypy:/home/mys/ros2_humble/install/ament_lint_cmake:/home/mys/ros2_humble/install/ament_flake8:/home/mys/ros2_humble/install/ament_copyright:/home/mys/ros2_humble/install/ament_lint:/home/mys/ros2_humble/install/ament_index_python:/home/mys/ros2_humble/install/ament_cpplint:/home/mys/ros2_humble/install/ament_cppcheck:/home/mys/ros2_humble/install/ament_clang_tidy:/home/mys/ros2_humble/install/ament_clang_format /usr/bin/cmake --build /home/mys/ros2_ws/build/turtlesim -- -j12 -l12
[24.860s] [35m[1mScanning dependencies of target ament_cmake_python_copy_turtlesim[0m
[24.862s] [  1%] [34m[1mGenerating C code for ROS interfaces[0m
[24.864s] [35m[1mScanning dependencies of target turtlesim__cpp[0m
[24.896s] [  2%] [34m[1mGenerating C++ code for ROS interfaces[0m
[24.915s] [  2%] Built target ament_cmake_python_copy_turtlesim
[24.947s] [35m[1mScanning dependencies of target ament_cmake_python_build_turtlesim_egg[0m
[25.599s] running egg_info
[25.599s] creating turtlesim.egg-info
[25.600s] writing turtlesim.egg-info/PKG-INFO
[25.600s] writing dependency_links to turtlesim.egg-info/dependency_links.txt
[25.600s] writing top-level names to turtlesim.egg-info/top_level.txt
[25.600s] writing manifest file 'turtlesim.egg-info/SOURCES.txt'
[25.642s] reading manifest file 'turtlesim.egg-info/SOURCES.txt'
[25.642s] writing manifest file 'turtlesim.egg-info/SOURCES.txt'
[25.684s] [  2%] Built target ament_cmake_python_build_turtlesim_egg
[26.130s] [  2%] Built target turtlesim__cpp
[26.131s] [35m[1mScanning dependencies of target turtlesim__rosidl_generator_c[0m
[26.162s] [  3%] [34m[1mGenerating C++ type support dispatch for ROS interfaces[0m
[26.164s] [  4%] [34m[1mGenerating C++ introspection for ROS interfaces[0m
[26.165s] [  5%] [34m[1mGenerating C++ type support for eProsima Fast-RTPS[0m
[26.166s] [  6%] [32mBuilding C object CMakeFiles/turtlesim__rosidl_generator_c.dir/rosidl_generator_c/turtlesim/action/detail/rotate_absolute__functions.c.o[0m
[26.169s] [  8%] [32mBuilding C object CMakeFiles/turtlesim__rosidl_generator_c.dir/rosidl_generator_c/turtlesim/srv/detail/kill__functions.c.o[0m
[26.169s] [  8%] [32mBuilding C object CMakeFiles/turtlesim__rosidl_generator_c.dir/rosidl_generator_c/turtlesim/srv/detail/set_pen__functions.c.o[0m
[26.169s] [ 10%] [32mBuilding C object CMakeFiles/turtlesim__rosidl_generator_c.dir/rosidl_generator_c/turtlesim/srv/detail/teleport_relative__functions.c.o[0m
[26.169s] [ 10%] [32mBuilding C object CMakeFiles/turtlesim__rosidl_generator_c.dir/rosidl_generator_c/turtlesim/msg/detail/color__functions.c.o[0m
[26.174s] [ 12%] [32mBuilding C object CMakeFiles/turtlesim__rosidl_generator_c.dir/rosidl_generator_c/turtlesim/srv/detail/teleport_absolute__functions.c.o[0m
[26.174s] [ 12%] [32mBuilding C object CMakeFiles/turtlesim__rosidl_generator_c.dir/rosidl_generator_c/turtlesim/msg/detail/pose__functions.c.o[0m
[26.176s] [ 13%] [32mBuilding C object CMakeFiles/turtlesim__rosidl_generator_c.dir/rosidl_generator_c/turtlesim/srv/detail/spawn__functions.c.o[0m
[26.361s] [ 14%] [32m[1mLinking C shared library libturtlesim__rosidl_generator_c.so[0m
[26.430s] [ 14%] Built target turtlesim__rosidl_generator_c
[26.453s] [ 15%] [34m[1mGenerating C type support for eProsima Fast-RTPS[0m
[26.454s] [ 16%] [34m[1mGenerating C type support dispatch for ROS interfaces[0m
[26.455s] [ 17%] [34m[1mGenerating C introspection for ROS interfaces[0m
[27.074s] [35m[1mScanning dependencies of target turtlesim__rosidl_typesupport_cpp[0m
[27.112s] [ 22%] [32mBuilding CXX object CMakeFiles/turtlesim__rosidl_typesupport_cpp.dir/rosidl_typesupport_cpp/turtlesim/srv/spawn__type_support.cpp.o[0m
[27.112s] [ 22%] [32mBuilding CXX object CMakeFiles/turtlesim__rosidl_typesupport_cpp.dir/rosidl_typesupport_cpp/turtlesim/msg/color__type_support.cpp.o[0m
[27.112s] [ 22%] [32mBuilding CXX object CMakeFiles/turtlesim__rosidl_typesupport_cpp.dir/rosidl_typesupport_cpp/turtlesim/srv/set_pen__type_support.cpp.o[0m
[27.113s] [ 23%] [32mBuilding CXX object CMakeFiles/turtlesim__rosidl_typesupport_cpp.dir/rosidl_typesupport_cpp/turtlesim/action/rotate_absolute__type_support.cpp.o[0m
[27.113s] [ 22%] [32mBuilding CXX object CMakeFiles/turtlesim__rosidl_typesupport_cpp.dir/rosidl_typesupport_cpp/turtlesim/msg/pose__type_support.cpp.o[0m
[27.113s] [ 22%] [32mBuilding CXX object CMakeFiles/turtlesim__rosidl_typesupport_cpp.dir/rosidl_typesupport_cpp/turtlesim/srv/kill__type_support.cpp.o[0m
[27.115s] [ 24%] [32mBuilding CXX object CMakeFiles/turtlesim__rosidl_typesupport_cpp.dir/rosidl_typesupport_cpp/turtlesim/srv/teleport_absolute__type_support.cpp.o[0m
[27.509s] [ 25%] [32mBuilding CXX object CMakeFiles/turtlesim__rosidl_typesupport_cpp.dir/rosidl_typesupport_cpp/turtlesim/srv/teleport_relative__type_support.cpp.o[0m
[27.553s] [35m[1mScanning dependencies of target turtlesim__rosidl_typesupport_c[0m
[27.581s] [35m[1mScanning dependencies of target turtlesim__rosidl_typesupport_introspection_cpp[0m
[27.582s] [35m[1mScanning dependencies of target turtlesim__rosidl_typesupport_fastrtps_cpp[0m
[27.594s] [ 27%] [32mBuilding CXX object CMakeFiles/turtlesim__rosidl_typesupport_c.dir/rosidl_typesupport_c/turtlesim/msg/color__type_support.cpp.o[0m
[27.594s] [ 27%] [32mBuilding CXX object CMakeFiles/turtlesim__rosidl_typesupport_c.dir/rosidl_typesupport_c/turtlesim/msg/pose__type_support.cpp.o[0m
[27.594s] [ 29%] [32mBuilding CXX object CMakeFiles/turtlesim__rosidl_typesupport_c.dir/rosidl_typesupport_c/turtlesim/srv/set_pen__type_support.cpp.o[0m
[27.594s] [ 29%] [32mBuilding CXX object CMakeFiles/turtlesim__rosidl_typesupport_c.dir/rosidl_typesupport_c/turtlesim/action/rotate_absolute__type_support.cpp.o[0m
[27.596s] [ 30%] [32mBuilding CXX object CMakeFiles/turtlesim__rosidl_typesupport_c.dir/rosidl_typesupport_c/turtlesim/srv/kill__type_support.cpp.o[0m
[27.598s] [ 31%] [32mBuilding CXX object CMakeFiles/turtlesim__rosidl_typesupport_c.dir/rosidl_typesupport_c/turtlesim/srv/spawn__type_support.cpp.o[0m
[27.634s] [ 32%] [32mBuilding CXX object CMakeFiles/turtlesim__rosidl_typesupport_introspection_cpp.dir/rosidl_typesupport_introspection_cpp/turtlesim/action/detail/rotate_absolute__type_support.cpp.o[0m
[27.651s] [ 33%] [32mBuilding CXX object CMakeFiles/turtlesim__rosidl_typesupport_fastrtps_cpp.dir/rosidl_typesupport_fastrtps_cpp/turtlesim/action/detail/dds_fastrtps/rotate_absolute__type_support.cpp.o[0m
[27.666s] [ 35%] [32mBuilding CXX object CMakeFiles/turtlesim__rosidl_typesupport_fastrtps_cpp.dir/rosidl_typesupport_fastrtps_cpp/turtlesim/msg/detail/dds_fastrtps/pose__type_support.cpp.o[0m
[27.666s] [ 35%] [32mBuilding CXX object CMakeFiles/turtlesim__rosidl_typesupport_fastrtps_cpp.dir/rosidl_typesupport_fastrtps_cpp/turtlesim/msg/detail/dds_fastrtps/color__type_support.cpp.o[0m
[27.676s] [ 38%] [32mBuilding CXX object CMakeFiles/turtlesim__rosidl_typesupport_introspection_cpp.dir/rosidl_typesupport_introspection_cpp/turtlesim/msg/detail/color__type_support.cpp.o[0m
[27.676s] [ 38%] [32mBuilding CXX object CMakeFiles/turtlesim__rosidl_typesupport_fastrtps_cpp.dir/rosidl_typesupport_fastrtps_cpp/turtlesim/srv/detail/dds_fastrtps/kill__type_support.cpp.o[0m
[27.676s] [ 38%] [32mBuilding CXX object CMakeFiles/turtlesim__rosidl_typesupport_c.dir/rosidl_typesupport_c/turtlesim/srv/teleport_absolute__type_support.cpp.o[0m
[27.752s] [ 39%] [32mBuilding CXX object CMakeFiles/turtlesim__rosidl_typesupport_c.dir/rosidl_typesupport_c/turtlesim/srv/teleport_relative__type_support.cpp.o[0m
[27.830s] [ 40%] [32m[1mLinking CXX shared library libturtlesim__rosidl_typesupport_c.so[0m
[27.906s] [ 41%] [32mBuilding CXX object CMakeFiles/turtlesim__rosidl_typesupport_fastrtps_cpp.dir/rosidl_typesupport_fastrtps_cpp/turtlesim/srv/detail/dds_fastrtps/set_pen__type_support.cpp.o[0m
[27.916s] [35m[1mScanning dependencies of target turtlesim__rosidl_typesupport_fastrtps_c[0m
[27.922s] [ 42%] [32m[1mLinking CXX shared library libturtlesim__rosidl_typesupport_cpp.so[0m
[27.929s] [35m[1mScanning dependencies of target turtlesim__rosidl_typesupport_introspection_c[0m
[27.930s] [ 43%] [32mBuilding CXX object CMakeFiles/turtlesim__rosidl_typesupport_fastrtps_cpp.dir/rosidl_typesupport_fastrtps_cpp/turtlesim/srv/detail/dds_fastrtps/spawn__type_support.cpp.o[0m
[27.933s] [ 43%] Built target turtlesim__rosidl_typesupport_c
[27.962s] [ 44%] [32mBuilding CXX object CMakeFiles/turtlesim__rosidl_typesupport_fastrtps_cpp.dir/rosidl_typesupport_fastrtps_cpp/turtlesim/srv/detail/dds_fastrtps/teleport_absolute__type_support.cpp.o[0m
[27.975s] [ 45%] [32mBuilding C object CMakeFiles/turtlesim__rosidl_typesupport_introspection_c.dir/rosidl_typesupport_introspection_c/turtlesim/action/detail/rotate_absolute__type_support.c.o[0m
[27.990s] [ 46%] [32mBuilding CXX object CMakeFiles/turtlesim__rosidl_typesupport_fastrtps_c.dir/rosidl_typesupport_fastrtps_c/turtlesim/action/detail/rotate_absolute__type_support_c.cpp.o[0m
[28.021s] [ 46%] Built target turtlesim__rosidl_typesupport_cpp
[28.054s] [ 47%] [32mBuilding C object CMakeFiles/turtlesim__rosidl_typesupport_introspection_c.dir/rosidl_typesupport_introspection_c/turtlesim/msg/detail/color__type_support.c.o[0m
[28.072s] [ 48%] [32mBuilding CXX object CMakeFiles/turtlesim__rosidl_typesupport_introspection_cpp.dir/rosidl_typesupport_introspection_cpp/turtlesim/msg/detail/pose__type_support.cpp.o[0m
[28.127s] [ 49%] [32mBuilding C object CMakeFiles/turtlesim__rosidl_typesupport_introspection_c.dir/rosidl_typesupport_introspection_c/turtlesim/msg/detail/pose__type_support.c.o[0m
[28.208s] [ 50%] [32mBuilding C object CMakeFiles/turtlesim__rosidl_typesupport_introspection_c.dir/rosidl_typesupport_introspection_c/turtlesim/srv/detail/kill__type_support.c.o[0m
[28.299s] [ 51%] [32mBuilding C object CMakeFiles/turtlesim__rosidl_typesupport_introspection_c.dir/rosidl_typesupport_introspection_c/turtlesim/srv/detail/set_pen__type_support.c.o[0m
[28.301s] [ 52%] [32mBuilding CXX object CMakeFiles/turtlesim__rosidl_typesupport_fastrtps_cpp.dir/rosidl_typesupport_fastrtps_cpp/turtlesim/srv/detail/dds_fastrtps/teleport_relative__type_support.cpp.o[0m
[28.302s] [ 53%] [32mBuilding C object CMakeFiles/turtlesim__rosidl_typesupport_introspection_c.dir/rosidl_typesupport_introspection_c/turtlesim/srv/detail/spawn__type_support.c.o[0m
[28.315s] [ 54%] [32mBuilding CXX object CMakeFiles/turtlesim__rosidl_typesupport_fastrtps_c.dir/rosidl_typesupport_fastrtps_c/turtlesim/msg/detail/color__type_support_c.cpp.o[0m
[28.320s] [ 55%] [32mBuilding CXX object CMakeFiles/turtlesim__rosidl_typesupport_introspection_cpp.dir/rosidl_typesupport_introspection_cpp/turtlesim/srv/detail/kill__type_support.cpp.o[0m
[28.387s] [ 56%] [32mBuilding C object CMakeFiles/turtlesim__rosidl_typesupport_introspection_c.dir/rosidl_typesupport_introspection_c/turtlesim/srv/detail/teleport_absolute__type_support.c.o[0m
[28.387s] [ 57%] [32mBuilding C object CMakeFiles/turtlesim__rosidl_typesupport_introspection_c.dir/rosidl_typesupport_introspection_c/turtlesim/srv/detail/teleport_relative__type_support.c.o[0m
[28.474s] [ 58%] [32mBuilding CXX object CMakeFiles/turtlesim__rosidl_typesupport_introspection_cpp.dir/rosidl_typesupport_introspection_cpp/turtlesim/srv/detail/set_pen__type_support.cpp.o[0m
[28.483s] [ 59%] [32m[1mLinking C shared library libturtlesim__rosidl_typesupport_introspection_c.so[0m
[28.561s] [ 60%] [32mBuilding CXX object CMakeFiles/turtlesim__rosidl_typesupport_introspection_cpp.dir/rosidl_typesupport_introspection_cpp/turtlesim/srv/detail/spawn__type_support.cpp.o[0m
[28.574s] [ 60%] Built target turtlesim__rosidl_typesupport_introspection_c
[28.576s] [ 61%] [32mBuilding CXX object CMakeFiles/turtlesim__rosidl_typesupport_introspection_cpp.dir/rosidl_typesupport_introspection_cpp/turtlesim/srv/detail/teleport_absolute__type_support.cpp.o[0m
[28.582s] [35m[1mScanning dependencies of target draw_square[0m
[28.614s] [35m[1mScanning dependencies of target turtle_teleop_key[0m
[28.624s] [ 62%] [32mBuilding CXX object CMakeFiles/turtlesim__rosidl_typesupport_fastrtps_c.dir/rosidl_typesupport_fastrtps_c/turtlesim/msg/detail/pose__type_support_c.cpp.o[0m
[28.630s] [ 63%] [32mBuilding CXX object CMakeFiles/turtlesim__rosidl_typesupport_introspection_cpp.dir/rosidl_typesupport_introspection_cpp/turtlesim/srv/detail/teleport_relative__type_support.cpp.o[0m
[28.636s] [ 64%] [32mBuilding CXX object CMakeFiles/turtlesim__rosidl_typesupport_fastrtps_c.dir/rosidl_typesupport_fastrtps_c/turtlesim/srv/detail/kill__type_support_c.cpp.o[0m
[28.677s] [ 65%] [32mBuilding CXX object CMakeFiles/turtlesim__rosidl_typesupport_fastrtps_c.dir/rosidl_typesupport_fastrtps_c/turtlesim/srv/detail/set_pen__type_support_c.cpp.o[0m
[28.684s] [ 66%] [32mBuilding CXX object CMakeFiles/draw_square.dir/tutorials/draw_square.cpp.o[0m
[28.732s] [ 67%] [32mBuilding CXX object CMakeFiles/turtle_teleop_key.dir/tutorials/teleop_turtle_key.cpp.o[0m
[28.861s] [ 68%] [32mBuilding CXX object CMakeFiles/turtlesim__rosidl_typesupport_fastrtps_c.dir/rosidl_typesupport_fastrtps_c/turtlesim/srv/detail/spawn__type_support_c.cpp.o[0m
[28.948s] [ 69%] [32mBuilding CXX object CMakeFiles/turtlesim__rosidl_typesupport_fastrtps_c.dir/rosidl_typesupport_fastrtps_c/turtlesim/srv/detail/teleport_absolute__type_support_c.cpp.o[0m
[28.950s] [ 70%] [32m[1mLinking CXX shared library libturtlesim__rosidl_typesupport_fastrtps_cpp.so[0m
[29.108s] [ 71%] [32mBuilding CXX object CMakeFiles/turtlesim__rosidl_typesupport_fastrtps_c.dir/rosidl_typesupport_fastrtps_c/turtlesim/srv/detail/teleport_relative__type_support_c.cpp.o[0m
[29.153s] [ 72%] [34m[1mGenerating include/turtlesim/moc_turtle_frame.cpp[0m
[29.157s] [ 72%] Built target turtlesim__rosidl_typesupport_fastrtps_cpp
[29.172s] [35m[1mScanning dependencies of target mimic[0m
[29.239s] [ 73%] [32m[1mLinking CXX shared library libturtlesim__rosidl_typesupport_introspection_cpp.so[0m
[29.253s] [35m[1mScanning dependencies of target turtlesim_node[0m
[29.269s] [ 74%] [32mBuilding CXX object CMakeFiles/mimic.dir/tutorials/mimic.cpp.o[0m
[29.398s] [ 74%] Built target turtlesim__rosidl_typesupport_introspection_cpp
[29.420s] [ 75%] [32mBuilding CXX object CMakeFiles/turtlesim_node.dir/src/turtlesim.cpp.o[0m
[29.421s] [ 76%] [32mBuilding CXX object CMakeFiles/turtlesim_node.dir/src/turtle.cpp.o[0m
[29.423s] [ 78%] [32mBuilding CXX object CMakeFiles/turtlesim_node.dir/include/turtlesim/moc_turtle_frame.cpp.o[0m
[29.423s] [ 78%] [32mBuilding CXX object CMakeFiles/turtlesim_node.dir/src/turtle_frame.cpp.o[0m
[29.536s] [ 79%] [32m[1mLinking CXX shared library libturtlesim__rosidl_typesupport_fastrtps_c.so[0m
[29.666s] [ 79%] Built target turtlesim__rosidl_typesupport_fastrtps_c
[29.694s] [35m[1mScanning dependencies of target turtlesim[0m
[29.720s] [ 79%] Built target turtlesim
[29.748s] [35m[1mScanning dependencies of target turtlesim__py[0m
[29.771s] [ 80%] [34m[1mGenerating Python code for ROS interfaces[0m
[32.141s] [ 80%] Built target turtlesim__py
[32.168s] [35m[1mScanning dependencies of target turtlesim__rosidl_generator_py[0m
[32.227s] [ 82%] [32mBuilding C object CMakeFiles/turtlesim__rosidl_generator_py.dir/rosidl_generator_py/turtlesim/action/_rotate_absolute_s.c.o[0m
[32.227s] [ 82%] [32mBuilding C object CMakeFiles/turtlesim__rosidl_generator_py.dir/rosidl_generator_py/turtlesim/msg/_color_s.c.o[0m
[32.227s] [ 83%] [32mBuilding C object CMakeFiles/turtlesim__rosidl_generator_py.dir/rosidl_generator_py/turtlesim/msg/_pose_s.c.o[0m
[32.229s] [ 85%] [32mBuilding C object CMakeFiles/turtlesim__rosidl_generator_py.dir/rosidl_generator_py/turtlesim/srv/_kill_s.c.o[0m
[32.229s] [ 85%] [32mBuilding C object CMakeFiles/turtlesim__rosidl_generator_py.dir/rosidl_generator_py/turtlesim/srv/_set_pen_s.c.o[0m
[32.396s] [ 86%] [32mBuilding C object CMakeFiles/turtlesim__rosidl_generator_py.dir/rosidl_generator_py/turtlesim/srv/_teleport_absolute_s.c.o[0m
[32.399s] [ 87%] [32mBuilding C object CMakeFiles/turtlesim__rosidl_generator_py.dir/rosidl_generator_py/turtlesim/srv/_spawn_s.c.o[0m
[32.404s] [ 88%] [32mBuilding C object CMakeFiles/turtlesim__rosidl_generator_py.dir/rosidl_generator_py/turtlesim/srv/_teleport_relative_s.c.o[0m
[32.573s] [ 89%] [32m[1mLinking C shared library rosidl_generator_py/turtlesim/libturtlesim__rosidl_generator_py.so[0m
[32.691s] [ 89%] Built target turtlesim__rosidl_generator_py
[32.725s] [35m[1mScanning dependencies of target turtlesim__rosidl_typesupport_c__pyext[0m
[32.725s] [35m[1mScanning dependencies of target turtlesim__rosidl_typesupport_fastrtps_c__pyext[0m
[32.731s] [35m[1mScanning dependencies of target turtlesim__rosidl_typesupport_introspection_c__pyext[0m
[32.779s] [ 90%] [32mBuilding C object CMakeFiles/turtlesim__rosidl_typesupport_fastrtps_c__pyext.dir/rosidl_generator_py/turtlesim/_turtlesim_s.ep.rosidl_typesupport_fastrtps_c.c.o[0m
[32.780s] [ 91%] [32mBuilding C object CMakeFiles/turtlesim__rosidl_typesupport_introspection_c__pyext.dir/rosidl_generator_py/turtlesim/_turtlesim_s.ep.rosidl_typesupport_introspection_c.c.o[0m
[32.784s] [ 92%] [32mBuilding C object CMakeFiles/turtlesim__rosidl_typesupport_c__pyext.dir/rosidl_generator_py/turtlesim/_turtlesim_s.ep.rosidl_typesupport_c.c.o[0m
[33.035s] [ 95%] [32m[1mLinking C shared library rosidl_generator_py/turtlesim/turtlesim_s__rosidl_typesupport_introspection_c.cpython-38-x86_64-linux-gnu.so[0m
[33.036s] [ 95%] [32m[1mLinking C shared library rosidl_generator_py/turtlesim/turtlesim_s__rosidl_typesupport_fastrtps_c.cpython-38-x86_64-linux-gnu.so[0m
[33.036s] [ 95%] [32m[1mLinking C shared library rosidl_generator_py/turtlesim/turtlesim_s__rosidl_typesupport_c.cpython-38-x86_64-linux-gnu.so[0m
[33.131s] [ 95%] Built target turtlesim__rosidl_typesupport_fastrtps_c__pyext
[33.136s] [ 95%] Built target turtlesim__rosidl_typesupport_introspection_c__pyext
[33.138s] [ 95%] Built target turtlesim__rosidl_typesupport_c__pyext
[35.744s] [ 96%] [32m[1mLinking CXX executable turtle_teleop_key[0m
[36.823s] [ 96%] Built target turtle_teleop_key
[39.604s] [ 97%] [32m[1mLinking CXX executable mimic[0m
[40.304s] [ 98%] [32m[1mLinking CXX executable draw_square[0m
[40.841s] [ 98%] Built target mimic
[41.499s] [ 98%] Built target draw_square
[43.363s] [100%] [32m[1mLinking CXX executable turtlesim_node[0m
[46.197s] [100%] Built target turtlesim_node
[46.226s] Invoked command in '/home/mys/ros2_ws/build/turtlesim' returned '0': CMAKE_PREFIX_PATH=${CMAKE_PREFIX_PATH}:/home/mys/ros2_humble/install/rqt_bag_plugins:/home/mys/ros2_humble/install/rqt_bag:/home/mys/ros2_humble/install/ros2bag:/home/mys/ros2_humble/install/tracetools_test:/home/mys/ros2_humble/install/tracetools_launch:/home/mys/ros2_humble/install/topic_monitor:/home/mys/ros2_humble/install/tf2_tools:/home/mys/ros2_humble/install/examples_tf2_py:/home/mys/ros2_humble/install/tf2_ros_py:/home/mys/ros2_humble/install/sros2:/home/mys/ros2_humble/install/rqt_topic:/home/mys/ros2_humble/install/rqt_srv:/home/mys/ros2_humble/install/rqt_shell:/home/mys/ros2_humble/install/rqt_service_caller:/home/mys/ros2_humble/install/rqt_reconfigure:/home/mys/ros2_humble/install/rqt_py_console:/home/mys/ros2_humble/install/rqt_publisher:/home/mys/ros2_humble/install/rqt_plot:/home/mys/ros2_humble/install/rqt_action:/home/mys/ros2_humble/install/rqt_msg:/home/mys/ros2_humble/install/rqt_console:/home/mys/ros2_humble/install/rqt:/home/mys/ros2_humble/install/rqt_graph:/home/mys/ros2_humble/install/rqt_gui_py:/home/mys/ros2_humble/install/rqt_gui:/home/mys/ros2_humble/install/ros2trace:/home/mys/ros2_humble/install/ros2topic:/home/mys/ros2_humble/install/ros2test:/home/mys/ros2_humble/install/ros2component:/home/mys/ros2_humble/install/ros2param:/home/mys/ros2_humble/install/ros2lifecycle:/home/mys/ros2_humble/install/ros2service:/home/mys/ros2_humble/install/ros2run:/home/mys/ros2_humble/install/ros2launch:/home/mys/ros2_humble/install/ros2pkg:/home/mys/ros2_humble/install/ros2node:/home/mys/ros2_humble/install/ros2multicast:/home/mys/ros2_humble/install/ros2interface:/home/mys/ros2_humble/install/ros2doctor:/home/mys/ros2_humble/install/ros2action:/home/mys/ros2_humble/install/ros2cli:/home/mys/ros2_humble/install/quality_of_service_demo_py:/home/mys/ros2_humble/install/lifecycle_py:/home/mys/ros2_humble/install/launch_testing_ros:/home/mys/ros2_humble/install/launch_ros:/home/mys/ros2_humble/install/examples_rclpy_pointcloud_publisher:/home/mys/ros2_humble/install/examples_rclpy_minimal_subscriber:/home/mys/ros2_humble/install/examples_rclpy_minimal_service:/home/mys/ros2_humble/install/examples_rclpy_minimal_publisher:/home/mys/ros2_humble/install/examples_rclpy_minimal_client:/home/mys/ros2_humble/install/examples_rclpy_minimal_action_server:/home/mys/ros2_humble/install/examples_rclpy_minimal_action_client:/home/mys/ros2_humble/install/examples_rclpy_guard_conditions:/home/mys/ros2_humble/install/examples_rclpy_executors:/home/mys/ros2_humble/install/demo_nodes_py:/home/mys/ros2_humble/install/action_tutorials_py:/home/mys/ros2_humble/install/ament_uncrustify:/home/mys/ros2_humble/install/tracetools_trace:/home/mys/ros2_humble/install/tracetools_read:/home/mys/ros2_humble/install/test_tracetools_launch:/home/mys/ros2_humble/install/test_launch_ros:/home/mys/ros2_humble/install/sensor_msgs_py:/home/mys/ros2_humble/install/rpyutils:/home/mys/ros2_humble/install/rosidl_runtime_py:/home/mys/ros2_humble/install/rosidl_cli:/home/mys/ros2_humble/install/launch_pytest:/home/mys/ros2_humble/install/launch_testing:/home/mys/ros2_humble/install/launch_yaml:/home/mys/ros2_humble/install/launch_xml:/home/mys/ros2_humble/install/launch:/home/mys/ros2_humble/install/osrf_pycommon:/home/mys/ros2_humble/install/launch_testing_examples:/home/mys/ros2_humble/install/domain_coordinator:/home/mys/ros2_humble/install/ament_xmllint:/home/mys/ros2_humble/install/ament_pyflakes:/home/mys/ros2_humble/install/ament_pycodestyle:/home/mys/ros2_humble/install/ament_pep257:/home/mys/ros2_humble/install/ament_pclint:/home/mys/ros2_humble/install/ament_package:/home/mys/ros2_humble/install/ament_mypy:/home/mys/ros2_humble/install/ament_lint_cmake:/home/mys/ros2_humble/install/ament_flake8:/home/mys/ros2_humble/install/ament_copyright:/home/mys/ros2_humble/install/ament_lint:/home/mys/ros2_humble/install/ament_index_python:/home/mys/ros2_humble/install/ament_cpplint:/home/mys/ros2_humble/install/ament_cppcheck:/home/mys/ros2_humble/install/ament_clang_tidy:/home/mys/ros2_humble/install/ament_clang_format /usr/bin/cmake --build /home/mys/ros2_ws/build/turtlesim -- -j12 -l12
[47.306s] Invoking command in '/home/mys/ros2_ws/build/turtlesim': CMAKE_PREFIX_PATH=${CMAKE_PREFIX_PATH}:/home/mys/ros2_humble/install/rqt_bag_plugins:/home/mys/ros2_humble/install/rqt_bag:/home/mys/ros2_humble/install/ros2bag:/home/mys/ros2_humble/install/tracetools_test:/home/mys/ros2_humble/install/tracetools_launch:/home/mys/ros2_humble/install/topic_monitor:/home/mys/ros2_humble/install/tf2_tools:/home/mys/ros2_humble/install/examples_tf2_py:/home/mys/ros2_humble/install/tf2_ros_py:/home/mys/ros2_humble/install/sros2:/home/mys/ros2_humble/install/rqt_topic:/home/mys/ros2_humble/install/rqt_srv:/home/mys/ros2_humble/install/rqt_shell:/home/mys/ros2_humble/install/rqt_service_caller:/home/mys/ros2_humble/install/rqt_reconfigure:/home/mys/ros2_humble/install/rqt_py_console:/home/mys/ros2_humble/install/rqt_publisher:/home/mys/ros2_humble/install/rqt_plot:/home/mys/ros2_humble/install/rqt_action:/home/mys/ros2_humble/install/rqt_msg:/home/mys/ros2_humble/install/rqt_console:/home/mys/ros2_humble/install/rqt:/home/mys/ros2_humble/install/rqt_graph:/home/mys/ros2_humble/install/rqt_gui_py:/home/mys/ros2_humble/install/rqt_gui:/home/mys/ros2_humble/install/ros2trace:/home/mys/ros2_humble/install/ros2topic:/home/mys/ros2_humble/install/ros2test:/home/mys/ros2_humble/install/ros2component:/home/mys/ros2_humble/install/ros2param:/home/mys/ros2_humble/install/ros2lifecycle:/home/mys/ros2_humble/install/ros2service:/home/mys/ros2_humble/install/ros2run:/home/mys/ros2_humble/install/ros2launch:/home/mys/ros2_humble/install/ros2pkg:/home/mys/ros2_humble/install/ros2node:/home/mys/ros2_humble/install/ros2multicast:/home/mys/ros2_humble/install/ros2interface:/home/mys/ros2_humble/install/ros2doctor:/home/mys/ros2_humble/install/ros2action:/home/mys/ros2_humble/install/ros2cli:/home/mys/ros2_humble/install/quality_of_service_demo_py:/home/mys/ros2_humble/install/lifecycle_py:/home/mys/ros2_humble/install/launch_testing_ros:/home/mys/ros2_humble/install/launch_ros:/home/mys/ros2_humble/install/examples_rclpy_pointcloud_publisher:/home/mys/ros2_humble/install/examples_rclpy_minimal_subscriber:/home/mys/ros2_humble/install/examples_rclpy_minimal_service:/home/mys/ros2_humble/install/examples_rclpy_minimal_publisher:/home/mys/ros2_humble/install/examples_rclpy_minimal_client:/home/mys/ros2_humble/install/examples_rclpy_minimal_action_server:/home/mys/ros2_humble/install/examples_rclpy_minimal_action_client:/home/mys/ros2_humble/install/examples_rclpy_guard_conditions:/home/mys/ros2_humble/install/examples_rclpy_executors:/home/mys/ros2_humble/install/demo_nodes_py:/home/mys/ros2_humble/install/action_tutorials_py:/home/mys/ros2_humble/install/ament_uncrustify:/home/mys/ros2_humble/install/tracetools_trace:/home/mys/ros2_humble/install/tracetools_read:/home/mys/ros2_humble/install/test_tracetools_launch:/home/mys/ros2_humble/install/test_launch_ros:/home/mys/ros2_humble/install/sensor_msgs_py:/home/mys/ros2_humble/install/rpyutils:/home/mys/ros2_humble/install/rosidl_runtime_py:/home/mys/ros2_humble/install/rosidl_cli:/home/mys/ros2_humble/install/launch_pytest:/home/mys/ros2_humble/install/launch_testing:/home/mys/ros2_humble/install/launch_yaml:/home/mys/ros2_humble/install/launch_xml:/home/mys/ros2_humble/install/launch:/home/mys/ros2_humble/install/osrf_pycommon:/home/mys/ros2_humble/install/launch_testing_examples:/home/mys/ros2_humble/install/domain_coordinator:/home/mys/ros2_humble/install/ament_xmllint:/home/mys/ros2_humble/install/ament_pyflakes:/home/mys/ros2_humble/install/ament_pycodestyle:/home/mys/ros2_humble/install/ament_pep257:/home/mys/ros2_humble/install/ament_pclint:/home/mys/ros2_humble/install/ament_package:/home/mys/ros2_humble/install/ament_mypy:/home/mys/ros2_humble/install/ament_lint_cmake:/home/mys/ros2_humble/install/ament_flake8:/home/mys/ros2_humble/install/ament_copyright:/home/mys/ros2_humble/install/ament_lint:/home/mys/ros2_humble/install/ament_index_python:/home/mys/ros2_humble/install/ament_cpplint:/home/mys/ros2_humble/install/ament_cppcheck:/home/mys/ros2_humble/install/ament_clang_tidy:/home/mys/ros2_humble/install/ament_clang_format /usr/bin/cmake --install /home/mys/ros2_ws/build/turtlesim
[47.329s] -- Install configuration: ""
[47.329s] -- Installing: /home/mys/ros2_ws/install/turtlesim/share/ament_index/resource_index/rosidl_interfaces/turtlesim
[47.329s] -- Installing: /home/mys/ros2_ws/install/turtlesim/include/turtlesim/turtlesim
[47.330s] -- Installing: /home/mys/ros2_ws/install/turtlesim/include/turtlesim/turtlesim/msg
[47.330s] -- Installing: /home/mys/ros2_ws/install/turtlesim/include/turtlesim/turtlesim/msg/color.h
[47.330s] -- Installing: /home/mys/ros2_ws/install/turtlesim/include/turtlesim/turtlesim/msg/rosidl_generator_c__visibility_control.h
[47.330s] -- Installing: /home/mys/ros2_ws/install/turtlesim/include/turtlesim/turtlesim/msg/detail
[47.330s] -- Installing: /home/mys/ros2_ws/install/turtlesim/include/turtlesim/turtlesim/msg/detail/color__struct.h
[47.330s] -- Installing: /home/mys/ros2_ws/install/turtlesim/include/turtlesim/turtlesim/msg/detail/pose__struct.h
[47.331s] -- Installing: /home/mys/ros2_ws/install/turtlesim/include/turtlesim/turtlesim/msg/detail/pose__functions.h
[47.331s] -- Installing: /home/mys/ros2_ws/install/turtlesim/include/turtlesim/turtlesim/msg/detail/color__functions.h
[47.331s] -- Installing: /home/mys/ros2_ws/install/turtlesim/include/turtlesim/turtlesim/msg/detail/pose__functions.c
[47.331s] -- Installing: /home/mys/ros2_ws/install/turtlesim/include/turtlesim/turtlesim/msg/detail/color__functions.c
[47.331s] -- Installing: /home/mys/ros2_ws/install/turtlesim/include/turtlesim/turtlesim/msg/detail/color__type_support.h
[47.331s] -- Installing: /home/mys/ros2_ws/install/turtlesim/include/turtlesim/turtlesim/msg/detail/pose__type_support.h
[47.331s] -- Installing: /home/mys/ros2_ws/install/turtlesim/include/turtlesim/turtlesim/msg/pose.h
[47.332s] -- Installing: /home/mys/ros2_ws/install/turtlesim/include/turtlesim/turtlesim/srv
[47.332s] -- Installing: /home/mys/ros2_ws/install/turtlesim/include/turtlesim/turtlesim/srv/teleport_absolute.h
[47.332s] -- Installing: /home/mys/ros2_ws/install/turtlesim/include/turtlesim/turtlesim/srv/set_pen.h
[47.332s] -- Installing: /home/mys/ros2_ws/install/turtlesim/include/turtlesim/turtlesim/srv/teleport_relative.h
[47.332s] -- Installing: /home/mys/ros2_ws/install/turtlesim/include/turtlesim/turtlesim/srv/detail
[47.333s] -- Installing: /home/mys/ros2_ws/install/turtlesim/include/turtlesim/turtlesim/srv/detail/teleport_relative__struct.h
[47.333s] -- Installing: /home/mys/ros2_ws/install/turtlesim/include/turtlesim/turtlesim/srv/detail/teleport_absolute__type_support.h
[47.333s] -- Installing: /home/mys/ros2_ws/install/turtlesim/include/turtlesim/turtlesim/srv/detail/set_pen__functions.h
[47.333s] -- Installing: /home/mys/ros2_ws/install/turtlesim/include/turtlesim/turtlesim/srv/detail/kill__type_support.h
[47.333s] -- Installing: /home/mys/ros2_ws/install/turtlesim/include/turtlesim/turtlesim/srv/detail/kill__struct.h
[47.334s] -- Installing: /home/mys/ros2_ws/install/turtlesim/include/turtlesim/turtlesim/srv/detail/spawn__type_support.h
[47.334s] -- Installing: /home/mys/ros2_ws/install/turtlesim/include/turtlesim/turtlesim/srv/detail/teleport_relative__type_support.h
[47.334s] -- Installing: /home/mys/ros2_ws/install/turtlesim/include/turtlesim/turtlesim/srv/detail/set_pen__functions.c
[47.334s] -- Installing: /home/mys/ros2_ws/install/turtlesim/include/turtlesim/turtlesim/srv/detail/teleport_absolute__functions.c
[47.334s] -- Installing: /home/mys/ros2_ws/install/turtlesim/include/turtlesim/turtlesim/srv/detail/set_pen__struct.h
[47.334s] -- Installing: /home/mys/ros2_ws/install/turtlesim/include/turtlesim/turtlesim/srv/detail/teleport_absolute__struct.h
[47.335s] -- Installing: /home/mys/ros2_ws/install/turtlesim/include/turtlesim/turtlesim/srv/detail/teleport_relative__functions.c
[47.335s] -- Installing: /home/mys/ros2_ws/install/turtlesim/include/turtlesim/turtlesim/srv/detail/spawn__functions.c
[47.335s] -- Installing: /home/mys/ros2_ws/install/turtlesim/include/turtlesim/turtlesim/srv/detail/teleport_absolute__functions.h
[47.335s] -- Installing: /home/mys/ros2_ws/install/turtlesim/include/turtlesim/turtlesim/srv/detail/spawn__struct.h
[47.335s] -- Installing: /home/mys/ros2_ws/install/turtlesim/include/turtlesim/turtlesim/srv/detail/spawn__functions.h
[47.335s] -- Installing: /home/mys/ros2_ws/install/turtlesim/include/turtlesim/turtlesim/srv/detail/kill__functions.c
[47.336s] -- Installing: /home/mys/ros2_ws/install/turtlesim/include/turtlesim/turtlesim/srv/detail/kill__functions.h
[47.336s] -- Installing: /home/mys/ros2_ws/install/turtlesim/include/turtlesim/turtlesim/srv/detail/set_pen__type_support.h
[47.336s] -- Installing: /home/mys/ros2_ws/install/turtlesim/include/turtlesim/turtlesim/srv/detail/teleport_relative__functions.h
[47.336s] -- Installing: /home/mys/ros2_ws/install/turtlesim/include/turtlesim/turtlesim/srv/spawn.h
[47.336s] -- Installing: /home/mys/ros2_ws/install/turtlesim/include/turtlesim/turtlesim/srv/kill.h
[47.337s] -- Installing: /home/mys/ros2_ws/install/turtlesim/include/turtlesim/turtlesim/action
[47.337s] -- Installing: /home/mys/ros2_ws/install/turtlesim/include/turtlesim/turtlesim/action/detail
[47.337s] -- Installing: /home/mys/ros2_ws/install/turtlesim/include/turtlesim/turtlesim/action/detail/rotate_absolute__functions.c
[47.337s] -- Installing: /home/mys/ros2_ws/install/turtlesim/include/turtlesim/turtlesim/action/detail/rotate_absolute__struct.h
[47.337s] -- Installing: /home/mys/ros2_ws/install/turtlesim/include/turtlesim/turtlesim/action/detail/rotate_absolute__functions.h
[47.337s] -- Installing: /home/mys/ros2_ws/install/turtlesim/include/turtlesim/turtlesim/action/detail/rotate_absolute__type_support.h
[47.338s] -- Installing: /home/mys/ros2_ws/install/turtlesim/include/turtlesim/turtlesim/action/rotate_absolute.h
[47.338s] -- Installing: /home/mys/ros2_ws/install/turtlesim/share/turtlesim/environment/library_path.sh
[47.338s] -- Installing: /home/mys/ros2_ws/install/turtlesim/share/turtlesim/environment/library_path.dsv
[47.338s] -- Installing: /home/mys/ros2_ws/install/turtlesim/lib/libturtlesim__rosidl_generator_c.so
[47.339s] -- Set runtime path of "/home/mys/ros2_ws/install/turtlesim/lib/libturtlesim__rosidl_generator_c.so" to ""
[47.339s] -- Up-to-date: /home/mys/ros2_ws/install/turtlesim/include/turtlesim/turtlesim
[47.339s] -- Up-to-date: /home/mys/ros2_ws/install/turtlesim/include/turtlesim/turtlesim/msg
[47.339s] -- Installing: /home/mys/ros2_ws/install/turtlesim/include/turtlesim/turtlesim/msg/rosidl_typesupport_fastrtps_c__visibility_control.h
[47.339s] -- Up-to-date: /home/mys/ros2_ws/install/turtlesim/include/turtlesim/turtlesim/msg/detail
[47.339s] -- Installing: /home/mys/ros2_ws/install/turtlesim/include/turtlesim/turtlesim/msg/detail/pose__rosidl_typesupport_fastrtps_c.h
[47.339s] -- Installing: /home/mys/ros2_ws/install/turtlesim/include/turtlesim/turtlesim/msg/detail/color__rosidl_typesupport_fastrtps_c.h
[47.339s] -- Up-to-date: /home/mys/ros2_ws/install/turtlesim/include/turtlesim/turtlesim/srv
[47.339s] -- Up-to-date: /home/mys/ros2_ws/install/turtlesim/include/turtlesim/turtlesim/srv/detail
[47.339s] -- Installing: /home/mys/ros2_ws/install/turtlesim/include/turtlesim/turtlesim/srv/detail/spawn__rosidl_typesupport_fastrtps_c.h
[47.339s] -- Installing: /home/mys/ros2_ws/install/turtlesim/include/turtlesim/turtlesim/srv/detail/teleport_absolute__rosidl_typesupport_fastrtps_c.h
[47.339s] -- Installing: /home/mys/ros2_ws/install/turtlesim/include/turtlesim/turtlesim/srv/detail/kill__rosidl_typesupport_fastrtps_c.h
[47.339s] -- Installing: /home/mys/ros2_ws/install/turtlesim/include/turtlesim/turtlesim/srv/detail/teleport_relative__rosidl_typesupport_fastrtps_c.h
[47.339s] -- Installing: /home/mys/ros2_ws/install/turtlesim/include/turtlesim/turtlesim/srv/detail/set_pen__rosidl_typesupport_fastrtps_c.h
[47.340s] -- Up-to-date: /home/mys/ros2_ws/install/turtlesim/include/turtlesim/turtlesim/action
[47.340s] -- Up-to-date: /home/mys/ros2_ws/install/turtlesim/include/turtlesim/turtlesim/action/detail
[47.340s] -- Installing: /home/mys/ros2_ws/install/turtlesim/include/turtlesim/turtlesim/action/detail/rotate_absolute__rosidl_typesupport_fastrtps_c.h
[47.340s] -- Installing: /home/mys/ros2_ws/install/turtlesim/lib/libturtlesim__rosidl_typesupport_fastrtps_c.so
[47.340s] -- Set runtime path of "/home/mys/ros2_ws/install/turtlesim/lib/libturtlesim__rosidl_typesupport_fastrtps_c.so" to ""
[47.340s] -- Up-to-date: /home/mys/ros2_ws/install/turtlesim/include/turtlesim/turtlesim
[47.340s] -- Up-to-date: /home/mys/ros2_ws/install/turtlesim/include/turtlesim/turtlesim/msg
[47.340s] -- Installing: /home/mys/ros2_ws/install/turtlesim/include/turtlesim/turtlesim/msg/pose.hpp
[47.340s] -- Up-to-date: /home/mys/ros2_ws/install/turtlesim/include/turtlesim/turtlesim/msg/detail
[47.340s] -- Installing: /home/mys/ros2_ws/install/turtlesim/include/turtlesim/turtlesim/msg/detail/pose__struct.hpp
[47.340s] -- Installing: /home/mys/ros2_ws/install/turtlesim/include/turtlesim/turtlesim/msg/detail/color__builder.hpp
[47.340s] -- Installing: /home/mys/ros2_ws/install/turtlesim/include/turtlesim/turtlesim/msg/detail/color__struct.hpp
[47.340s] -- Installing: /home/mys/ros2_ws/install/turtlesim/include/turtlesim/turtlesim/msg/detail/pose__builder.hpp
[47.340s] -- Installing: /home/mys/ros2_ws/install/turtlesim/include/turtlesim/turtlesim/msg/detail/color__traits.hpp
[47.340s] -- Installing: /home/mys/ros2_ws/install/turtlesim/include/turtlesim/turtlesim/msg/detail/pose__traits.hpp
[47.341s] -- Installing: /home/mys/ros2_ws/install/turtlesim/include/turtlesim/turtlesim/msg/color.hpp
[47.341s] -- Up-to-date: /home/mys/ros2_ws/install/turtlesim/include/turtlesim/turtlesim/srv
[47.341s] -- Installing: /home/mys/ros2_ws/install/turtlesim/include/turtlesim/turtlesim/srv/spawn.hpp
[47.341s] -- Installing: /home/mys/ros2_ws/install/turtlesim/include/turtlesim/turtlesim/srv/teleport_relative.hpp
[47.341s] -- Up-to-date: /home/mys/ros2_ws/install/turtlesim/include/turtlesim/turtlesim/srv/detail
[47.341s] -- Installing: /home/mys/ros2_ws/install/turtlesim/include/turtlesim/turtlesim/srv/detail/teleport_absolute__traits.hpp
[47.341s] -- Installing: /home/mys/ros2_ws/install/turtlesim/include/turtlesim/turtlesim/srv/detail/set_pen__traits.hpp
[47.341s] -- Installing: /home/mys/ros2_ws/install/turtlesim/include/turtlesim/turtlesim/srv/detail/set_pen__builder.hpp
[47.341s] -- Installing: /home/mys/ros2_ws/install/turtlesim/include/turtlesim/turtlesim/srv/detail/kill__builder.hpp
[47.341s] -- Installing: /home/mys/ros2_ws/install/turtlesim/include/turtlesim/turtlesim/srv/detail/kill__struct.hpp
[47.341s] -- Installing: /home/mys/ros2_ws/install/turtlesim/include/turtlesim/turtlesim/srv/detail/teleport_absolute__builder.hpp
[47.341s] -- Installing: /home/mys/ros2_ws/install/turtlesim/include/turtlesim/turtlesim/srv/detail/spawn__builder.hpp
[47.341s] -- Installing: /home/mys/ros2_ws/install/turtlesim/include/turtlesim/turtlesim/srv/detail/kill__traits.hpp
[47.341s] -- Installing: /home/mys/ros2_ws/install/turtlesim/include/turtlesim/turtlesim/srv/detail/teleport_relative__builder.hpp
[47.342s] -- Installing: /home/mys/ros2_ws/install/turtlesim/include/turtlesim/turtlesim/srv/detail/spawn__struct.hpp
[47.342s] -- Installing: /home/mys/ros2_ws/install/turtlesim/include/turtlesim/turtlesim/srv/detail/teleport_absolute__struct.hpp
[47.342s] -- Installing: /home/mys/ros2_ws/install/turtlesim/include/turtlesim/turtlesim/srv/detail/teleport_relative__traits.hpp
[47.342s] -- Installing: /home/mys/ros2_ws/install/turtlesim/include/turtlesim/turtlesim/srv/detail/set_pen__struct.hpp
[47.342s] -- Installing: /home/mys/ros2_ws/install/turtlesim/include/turtlesim/turtlesim/srv/detail/spawn__traits.hpp
[47.342s] -- Installing: /home/mys/ros2_ws/install/turtlesim/include/turtlesim/turtlesim/srv/detail/teleport_relative__struct.hpp
[47.342s] -- Installing: /home/mys/ros2_ws/install/turtlesim/include/turtlesim/turtlesim/srv/set_pen.hpp
[47.342s] -- Installing: /home/mys/ros2_ws/install/turtlesim/include/turtlesim/turtlesim/srv/teleport_absolute.hpp
[47.342s] -- Installing: /home/mys/ros2_ws/install/turtlesim/include/turtlesim/turtlesim/srv/kill.hpp
[47.342s] -- Up-to-date: /home/mys/ros2_ws/install/turtlesim/include/turtlesim/turtlesim/action
[47.342s] -- Up-to-date: /home/mys/ros2_ws/install/turtlesim/include/turtlesim/turtlesim/action/detail
[47.342s] -- Installing: /home/mys/ros2_ws/install/turtlesim/include/turtlesim/turtlesim/action/detail/rotate_absolute__struct.hpp
[47.342s] -- Installing: /home/mys/ros2_ws/install/turtlesim/include/turtlesim/turtlesim/action/detail/rotate_absolute__traits.hpp
[47.342s] -- Installing: /home/mys/ros2_ws/install/turtlesim/include/turtlesim/turtlesim/action/detail/rotate_absolute__builder.hpp
[47.342s] -- Installing: /home/mys/ros2_ws/install/turtlesim/include/turtlesim/turtlesim/action/rotate_absolute.hpp
[47.343s] -- Up-to-date: /home/mys/ros2_ws/install/turtlesim/include/turtlesim/turtlesim
[47.343s] -- Up-to-date: /home/mys/ros2_ws/install/turtlesim/include/turtlesim/turtlesim/msg
[47.343s] -- Installing: /home/mys/ros2_ws/install/turtlesim/include/turtlesim/turtlesim/msg/rosidl_typesupport_fastrtps_cpp__visibility_control.h
[47.343s] -- Up-to-date: /home/mys/ros2_ws/install/turtlesim/include/turtlesim/turtlesim/msg/detail
[47.343s] -- Installing: /home/mys/ros2_ws/install/turtlesim/include/turtlesim/turtlesim/msg/detail/color__rosidl_typesupport_fastrtps_cpp.hpp
[47.343s] -- Installing: /home/mys/ros2_ws/install/turtlesim/include/turtlesim/turtlesim/msg/detail/dds_fastrtps
[47.343s] -- Installing: /home/mys/ros2_ws/install/turtlesim/include/turtlesim/turtlesim/msg/detail/pose__rosidl_typesupport_fastrtps_cpp.hpp
[47.343s] -- Up-to-date: /home/mys/ros2_ws/install/turtlesim/include/turtlesim/turtlesim/srv
[47.343s] -- Up-to-date: /home/mys/ros2_ws/install/turtlesim/include/turtlesim/turtlesim/srv/detail
[47.343s] -- Installing: /home/mys/ros2_ws/install/turtlesim/include/turtlesim/turtlesim/srv/detail/kill__rosidl_typesupport_fastrtps_cpp.hpp
[47.343s] -- Installing: /home/mys/ros2_ws/install/turtlesim/include/turtlesim/turtlesim/srv/detail/dds_fastrtps
[47.343s] -- Installing: /home/mys/ros2_ws/install/turtlesim/include/turtlesim/turtlesim/srv/detail/teleport_absolute__rosidl_typesupport_fastrtps_cpp.hpp
[47.343s] -- Installing: /home/mys/ros2_ws/install/turtlesim/include/turtlesim/turtlesim/srv/detail/spawn__rosidl_typesupport_fastrtps_cpp.hpp
[47.343s] -- Installing: /home/mys/ros2_ws/install/turtlesim/include/turtlesim/turtlesim/srv/detail/set_pen__rosidl_typesupport_fastrtps_cpp.hpp
[47.344s] -- Installing: /home/mys/ros2_ws/install/turtlesim/include/turtlesim/turtlesim/srv/detail/teleport_relative__rosidl_typesupport_fastrtps_cpp.hpp
[47.344s] -- Up-to-date: /home/mys/ros2_ws/install/turtlesim/include/turtlesim/turtlesim/action
[47.344s] -- Up-to-date: /home/mys/ros2_ws/install/turtlesim/include/turtlesim/turtlesim/action/detail
[47.344s] -- Installing: /home/mys/ros2_ws/install/turtlesim/include/turtlesim/turtlesim/action/detail/dds_fastrtps
[47.344s] -- Installing: /home/mys/ros2_ws/install/turtlesim/include/turtlesim/turtlesim/action/detail/rotate_absolute__rosidl_typesupport_fastrtps_cpp.hpp
[47.344s] -- Installing: /home/mys/ros2_ws/install/turtlesim/lib/libturtlesim__rosidl_typesupport_fastrtps_cpp.so
[47.344s] -- Set runtime path of "/home/mys/ros2_ws/install/turtlesim/lib/libturtlesim__rosidl_typesupport_fastrtps_cpp.so" to ""
[47.344s] -- Up-to-date: /home/mys/ros2_ws/install/turtlesim/include/turtlesim/turtlesim
[47.344s] -- Up-to-date: /home/mys/ros2_ws/install/turtlesim/include/turtlesim/turtlesim/msg
[47.344s] -- Installing: /home/mys/ros2_ws/install/turtlesim/include/turtlesim/turtlesim/msg/rosidl_typesupport_introspection_c__visibility_control.h
[47.344s] -- Up-to-date: /home/mys/ros2_ws/install/turtlesim/include/turtlesim/turtlesim/msg/detail
[47.344s] -- Installing: /home/mys/ros2_ws/install/turtlesim/include/turtlesim/turtlesim/msg/detail/pose__type_support.c
[47.344s] -- Installing: /home/mys/ros2_ws/install/turtlesim/include/turtlesim/turtlesim/msg/detail/pose__rosidl_typesupport_introspection_c.h
[47.344s] -- Installing: /home/mys/ros2_ws/install/turtlesim/include/turtlesim/turtlesim/msg/detail/color__rosidl_typesupport_introspection_c.h
[47.345s] -- Installing: /home/mys/ros2_ws/install/turtlesim/include/turtlesim/turtlesim/msg/detail/color__type_support.c
[47.345s] -- Up-to-date: /home/mys/ros2_ws/install/turtlesim/include/turtlesim/turtlesim/srv
[47.345s] -- Up-to-date: /home/mys/ros2_ws/install/turtlesim/include/turtlesim/turtlesim/srv/detail
[47.345s] -- Installing: /home/mys/ros2_ws/install/turtlesim/include/turtlesim/turtlesim/srv/detail/set_pen__rosidl_typesupport_introspection_c.h
[47.345s] -- Installing: /home/mys/ros2_ws/install/turtlesim/include/turtlesim/turtlesim/srv/detail/set_pen__type_support.c
[47.345s] -- Installing: /home/mys/ros2_ws/install/turtlesim/include/turtlesim/turtlesim/srv/detail/teleport_relative__type_support.c
[47.345s] -- Installing: /home/mys/ros2_ws/install/turtlesim/include/turtlesim/turtlesim/srv/detail/kill__type_support.c
[47.345s] -- Installing: /home/mys/ros2_ws/install/turtlesim/include/turtlesim/turtlesim/srv/detail/spawn__rosidl_typesupport_introspection_c.h
[47.345s] -- Installing: /home/mys/ros2_ws/install/turtlesim/include/turtlesim/turtlesim/srv/detail/teleport_absolute__rosidl_typesupport_introspection_c.h
[47.345s] -- Installing: /home/mys/ros2_ws/install/turtlesim/include/turtlesim/turtlesim/srv/detail/kill__rosidl_typesupport_introspection_c.h
[47.345s] -- Installing: /home/mys/ros2_ws/install/turtlesim/include/turtlesim/turtlesim/srv/detail/teleport_relative__rosidl_typesupport_introspection_c.h
[47.345s] -- Installing: /home/mys/ros2_ws/install/turtlesim/include/turtlesim/turtlesim/srv/detail/spawn__type_support.c
[47.345s] -- Installing: /home/mys/ros2_ws/install/turtlesim/include/turtlesim/turtlesim/srv/detail/teleport_absolute__type_support.c
[47.345s] -- Up-to-date: /home/mys/ros2_ws/install/turtlesim/include/turtlesim/turtlesim/action
[47.345s] -- Up-to-date: /home/mys/ros2_ws/install/turtlesim/include/turtlesim/turtlesim/action/detail
[47.345s] -- Installing: /home/mys/ros2_ws/install/turtlesim/include/turtlesim/turtlesim/action/detail/rotate_absolute__type_support.c
[47.346s] -- Installing: /home/mys/ros2_ws/install/turtlesim/include/turtlesim/turtlesim/action/detail/rotate_absolute__rosidl_typesupport_introspection_c.h
[47.346s] -- Installing: /home/mys/ros2_ws/install/turtlesim/lib/libturtlesim__rosidl_typesupport_introspection_c.so
[47.346s] -- Set runtime path of "/home/mys/ros2_ws/install/turtlesim/lib/libturtlesim__rosidl_typesupport_introspection_c.so" to ""
[47.346s] -- Installing: /home/mys/ros2_ws/install/turtlesim/lib/libturtlesim__rosidl_typesupport_c.so
[47.346s] -- Set runtime path of "/home/mys/ros2_ws/install/turtlesim/lib/libturtlesim__rosidl_typesupport_c.so" to ""
[47.346s] -- Up-to-date: /home/mys/ros2_ws/install/turtlesim/include/turtlesim/turtlesim
[47.346s] -- Up-to-date: /home/mys/ros2_ws/install/turtlesim/include/turtlesim/turtlesim/msg
[47.346s] -- Up-to-date: /home/mys/ros2_ws/install/turtlesim/include/turtlesim/turtlesim/msg/detail
[47.346s] -- Installing: /home/mys/ros2_ws/install/turtlesim/include/turtlesim/turtlesim/msg/detail/color__type_support.cpp
[47.346s] -- Installing: /home/mys/ros2_ws/install/turtlesim/include/turtlesim/turtlesim/msg/detail/color__rosidl_typesupport_introspection_cpp.hpp
[47.346s] -- Installing: /home/mys/ros2_ws/install/turtlesim/include/turtlesim/turtlesim/msg/detail/pose__rosidl_typesupport_introspection_cpp.hpp
[47.346s] -- Installing: /home/mys/ros2_ws/install/turtlesim/include/turtlesim/turtlesim/msg/detail/pose__type_support.cpp
[47.346s] -- Up-to-date: /home/mys/ros2_ws/install/turtlesim/include/turtlesim/turtlesim/srv
[47.346s] -- Up-to-date: /home/mys/ros2_ws/install/turtlesim/include/turtlesim/turtlesim/srv/detail
[47.346s] -- Installing: /home/mys/ros2_ws/install/turtlesim/include/turtlesim/turtlesim/srv/detail/kill__rosidl_typesupport_introspection_cpp.hpp
[47.347s] -- Installing: /home/mys/ros2_ws/install/turtlesim/include/turtlesim/turtlesim/srv/detail/teleport_relative__rosidl_typesupport_introspection_cpp.hpp
[47.347s] -- Installing: /home/mys/ros2_ws/install/turtlesim/include/turtlesim/turtlesim/srv/detail/teleport_absolute__type_support.cpp
[47.347s] -- Installing: /home/mys/ros2_ws/install/turtlesim/include/turtlesim/turtlesim/srv/detail/set_pen__rosidl_typesupport_introspection_cpp.hpp
[47.347s] -- Installing: /home/mys/ros2_ws/install/turtlesim/include/turtlesim/turtlesim/srv/detail/spawn__type_support.cpp
[47.347s] -- Installing: /home/mys/ros2_ws/install/turtlesim/include/turtlesim/turtlesim/srv/detail/kill__type_support.cpp
[47.347s] -- Installing: /home/mys/ros2_ws/install/turtlesim/include/turtlesim/turtlesim/srv/detail/teleport_absolute__rosidl_typesupport_introspection_cpp.hpp
[47.347s] -- Installing: /home/mys/ros2_ws/install/turtlesim/include/turtlesim/turtlesim/srv/detail/set_pen__type_support.cpp
[47.347s] -- Installing: /home/mys/ros2_ws/install/turtlesim/include/turtlesim/turtlesim/srv/detail/teleport_relative__type_support.cpp
[47.347s] -- Installing: /home/mys/ros2_ws/install/turtlesim/include/turtlesim/turtlesim/srv/detail/spawn__rosidl_typesupport_introspection_cpp.hpp
[47.347s] -- Up-to-date: /home/mys/ros2_ws/install/turtlesim/include/turtlesim/turtlesim/action
[47.347s] -- Up-to-date: /home/mys/ros2_ws/install/turtlesim/include/turtlesim/turtlesim/action/detail
[47.347s] -- Installing: /home/mys/ros2_ws/install/turtlesim/include/turtlesim/turtlesim/action/detail/rotate_absolute__rosidl_typesupport_introspection_cpp.hpp
[47.347s] -- Installing: /home/mys/ros2_ws/install/turtlesim/include/turtlesim/turtlesim/action/detail/rotate_absolute__type_support.cpp
[47.347s] -- Installing: /home/mys/ros2_ws/install/turtlesim/lib/libturtlesim__rosidl_typesupport_introspection_cpp.so
[47.347s] -- Set runtime path of "/home/mys/ros2_ws/install/turtlesim/lib/libturtlesim__rosidl_typesupport_introspection_cpp.so" to ""
[47.347s] -- Installing: /home/mys/ros2_ws/install/turtlesim/lib/libturtlesim__rosidl_typesupport_cpp.so
[47.348s] -- Set runtime path of "/home/mys/ros2_ws/install/turtlesim/lib/libturtlesim__rosidl_typesupport_cpp.so" to ""
[47.348s] -- Installing: /home/mys/ros2_ws/install/turtlesim/share/turtlesim/environment/pythonpath.sh
[47.348s] -- Installing: /home/mys/ros2_ws/install/turtlesim/share/turtlesim/environment/pythonpath.dsv
[47.348s] -- Installing: /home/mys/ros2_ws/install/turtlesim/lib/python3.8/site-packages/turtlesim-1.4.1-py3.8.egg-info
[47.348s] -- Installing: /home/mys/ros2_ws/install/turtlesim/lib/python3.8/site-packages/turtlesim-1.4.1-py3.8.egg-info/top_level.txt
[47.348s] -- Installing: /home/mys/ros2_ws/install/turtlesim/lib/python3.8/site-packages/turtlesim-1.4.1-py3.8.egg-info/SOURCES.txt
[47.348s] -- Installing: /home/mys/ros2_ws/install/turtlesim/lib/python3.8/site-packages/turtlesim-1.4.1-py3.8.egg-info/PKG-INFO
[47.348s] -- Installing: /home/mys/ros2_ws/install/turtlesim/lib/python3.8/site-packages/turtlesim-1.4.1-py3.8.egg-info/dependency_links.txt
[47.348s] -- Installing: /home/mys/ros2_ws/install/turtlesim/lib/python3.8/site-packages/turtlesim
[47.348s] -- Installing: /home/mys/ros2_ws/install/turtlesim/lib/python3.8/site-packages/turtlesim/turtlesim_s__rosidl_typesupport_fastrtps_c.cpython-38-x86_64-linux-gnu.so
[47.348s] -- Installing: /home/mys/ros2_ws/install/turtlesim/lib/python3.8/site-packages/turtlesim/_turtlesim_s.ep.rosidl_typesupport_introspection_c.c
[47.348s] -- Installing: /home/mys/ros2_ws/install/turtlesim/lib/python3.8/site-packages/turtlesim/turtlesim_s__rosidl_typesupport_c.cpython-38-x86_64-linux-gnu.so
[47.348s] -- Installing: /home/mys/ros2_ws/install/turtlesim/lib/python3.8/site-packages/turtlesim/msg
[47.348s] -- Installing: /home/mys/ros2_ws/install/turtlesim/lib/python3.8/site-packages/turtlesim/msg/_color_s.c
[47.348s] -- Installing: /home/mys/ros2_ws/install/turtlesim/lib/python3.8/site-packages/turtlesim/msg/_pose_s.c
[47.349s] -- Installing: /home/mys/ros2_ws/install/turtlesim/lib/python3.8/site-packages/turtlesim/msg/_pose.py
[47.349s] -- Installing: /home/mys/ros2_ws/install/turtlesim/lib/python3.8/site-packages/turtlesim/msg/_color.py
[47.349s] -- Installing: /home/mys/ros2_ws/install/turtlesim/lib/python3.8/site-packages/turtlesim/msg/__init__.py
[47.349s] -- Installing: /home/mys/ros2_ws/install/turtlesim/lib/python3.8/site-packages/turtlesim/turtlesim_s__rosidl_typesupport_introspection_c.cpython-38-x86_64-linux-gnu.so
[47.349s] -- Installing: /home/mys/ros2_ws/install/turtlesim/lib/python3.8/site-packages/turtlesim/libturtlesim__rosidl_generator_py.so
[47.349s] -- Installing: /home/mys/ros2_ws/install/turtlesim/lib/python3.8/site-packages/turtlesim/_turtlesim_s.ep.rosidl_typesupport_c.c
[47.349s] -- Installing: /home/mys/ros2_ws/install/turtlesim/lib/python3.8/site-packages/turtlesim/srv
[47.349s] -- Installing: /home/mys/ros2_ws/install/turtlesim/lib/python3.8/site-packages/turtlesim/srv/_spawn_s.c
[47.349s] -- Installing: /home/mys/ros2_ws/install/turtlesim/lib/python3.8/site-packages/turtlesim/srv/_teleport_relative_s.c
[47.349s] -- Installing: /home/mys/ros2_ws/install/turtlesim/lib/python3.8/site-packages/turtlesim/srv/_set_pen.py
[47.349s] -- Installing: /home/mys/ros2_ws/install/turtlesim/lib/python3.8/site-packages/turtlesim/srv/_spawn.py
[47.349s] -- Installing: /home/mys/ros2_ws/install/turtlesim/lib/python3.8/site-packages/turtlesim/srv/_kill.py
[47.349s] -- Installing: /home/mys/ros2_ws/install/turtlesim/lib/python3.8/site-packages/turtlesim/srv/_teleport_absolute.py
[47.349s] -- Installing: /home/mys/ros2_ws/install/turtlesim/lib/python3.8/site-packages/turtlesim/srv/_set_pen_s.c
[47.350s] -- Installing: /home/mys/ros2_ws/install/turtlesim/lib/python3.8/site-packages/turtlesim/srv/_teleport_absolute_s.c
[47.350s] -- Installing: /home/mys/ros2_ws/install/turtlesim/lib/python3.8/site-packages/turtlesim/srv/_teleport_relative.py
[47.350s] -- Installing: /home/mys/ros2_ws/install/turtlesim/lib/python3.8/site-packages/turtlesim/srv/__init__.py
[47.350s] -- Installing: /home/mys/ros2_ws/install/turtlesim/lib/python3.8/site-packages/turtlesim/srv/_kill_s.c
[47.350s] -- Installing: /home/mys/ros2_ws/install/turtlesim/lib/python3.8/site-packages/turtlesim/action
[47.350s] -- Installing: /home/mys/ros2_ws/install/turtlesim/lib/python3.8/site-packages/turtlesim/action/_rotate_absolute_s.c
[47.350s] -- Installing: /home/mys/ros2_ws/install/turtlesim/lib/python3.8/site-packages/turtlesim/action/_rotate_absolute.py
[47.350s] -- Installing: /home/mys/ros2_ws/install/turtlesim/lib/python3.8/site-packages/turtlesim/action/__init__.py
[47.350s] -- Installing: /home/mys/ros2_ws/install/turtlesim/lib/python3.8/site-packages/turtlesim/_turtlesim_s.ep.rosidl_typesupport_fastrtps_c.c
[47.350s] -- Installing: /home/mys/ros2_ws/install/turtlesim/lib/python3.8/site-packages/turtlesim/__init__.py
[47.755s] Listing '/home/mys/ros2_ws/install/turtlesim/lib/python3.8/site-packages/turtlesim'...
[47.755s] Compiling '/home/mys/ros2_ws/install/turtlesim/lib/python3.8/site-packages/turtlesim/__init__.py'...
[47.755s] Listing '/home/mys/ros2_ws/install/turtlesim/lib/python3.8/site-packages/turtlesim/action'...
[47.756s] Compiling '/home/mys/ros2_ws/install/turtlesim/lib/python3.8/site-packages/turtlesim/action/__init__.py'...
[47.756s] Compiling '/home/mys/ros2_ws/install/turtlesim/lib/python3.8/site-packages/turtlesim/action/_rotate_absolute.py'...
[47.756s] Listing '/home/mys/ros2_ws/install/turtlesim/lib/python3.8/site-packages/turtlesim/msg'...
[47.756s] Compiling '/home/mys/ros2_ws/install/turtlesim/lib/python3.8/site-packages/turtlesim/msg/__init__.py'...
[47.756s] Compiling '/home/mys/ros2_ws/install/turtlesim/lib/python3.8/site-packages/turtlesim/msg/_color.py'...
[47.756s] Compiling '/home/mys/ros2_ws/install/turtlesim/lib/python3.8/site-packages/turtlesim/msg/_pose.py'...
[47.756s] Listing '/home/mys/ros2_ws/install/turtlesim/lib/python3.8/site-packages/turtlesim/srv'...
[47.757s] Compiling '/home/mys/ros2_ws/install/turtlesim/lib/python3.8/site-packages/turtlesim/srv/__init__.py'...
[47.757s] Compiling '/home/mys/ros2_ws/install/turtlesim/lib/python3.8/site-packages/turtlesim/srv/_kill.py'...
[47.757s] Compiling '/home/mys/ros2_ws/install/turtlesim/lib/python3.8/site-packages/turtlesim/srv/_set_pen.py'...
[47.757s] Compiling '/home/mys/ros2_ws/install/turtlesim/lib/python3.8/site-packages/turtlesim/srv/_spawn.py'...
[47.757s] Compiling '/home/mys/ros2_ws/install/turtlesim/lib/python3.8/site-packages/turtlesim/srv/_teleport_absolute.py'...
[47.757s] Compiling '/home/mys/ros2_ws/install/turtlesim/lib/python3.8/site-packages/turtlesim/srv/_teleport_relative.py'...
[47.760s] -- Installing: /home/mys/ros2_ws/install/turtlesim/lib/python3.8/site-packages/turtlesim/turtlesim_s__rosidl_typesupport_introspection_c.cpython-38-x86_64-linux-gnu.so
[47.760s] -- Set runtime path of "/home/mys/ros2_ws/install/turtlesim/lib/python3.8/site-packages/turtlesim/turtlesim_s__rosidl_typesupport_introspection_c.cpython-38-x86_64-linux-gnu.so" to ""
[47.761s] -- Installing: /home/mys/ros2_ws/install/turtlesim/lib/python3.8/site-packages/turtlesim/turtlesim_s__rosidl_typesupport_fastrtps_c.cpython-38-x86_64-linux-gnu.so
[47.762s] -- Set runtime path of "/home/mys/ros2_ws/install/turtlesim/lib/python3.8/site-packages/turtlesim/turtlesim_s__rosidl_typesupport_fastrtps_c.cpython-38-x86_64-linux-gnu.so" to ""
[47.763s] -- Installing: /home/mys/ros2_ws/install/turtlesim/lib/python3.8/site-packages/turtlesim/turtlesim_s__rosidl_typesupport_c.cpython-38-x86_64-linux-gnu.so
[47.764s] -- Set runtime path of "/home/mys/ros2_ws/install/turtlesim/lib/python3.8/site-packages/turtlesim/turtlesim_s__rosidl_typesupport_c.cpython-38-x86_64-linux-gnu.so" to ""
[47.764s] -- Installing: /home/mys/ros2_ws/install/turtlesim/lib/libturtlesim__rosidl_generator_py.so
[47.765s] -- Set runtime path of "/home/mys/ros2_ws/install/turtlesim/lib/libturtlesim__rosidl_generator_py.so" to ""
[47.765s] -- Installing: /home/mys/ros2_ws/install/turtlesim/share/turtlesim/action/RotateAbsolute.idl
[47.765s] -- Installing: /home/mys/ros2_ws/install/turtlesim/share/turtlesim/msg/Color.idl
[47.766s] -- Installing: /home/mys/ros2_ws/install/turtlesim/share/turtlesim/msg/Pose.idl
[47.766s] -- Installing: /home/mys/ros2_ws/install/turtlesim/share/turtlesim/srv/Kill.idl
[47.766s] -- Installing: /home/mys/ros2_ws/install/turtlesim/share/turtlesim/srv/SetPen.idl
[47.766s] -- Installing: /home/mys/ros2_ws/install/turtlesim/share/turtlesim/srv/Spawn.idl
[47.767s] -- Installing: /home/mys/ros2_ws/install/turtlesim/share/turtlesim/srv/TeleportAbsolute.idl
[47.767s] -- Installing: /home/mys/ros2_ws/install/turtlesim/share/turtlesim/srv/TeleportRelative.idl
[47.767s] -- Installing: /home/mys/ros2_ws/install/turtlesim/share/turtlesim/action/RotateAbsolute.action
[47.767s] -- Installing: /home/mys/ros2_ws/install/turtlesim/share/turtlesim/msg/Color.msg
[47.768s] -- Installing: /home/mys/ros2_ws/install/turtlesim/share/turtlesim/msg/Pose.msg
[47.768s] -- Installing: /home/mys/ros2_ws/install/turtlesim/share/turtlesim/srv/Kill.srv
[47.768s] -- Installing: /home/mys/ros2_ws/install/turtlesim/share/turtlesim/srv/Kill_Request.msg
[47.768s] -- Installing: /home/mys/ros2_ws/install/turtlesim/share/turtlesim/srv/Kill_Response.msg
[47.769s] -- Installing: /home/mys/ros2_ws/install/turtlesim/share/turtlesim/srv/SetPen.srv
[47.769s] -- Installing: /home/mys/ros2_ws/install/turtlesim/share/turtlesim/srv/SetPen_Request.msg
[47.769s] -- Installing: /home/mys/ros2_ws/install/turtlesim/share/turtlesim/srv/SetPen_Response.msg
[47.770s] -- Installing: /home/mys/ros2_ws/install/turtlesim/share/turtlesim/srv/Spawn.srv
[47.770s] -- Installing: /home/mys/ros2_ws/install/turtlesim/share/turtlesim/srv/Spawn_Request.msg
[47.770s] -- Installing: /home/mys/ros2_ws/install/turtlesim/share/turtlesim/srv/Spawn_Response.msg
[47.770s] -- Installing: /home/mys/ros2_ws/install/turtlesim/share/turtlesim/srv/TeleportAbsolute.srv
[47.771s] -- Installing: /home/mys/ros2_ws/install/turtlesim/share/turtlesim/srv/TeleportAbsolute_Request.msg
[47.771s] -- Installing: /home/mys/ros2_ws/install/turtlesim/share/turtlesim/srv/TeleportAbsolute_Response.msg
[47.771s] -- Installing: /home/mys/ros2_ws/install/turtlesim/share/turtlesim/srv/TeleportRelative.srv
[47.771s] -- Installing: /home/mys/ros2_ws/install/turtlesim/share/turtlesim/srv/TeleportRelative_Request.msg
[47.771s] -- Installing: /home/mys/ros2_ws/install/turtlesim/share/turtlesim/srv/TeleportRelative_Response.msg
[47.772s] -- Installing: /home/mys/ros2_ws/install/turtlesim/lib/turtlesim/turtlesim_node
[47.782s] -- Set runtime path of "/home/mys/ros2_ws/install/turtlesim/lib/turtlesim/turtlesim_node" to ""
[47.782s] -- Installing: /home/mys/ros2_ws/install/turtlesim/lib/turtlesim/turtle_teleop_key
[47.784s] -- Set runtime path of "/home/mys/ros2_ws/install/turtlesim/lib/turtlesim/turtle_teleop_key" to ""
[47.784s] -- Installing: /home/mys/ros2_ws/install/turtlesim/lib/turtlesim/draw_square
[47.788s] -- Set runtime path of "/home/mys/ros2_ws/install/turtlesim/lib/turtlesim/draw_square" to ""
[47.788s] -- Installing: /home/mys/ros2_ws/install/turtlesim/lib/turtlesim/mimic
[47.792s] -- Set runtime path of "/home/mys/ros2_ws/install/turtlesim/lib/turtlesim/mimic" to ""
[47.792s] -- Installing: /home/mys/ros2_ws/install/turtlesim/share/turtlesim/images
[47.792s] -- Installing: /home/mys/ros2_ws/install/turtlesim/share/turtlesim/images/humble.png
[47.792s] -- Installing: /home/mys/ros2_ws/install/turtlesim/share/turtlesim/images/crystal.png
[47.793s] -- Installing: /home/mys/ros2_ws/install/turtlesim/share/turtlesim/images/rolling.png
[47.793s] -- Installing: /home/mys/ros2_ws/install/turtlesim/share/turtlesim/images/dashing.png
[47.793s] -- Installing: /home/mys/ros2_ws/install/turtlesim/share/turtlesim/images/eloquent.png
[47.793s] -- Installing: /home/mys/ros2_ws/install/turtlesim/share/turtlesim/images/bouncy.png
[47.794s] -- Installing: /home/mys/ros2_ws/install/turtlesim/share/turtlesim/images/galactic.png
[47.794s] -- Installing: /home/mys/ros2_ws/install/turtlesim/share/turtlesim/images/ardent.png
[47.794s] -- Installing: /home/mys/ros2_ws/install/turtlesim/share/turtlesim/images/foxy.png
[47.794s] -- Installing: /home/mys/ros2_ws/install/turtlesim/share/turtlesim/launch
[47.794s] -- Installing: /home/mys/ros2_ws/install/turtlesim/share/turtlesim/launch/multisim.launch.py
[47.795s] -- Installing: /home/mys/ros2_ws/install/turtlesim/share/ament_index/resource_index/package_run_dependencies/turtlesim
[47.795s] -- Installing: /home/mys/ros2_ws/install/turtlesim/share/ament_index/resource_index/parent_prefix_path/turtlesim
[47.795s] -- Installing: /home/mys/ros2_ws/install/turtlesim/share/turtlesim/environment/ament_prefix_path.sh
[47.795s] -- Installing: /home/mys/ros2_ws/install/turtlesim/share/turtlesim/environment/ament_prefix_path.dsv
[47.795s] -- Installing: /home/mys/ros2_ws/install/turtlesim/share/turtlesim/environment/path.sh
[47.796s] -- Installing: /home/mys/ros2_ws/install/turtlesim/share/turtlesim/environment/path.dsv
[47.796s] -- Installing: /home/mys/ros2_ws/install/turtlesim/share/turtlesim/local_setup.bash
[47.796s] -- Installing: /home/mys/ros2_ws/install/turtlesim/share/turtlesim/local_setup.sh
[47.796s] -- Installing: /home/mys/ros2_ws/install/turtlesim/share/turtlesim/local_setup.zsh
[47.796s] -- Installing: /home/mys/ros2_ws/install/turtlesim/share/turtlesim/local_setup.dsv
[47.796s] -- Installing: /home/mys/ros2_ws/install/turtlesim/share/turtlesim/package.dsv
[47.796s] -- Installing: /home/mys/ros2_ws/install/turtlesim/share/ament_index/resource_index/packages/turtlesim
[47.797s] -- Installing: /home/mys/ros2_ws/install/turtlesim/share/turtlesim/cmake/export_turtlesim__rosidl_generator_cExport.cmake
[47.797s] -- Installing: /home/mys/ros2_ws/install/turtlesim/share/turtlesim/cmake/export_turtlesim__rosidl_generator_cExport-noconfig.cmake
[47.797s] -- Installing: /home/mys/ros2_ws/install/turtlesim/share/turtlesim/cmake/export_turtlesim__rosidl_typesupport_fastrtps_cExport.cmake
[47.797s] -- Installing: /home/mys/ros2_ws/install/turtlesim/share/turtlesim/cmake/export_turtlesim__rosidl_typesupport_fastrtps_cExport-noconfig.cmake
[47.797s] -- Installing: /home/mys/ros2_ws/install/turtlesim/share/turtlesim/cmake/export_turtlesim__rosidl_generator_cppExport.cmake
[47.797s] -- Installing: /home/mys/ros2_ws/install/turtlesim/share/turtlesim/cmake/export_turtlesim__rosidl_typesupport_fastrtps_cppExport.cmake
[47.798s] -- Installing: /home/mys/ros2_ws/install/turtlesim/share/turtlesim/cmake/export_turtlesim__rosidl_typesupport_fastrtps_cppExport-noconfig.cmake
[47.798s] -- Installing: /home/mys/ros2_ws/install/turtlesim/share/turtlesim/cmake/turtlesim__rosidl_typesupport_introspection_cExport.cmake
[47.798s] -- Installing: /home/mys/ros2_ws/install/turtlesim/share/turtlesim/cmake/turtlesim__rosidl_typesupport_introspection_cExport-noconfig.cmake
[47.798s] -- Installing: /home/mys/ros2_ws/install/turtlesim/share/turtlesim/cmake/turtlesim__rosidl_typesupport_cExport.cmake
[47.798s] -- Installing: /home/mys/ros2_ws/install/turtlesim/share/turtlesim/cmake/turtlesim__rosidl_typesupport_cExport-noconfig.cmake
[47.798s] -- Installing: /home/mys/ros2_ws/install/turtlesim/share/turtlesim/cmake/turtlesim__rosidl_typesupport_introspection_cppExport.cmake
[47.798s] -- Installing: /home/mys/ros2_ws/install/turtlesim/share/turtlesim/cmake/turtlesim__rosidl_typesupport_introspection_cppExport-noconfig.cmake
[47.799s] -- Installing: /home/mys/ros2_ws/install/turtlesim/share/turtlesim/cmake/turtlesim__rosidl_typesupport_cppExport.cmake
[47.799s] -- Installing: /home/mys/ros2_ws/install/turtlesim/share/turtlesim/cmake/turtlesim__rosidl_typesupport_cppExport-noconfig.cmake
[47.799s] -- Installing: /home/mys/ros2_ws/install/turtlesim/share/turtlesim/cmake/export_turtlesim__rosidl_generator_pyExport.cmake
[47.799s] -- Installing: /home/mys/ros2_ws/install/turtlesim/share/turtlesim/cmake/export_turtlesim__rosidl_generator_pyExport-noconfig.cmake
[47.799s] -- Installing: /home/mys/ros2_ws/install/turtlesim/share/turtlesim/cmake/rosidl_cmake-extras.cmake
[47.799s] -- Installing: /home/mys/ros2_ws/install/turtlesim/share/turtlesim/cmake/ament_cmake_export_dependencies-extras.cmake
[47.799s] -- Installing: /home/mys/ros2_ws/install/turtlesim/share/turtlesim/cmake/ament_cmake_export_include_directories-extras.cmake
[47.800s] -- Installing: /home/mys/ros2_ws/install/turtlesim/share/turtlesim/cmake/ament_cmake_export_libraries-extras.cmake
[47.800s] -- Installing: /home/mys/ros2_ws/install/turtlesim/share/turtlesim/cmake/ament_cmake_export_targets-extras.cmake
[47.800s] -- Installing: /home/mys/ros2_ws/install/turtlesim/share/turtlesim/cmake/rosidl_cmake_export_typesupport_targets-extras.cmake
[47.800s] -- Installing: /home/mys/ros2_ws/install/turtlesim/share/turtlesim/cmake/rosidl_cmake_export_typesupport_libraries-extras.cmake
[47.800s] -- Installing: /home/mys/ros2_ws/install/turtlesim/share/turtlesim/cmake/turtlesimConfig.cmake
[47.800s] -- Installing: /home/mys/ros2_ws/install/turtlesim/share/turtlesim/cmake/turtlesimConfig-version.cmake
[47.800s] -- Installing: /home/mys/ros2_ws/install/turtlesim/share/turtlesim/package.xml
[47.803s] Invoked command in '/home/mys/ros2_ws/build/turtlesim' returned '0': CMAKE_PREFIX_PATH=${CMAKE_PREFIX_PATH}:/home/mys/ros2_humble/install/rqt_bag_plugins:/home/mys/ros2_humble/install/rqt_bag:/home/mys/ros2_humble/install/ros2bag:/home/mys/ros2_humble/install/tracetools_test:/home/mys/ros2_humble/install/tracetools_launch:/home/mys/ros2_humble/install/topic_monitor:/home/mys/ros2_humble/install/tf2_tools:/home/mys/ros2_humble/install/examples_tf2_py:/home/mys/ros2_humble/install/tf2_ros_py:/home/mys/ros2_humble/install/sros2:/home/mys/ros2_humble/install/rqt_topic:/home/mys/ros2_humble/install/rqt_srv:/home/mys/ros2_humble/install/rqt_shell:/home/mys/ros2_humble/install/rqt_service_caller:/home/mys/ros2_humble/install/rqt_reconfigure:/home/mys/ros2_humble/install/rqt_py_console:/home/mys/ros2_humble/install/rqt_publisher:/home/mys/ros2_humble/install/rqt_plot:/home/mys/ros2_humble/install/rqt_action:/home/mys/ros2_humble/install/rqt_msg:/home/mys/ros2_humble/install/rqt_console:/home/mys/ros2_humble/install/rqt:/home/mys/ros2_humble/install/rqt_graph:/home/mys/ros2_humble/install/rqt_gui_py:/home/mys/ros2_humble/install/rqt_gui:/home/mys/ros2_humble/install/ros2trace:/home/mys/ros2_humble/install/ros2topic:/home/mys/ros2_humble/install/ros2test:/home/mys/ros2_humble/install/ros2component:/home/mys/ros2_humble/install/ros2param:/home/mys/ros2_humble/install/ros2lifecycle:/home/mys/ros2_humble/install/ros2service:/home/mys/ros2_humble/install/ros2run:/home/mys/ros2_humble/install/ros2launch:/home/mys/ros2_humble/install/ros2pkg:/home/mys/ros2_humble/install/ros2node:/home/mys/ros2_humble/install/ros2multicast:/home/mys/ros2_humble/install/ros2interface:/home/mys/ros2_humble/install/ros2doctor:/home/mys/ros2_humble/install/ros2action:/home/mys/ros2_humble/install/ros2cli:/home/mys/ros2_humble/install/quality_of_service_demo_py:/home/mys/ros2_humble/install/lifecycle_py:/home/mys/ros2_humble/install/launch_testing_ros:/home/mys/ros2_humble/install/launch_ros:/home/mys/ros2_humble/install/examples_rclpy_pointcloud_publisher:/home/mys/ros2_humble/install/examples_rclpy_minimal_subscriber:/home/mys/ros2_humble/install/examples_rclpy_minimal_service:/home/mys/ros2_humble/install/examples_rclpy_minimal_publisher:/home/mys/ros2_humble/install/examples_rclpy_minimal_client:/home/mys/ros2_humble/install/examples_rclpy_minimal_action_server:/home/mys/ros2_humble/install/examples_rclpy_minimal_action_client:/home/mys/ros2_humble/install/examples_rclpy_guard_conditions:/home/mys/ros2_humble/install/examples_rclpy_executors:/home/mys/ros2_humble/install/demo_nodes_py:/home/mys/ros2_humble/install/action_tutorials_py:/home/mys/ros2_humble/install/ament_uncrustify:/home/mys/ros2_humble/install/tracetools_trace:/home/mys/ros2_humble/install/tracetools_read:/home/mys/ros2_humble/install/test_tracetools_launch:/home/mys/ros2_humble/install/test_launch_ros:/home/mys/ros2_humble/install/sensor_msgs_py:/home/mys/ros2_humble/install/rpyutils:/home/mys/ros2_humble/install/rosidl_runtime_py:/home/mys/ros2_humble/install/rosidl_cli:/home/mys/ros2_humble/install/launch_pytest:/home/mys/ros2_humble/install/launch_testing:/home/mys/ros2_humble/install/launch_yaml:/home/mys/ros2_humble/install/launch_xml:/home/mys/ros2_humble/install/launch:/home/mys/ros2_humble/install/osrf_pycommon:/home/mys/ros2_humble/install/launch_testing_examples:/home/mys/ros2_humble/install/domain_coordinator:/home/mys/ros2_humble/install/ament_xmllint:/home/mys/ros2_humble/install/ament_pyflakes:/home/mys/ros2_humble/install/ament_pycodestyle:/home/mys/ros2_humble/install/ament_pep257:/home/mys/ros2_humble/install/ament_pclint:/home/mys/ros2_humble/install/ament_package:/home/mys/ros2_humble/install/ament_mypy:/home/mys/ros2_humble/install/ament_lint_cmake:/home/mys/ros2_humble/install/ament_flake8:/home/mys/ros2_humble/install/ament_copyright:/home/mys/ros2_humble/install/ament_lint:/home/mys/ros2_humble/install/ament_index_python:/home/mys/ros2_humble/install/ament_cpplint:/home/mys/ros2_humble/install/ament_cppcheck:/home/mys/ros2_humble/install/ament_clang_tidy:/home/mys/ros2_humble/install/ament_clang_format /usr/bin/cmake --install /home/mys/ros2_ws/build/turtlesim
