[0.045s] Invoking command in '/home/mys/ros2_ws/L/beginner_tutorials/build/beginner_tutorials': CMAKE_PREFIX_PATH=${CMAKE_PREFIX_PATH}:/home/mys/ros2_humble/install/rqt_bag_plugins:/home/mys/ros2_humble/install/rqt_bag:/home/mys/ros2_humble/install/ros2bag:/home/mys/ros2_humble/install/tracetools_test:/home/mys/ros2_humble/install/tracetools_launch:/home/mys/ros2_humble/install/topic_monitor:/home/mys/ros2_humble/install/tf2_tools:/home/mys/ros2_humble/install/examples_tf2_py:/home/mys/ros2_humble/install/tf2_ros_py:/home/mys/ros2_humble/install/sros2:/home/mys/ros2_humble/install/rqt_topic:/home/mys/ros2_humble/install/rqt_srv:/home/mys/ros2_humble/install/rqt_shell:/home/mys/ros2_humble/install/rqt_service_caller:/home/mys/ros2_humble/install/rqt_reconfigure:/home/mys/ros2_humble/install/rqt_py_console:/home/mys/ros2_humble/install/rqt_publisher:/home/mys/ros2_humble/install/rqt_plot:/home/mys/ros2_humble/install/rqt_action:/home/mys/ros2_humble/install/rqt_msg:/home/mys/ros2_humble/install/rqt_console:/home/mys/ros2_humble/install/rqt:/home/mys/ros2_humble/install/rqt_graph:/home/mys/ros2_humble/install/rqt_gui_py:/home/mys/ros2_humble/install/rqt_gui:/home/mys/ros2_humble/install/ros2trace:/home/mys/ros2_humble/install/ros2topic:/home/mys/ros2_humble/install/ros2test:/home/mys/ros2_humble/install/ros2component:/home/mys/ros2_humble/install/ros2param:/home/mys/ros2_humble/install/ros2lifecycle:/home/mys/ros2_humble/install/ros2service:/home/mys/ros2_humble/install/ros2run:/home/mys/ros2_humble/install/ros2launch:/home/mys/ros2_humble/install/ros2pkg:/home/mys/ros2_humble/install/ros2node:/home/mys/ros2_humble/install/ros2multicast:/home/mys/ros2_humble/install/ros2interface:/home/mys/ros2_humble/install/ros2doctor:/home/mys/ros2_humble/install/ros2action:/home/mys/ros2_humble/install/ros2cli:/home/mys/ros2_humble/install/quality_of_service_demo_py:/home/mys/ros2_humble/install/lifecycle_py:/home/mys/ros2_humble/install/launch_testing_ros:/home/mys/ros2_humble/install/launch_ros:/home/mys/ros2_humble/install/examples_rclpy_pointcloud_publisher:/home/mys/ros2_humble/install/examples_rclpy_minimal_subscriber:/home/mys/ros2_humble/install/examples_rclpy_minimal_service:/home/mys/ros2_humble/install/examples_rclpy_minimal_publisher:/home/mys/ros2_humble/install/examples_rclpy_minimal_client:/home/mys/ros2_humble/install/examples_rclpy_minimal_action_server:/home/mys/ros2_humble/install/examples_rclpy_minimal_action_client:/home/mys/ros2_humble/install/examples_rclpy_guard_conditions:/home/mys/ros2_humble/install/examples_rclpy_executors:/home/mys/ros2_humble/install/demo_nodes_py:/home/mys/ros2_humble/install/action_tutorials_py:/home/mys/ros2_humble/install/ament_uncrustify:/home/mys/ros2_humble/install/tracetools_trace:/home/mys/ros2_humble/install/tracetools_read:/home/mys/ros2_humble/install/test_tracetools_launch:/home/mys/ros2_humble/install/test_launch_ros:/home/mys/ros2_humble/install/sensor_msgs_py:/home/mys/ros2_humble/install/rpyutils:/home/mys/ros2_humble/install/rosidl_runtime_py:/home/mys/ros2_humble/install/rosidl_cli:/home/mys/ros2_humble/install/launch_pytest:/home/mys/ros2_humble/install/launch_testing:/home/mys/ros2_humble/install/launch_yaml:/home/mys/ros2_humble/install/launch_xml:/home/mys/ros2_humble/install/launch:/home/mys/ros2_humble/install/osrf_pycommon:/home/mys/ros2_humble/install/launch_testing_examples:/home/mys/ros2_humble/install/domain_coordinator:/home/mys/ros2_humble/install/ament_xmllint:/home/mys/ros2_humble/install/ament_pyflakes:/home/mys/ros2_humble/install/ament_pycodestyle:/home/mys/ros2_humble/install/ament_pep257:/home/mys/ros2_humble/install/ament_pclint:/home/mys/ros2_humble/install/ament_package:/home/mys/ros2_humble/install/ament_mypy:/home/mys/ros2_humble/install/ament_lint_cmake:/home/mys/ros2_humble/install/ament_flake8:/home/mys/ros2_humble/install/ament_copyright:/home/mys/ros2_humble/install/ament_lint:/home/mys/ros2_humble/install/ament_index_python:/home/mys/ros2_humble/install/ament_cpplint:/home/mys/ros2_humble/install/ament_cppcheck:/home/mys/ros2_humble/install/ament_clang_tidy:/home/mys/ros2_humble/install/ament_clang_format /usr/bin/cmake /home/mys/ros2_ws/L/beginner_tutorials -DCMAKE_INSTALL_PREFIX=/home/mys/ros2_ws/L/beginner_tutorials/install/beginner_tutorials
[0.244s] -- The C compiler identification is GNU 9.4.0
[0.413s] -- The CXX compiler identification is GNU 9.4.0
[0.435s] -- Check for working C compiler: /usr/bin/cc
[0.593s] -- Check for working C compiler: /usr/bin/cc -- works
[0.595s] -- Detecting C compiler ABI info
[0.764s] -- Detecting C compiler ABI info - done
[0.786s] -- Detecting C compile features
[0.786s] -- Detecting C compile features - done
[0.791s] -- Check for working CXX compiler: /usr/bin/c++
[0.967s] -- Check for working CXX compiler: /usr/bin/c++ -- works
[0.968s] -- Detecting CXX compiler ABI info
[1.117s] -- Detecting CXX compiler ABI info - done
[1.134s] -- Detecting CXX compile features
[1.134s] -- Detecting CXX compile features - done
[1.155s] -- Found ament_cmake: 1.3.3 (/home/mys/ros2_humble/install/ament_cmake/share/ament_cmake/cmake)
[3.394s] -- Found Python3: /usr/bin/python3.8 (found version "3.8.10") found components: Interpreter 
[4.054s] -- Found rclcpp: 16.0.2 (/home/mys/ros2_humble/install/rclcpp/share/rclcpp/cmake)
[4.230s] -- Found rosidl_generator_c: 3.1.4 (/home/mys/ros2_humble/install/rosidl_generator_c/share/rosidl_generator_c/cmake)
[4.259s] -- Found rosidl_adapter: 3.1.4 (/home/mys/ros2_humble/install/rosidl_adapter/share/rosidl_adapter/cmake)
[4.287s] -- Found rosidl_generator_cpp: 3.1.4 (/home/mys/ros2_humble/install/rosidl_generator_cpp/share/rosidl_generator_cpp/cmake)
[4.356s] -- Using all available rosidl_typesupport_c: rosidl_typesupport_introspection_c;rosidl_typesupport_fastrtps_c
[4.433s] -- Using all available rosidl_typesupport_cpp: rosidl_typesupport_introspection_cpp;rosidl_typesupport_fastrtps_cpp
[4.628s] -- Found rmw_implementation_cmake: 6.1.1 (/home/mys/ros2_humble/install/rmw_implementation_cmake/share/rmw_implementation_cmake/cmake)
[4.664s] -- Found rmw_fastrtps_cpp: 6.2.2 (/home/mys/ros2_humble/install/rmw_fastrtps_cpp/share/rmw_fastrtps_cpp/cmake)
[5.041s] -- Found OpenSSL: /usr/lib/x86_64-linux-gnu/libcrypto.so (found version "1.1.1f")  
[5.105s] -- Found FastRTPS: /home/mys/ros2_humble/install/fastrtps/include  
[5.235s] -- Using RMW implementation 'rmw_fastrtps_cpp' as default
[5.287s] -- Looking for pthread.h
[5.426s] -- Looking for pthread.h - found
[5.426s] -- Performing Test CMAKE_HAVE_LIBC_PTHREAD
[5.596s] -- Performing Test CMAKE_HAVE_LIBC_PTHREAD - Failed
[5.597s] -- Looking for pthread_create in pthreads
[5.743s] -- Looking for pthread_create in pthreads - not found
[5.743s] -- Looking for pthread_create in pthread
[5.892s] -- Looking for pthread_create in pthread - found
[5.895s] -- Found Threads: TRUE  
[6.126s] -- Found rosidl_default_generators: 1.2.0 (/home/mys/ros2_humble/install/rosidl_default_generators/share/rosidl_default_generators/cmake)
[10.023s] -- Found ament_cmake_ros: 0.10.0 (/home/mys/ros2_humble/install/ament_cmake_ros/share/ament_cmake_ros/cmake)
[17.305s] -- Using all available rosidl_typesupport_c: rosidl_typesupport_introspection_c;rosidl_typesupport_fastrtps_c
[20.193s] -- Using all available rosidl_typesupport_cpp: rosidl_typesupport_introspection_cpp;rosidl_typesupport_fastrtps_cpp
[20.562s] -- Found PythonInterp: /usr/bin/python3 (found suitable version "3.8.10", minimum required is "3.6") 
[20.584s] -- Found python_cmake_module: 0.10.0 (/home/mys/ros2_humble/install/python_cmake_module/share/python_cmake_module/cmake)
[20.964s] -- Found PythonLibs: /usr/lib/x86_64-linux-gnu/libpython3.8.so (found suitable version "3.8.10", minimum required is "3.5") 
[20.965s] -- Using PYTHON_EXECUTABLE: /usr/bin/python3
[20.965s] -- Using PYTHON_INCLUDE_DIRS: /usr/include/python3.8
[20.965s] -- Using PYTHON_LIBRARIES: /usr/lib/x86_64-linux-gnu/libpython3.8.so
[21.326s] -- Found PythonExtra: .so  
[22.005s] -- Configuring done
[22.042s] -- Generating done
[22.045s] -- Build files have been written to: /home/mys/ros2_ws/L/beginner_tutorials/build/beginner_tutorials
[22.056s] Invoked command in '/home/mys/ros2_ws/L/beginner_tutorials/build/beginner_tutorials' returned '0': CMAKE_PREFIX_PATH=${CMAKE_PREFIX_PATH}:/home/mys/ros2_humble/install/rqt_bag_plugins:/home/mys/ros2_humble/install/rqt_bag:/home/mys/ros2_humble/install/ros2bag:/home/mys/ros2_humble/install/tracetools_test:/home/mys/ros2_humble/install/tracetools_launch:/home/mys/ros2_humble/install/topic_monitor:/home/mys/ros2_humble/install/tf2_tools:/home/mys/ros2_humble/install/examples_tf2_py:/home/mys/ros2_humble/install/tf2_ros_py:/home/mys/ros2_humble/install/sros2:/home/mys/ros2_humble/install/rqt_topic:/home/mys/ros2_humble/install/rqt_srv:/home/mys/ros2_humble/install/rqt_shell:/home/mys/ros2_humble/install/rqt_service_caller:/home/mys/ros2_humble/install/rqt_reconfigure:/home/mys/ros2_humble/install/rqt_py_console:/home/mys/ros2_humble/install/rqt_publisher:/home/mys/ros2_humble/install/rqt_plot:/home/mys/ros2_humble/install/rqt_action:/home/mys/ros2_humble/install/rqt_msg:/home/mys/ros2_humble/install/rqt_console:/home/mys/ros2_humble/install/rqt:/home/mys/ros2_humble/install/rqt_graph:/home/mys/ros2_humble/install/rqt_gui_py:/home/mys/ros2_humble/install/rqt_gui:/home/mys/ros2_humble/install/ros2trace:/home/mys/ros2_humble/install/ros2topic:/home/mys/ros2_humble/install/ros2test:/home/mys/ros2_humble/install/ros2component:/home/mys/ros2_humble/install/ros2param:/home/mys/ros2_humble/install/ros2lifecycle:/home/mys/ros2_humble/install/ros2service:/home/mys/ros2_humble/install/ros2run:/home/mys/ros2_humble/install/ros2launch:/home/mys/ros2_humble/install/ros2pkg:/home/mys/ros2_humble/install/ros2node:/home/mys/ros2_humble/install/ros2multicast:/home/mys/ros2_humble/install/ros2interface:/home/mys/ros2_humble/install/ros2doctor:/home/mys/ros2_humble/install/ros2action:/home/mys/ros2_humble/install/ros2cli:/home/mys/ros2_humble/install/quality_of_service_demo_py:/home/mys/ros2_humble/install/lifecycle_py:/home/mys/ros2_humble/install/launch_testing_ros:/home/mys/ros2_humble/install/launch_ros:/home/mys/ros2_humble/install/examples_rclpy_pointcloud_publisher:/home/mys/ros2_humble/install/examples_rclpy_minimal_subscriber:/home/mys/ros2_humble/install/examples_rclpy_minimal_service:/home/mys/ros2_humble/install/examples_rclpy_minimal_publisher:/home/mys/ros2_humble/install/examples_rclpy_minimal_client:/home/mys/ros2_humble/install/examples_rclpy_minimal_action_server:/home/mys/ros2_humble/install/examples_rclpy_minimal_action_client:/home/mys/ros2_humble/install/examples_rclpy_guard_conditions:/home/mys/ros2_humble/install/examples_rclpy_executors:/home/mys/ros2_humble/install/demo_nodes_py:/home/mys/ros2_humble/install/action_tutorials_py:/home/mys/ros2_humble/install/ament_uncrustify:/home/mys/ros2_humble/install/tracetools_trace:/home/mys/ros2_humble/install/tracetools_read:/home/mys/ros2_humble/install/test_tracetools_launch:/home/mys/ros2_humble/install/test_launch_ros:/home/mys/ros2_humble/install/sensor_msgs_py:/home/mys/ros2_humble/install/rpyutils:/home/mys/ros2_humble/install/rosidl_runtime_py:/home/mys/ros2_humble/install/rosidl_cli:/home/mys/ros2_humble/install/launch_pytest:/home/mys/ros2_humble/install/launch_testing:/home/mys/ros2_humble/install/launch_yaml:/home/mys/ros2_humble/install/launch_xml:/home/mys/ros2_humble/install/launch:/home/mys/ros2_humble/install/osrf_pycommon:/home/mys/ros2_humble/install/launch_testing_examples:/home/mys/ros2_humble/install/domain_coordinator:/home/mys/ros2_humble/install/ament_xmllint:/home/mys/ros2_humble/install/ament_pyflakes:/home/mys/ros2_humble/install/ament_pycodestyle:/home/mys/ros2_humble/install/ament_pep257:/home/mys/ros2_humble/install/ament_pclint:/home/mys/ros2_humble/install/ament_package:/home/mys/ros2_humble/install/ament_mypy:/home/mys/ros2_humble/install/ament_lint_cmake:/home/mys/ros2_humble/install/ament_flake8:/home/mys/ros2_humble/install/ament_copyright:/home/mys/ros2_humble/install/ament_lint:/home/mys/ros2_humble/install/ament_index_python:/home/mys/ros2_humble/install/ament_cpplint:/home/mys/ros2_humble/install/ament_cppcheck:/home/mys/ros2_humble/install/ament_clang_tidy:/home/mys/ros2_humble/install/ament_clang_format /usr/bin/cmake /home/mys/ros2_ws/L/beginner_tutorials -DCMAKE_INSTALL_PREFIX=/home/mys/ros2_ws/L/beginner_tutorials/install/beginner_tutorials
[22.061s] Invoking command in '/home/mys/ros2_ws/L/beginner_tutorials/build/beginner_tutorials': CMAKE_PREFIX_PATH=${CMAKE_PREFIX_PATH}:/home/mys/ros2_humble/install/rqt_bag_plugins:/home/mys/ros2_humble/install/rqt_bag:/home/mys/ros2_humble/install/ros2bag:/home/mys/ros2_humble/install/tracetools_test:/home/mys/ros2_humble/install/tracetools_launch:/home/mys/ros2_humble/install/topic_monitor:/home/mys/ros2_humble/install/tf2_tools:/home/mys/ros2_humble/install/examples_tf2_py:/home/mys/ros2_humble/install/tf2_ros_py:/home/mys/ros2_humble/install/sros2:/home/mys/ros2_humble/install/rqt_topic:/home/mys/ros2_humble/install/rqt_srv:/home/mys/ros2_humble/install/rqt_shell:/home/mys/ros2_humble/install/rqt_service_caller:/home/mys/ros2_humble/install/rqt_reconfigure:/home/mys/ros2_humble/install/rqt_py_console:/home/mys/ros2_humble/install/rqt_publisher:/home/mys/ros2_humble/install/rqt_plot:/home/mys/ros2_humble/install/rqt_action:/home/mys/ros2_humble/install/rqt_msg:/home/mys/ros2_humble/install/rqt_console:/home/mys/ros2_humble/install/rqt:/home/mys/ros2_humble/install/rqt_graph:/home/mys/ros2_humble/install/rqt_gui_py:/home/mys/ros2_humble/install/rqt_gui:/home/mys/ros2_humble/install/ros2trace:/home/mys/ros2_humble/install/ros2topic:/home/mys/ros2_humble/install/ros2test:/home/mys/ros2_humble/install/ros2component:/home/mys/ros2_humble/install/ros2param:/home/mys/ros2_humble/install/ros2lifecycle:/home/mys/ros2_humble/install/ros2service:/home/mys/ros2_humble/install/ros2run:/home/mys/ros2_humble/install/ros2launch:/home/mys/ros2_humble/install/ros2pkg:/home/mys/ros2_humble/install/ros2node:/home/mys/ros2_humble/install/ros2multicast:/home/mys/ros2_humble/install/ros2interface:/home/mys/ros2_humble/install/ros2doctor:/home/mys/ros2_humble/install/ros2action:/home/mys/ros2_humble/install/ros2cli:/home/mys/ros2_humble/install/quality_of_service_demo_py:/home/mys/ros2_humble/install/lifecycle_py:/home/mys/ros2_humble/install/launch_testing_ros:/home/mys/ros2_humble/install/launch_ros:/home/mys/ros2_humble/install/examples_rclpy_pointcloud_publisher:/home/mys/ros2_humble/install/examples_rclpy_minimal_subscriber:/home/mys/ros2_humble/install/examples_rclpy_minimal_service:/home/mys/ros2_humble/install/examples_rclpy_minimal_publisher:/home/mys/ros2_humble/install/examples_rclpy_minimal_client:/home/mys/ros2_humble/install/examples_rclpy_minimal_action_server:/home/mys/ros2_humble/install/examples_rclpy_minimal_action_client:/home/mys/ros2_humble/install/examples_rclpy_guard_conditions:/home/mys/ros2_humble/install/examples_rclpy_executors:/home/mys/ros2_humble/install/demo_nodes_py:/home/mys/ros2_humble/install/action_tutorials_py:/home/mys/ros2_humble/install/ament_uncrustify:/home/mys/ros2_humble/install/tracetools_trace:/home/mys/ros2_humble/install/tracetools_read:/home/mys/ros2_humble/install/test_tracetools_launch:/home/mys/ros2_humble/install/test_launch_ros:/home/mys/ros2_humble/install/sensor_msgs_py:/home/mys/ros2_humble/install/rpyutils:/home/mys/ros2_humble/install/rosidl_runtime_py:/home/mys/ros2_humble/install/rosidl_cli:/home/mys/ros2_humble/install/launch_pytest:/home/mys/ros2_humble/install/launch_testing:/home/mys/ros2_humble/install/launch_yaml:/home/mys/ros2_humble/install/launch_xml:/home/mys/ros2_humble/install/launch:/home/mys/ros2_humble/install/osrf_pycommon:/home/mys/ros2_humble/install/launch_testing_examples:/home/mys/ros2_humble/install/domain_coordinator:/home/mys/ros2_humble/install/ament_xmllint:/home/mys/ros2_humble/install/ament_pyflakes:/home/mys/ros2_humble/install/ament_pycodestyle:/home/mys/ros2_humble/install/ament_pep257:/home/mys/ros2_humble/install/ament_pclint:/home/mys/ros2_humble/install/ament_package:/home/mys/ros2_humble/install/ament_mypy:/home/mys/ros2_humble/install/ament_lint_cmake:/home/mys/ros2_humble/install/ament_flake8:/home/mys/ros2_humble/install/ament_copyright:/home/mys/ros2_humble/install/ament_lint:/home/mys/ros2_humble/install/ament_index_python:/home/mys/ros2_humble/install/ament_cpplint:/home/mys/ros2_humble/install/ament_cppcheck:/home/mys/ros2_humble/install/ament_clang_tidy:/home/mys/ros2_humble/install/ament_clang_format /usr/bin/cmake --build /home/mys/ros2_ws/L/beginner_tutorials/build/beginner_tutorials -- -j12 -l12
[22.159s] [  2%] [34m[1mGenerating C code for ROS interfaces[0m
[22.160s] [35m[1mScanning dependencies of target beginner_tutorials__cpp[0m
[22.163s] [35m[1mScanning dependencies of target listener[0m
[22.165s] [35m[1mScanning dependencies of target ament_cmake_python_copy_beginner_tutorials[0m
[22.186s] [  5%] [34m[1mGenerating C++ code for ROS interfaces[0m
[22.206s] [  5%] Built target ament_cmake_python_copy_beginner_tutorials
[22.236s] [35m[1mScanning dependencies of target ament_cmake_python_build_beginner_tutorials_egg[0m
[22.279s] [  8%] [32mBuilding CXX object CMakeFiles/listener.dir/src/subscriber_member_function.cpp.o[0m
[22.829s] [  8%] Built target beginner_tutorials__cpp
[22.845s] [35m[1mScanning dependencies of target beginner_tutorials__rosidl_generator_c[0m
[22.853s] [ 11%] [34m[1mGenerating C++ introspection for ROS interfaces[0m
[22.856s] [ 14%] [34m[1mGenerating C++ type support for eProsima Fast-RTPS[0m
[22.863s] [ 17%] [34m[1mGenerating C++ type support dispatch for ROS interfaces[0m
[22.870s] [ 20%] [32mBuilding C object CMakeFiles/beginner_tutorials__rosidl_generator_c.dir/rosidl_generator_c/beginner_tutorials/srv/detail/update_message__functions.c.o[0m
[22.929s] running egg_info
[22.929s] creating beginner_tutorials.egg-info
[22.930s] writing beginner_tutorials.egg-info/PKG-INFO
[22.930s] writing dependency_links to beginner_tutorials.egg-info/dependency_links.txt
[22.930s] writing top-level names to beginner_tutorials.egg-info/top_level.txt
[22.930s] writing manifest file 'beginner_tutorials.egg-info/SOURCES.txt'
[22.955s] [ 22%] [32m[1mLinking C shared library libbeginner_tutorials__rosidl_generator_c.so[0m
[22.970s] reading manifest file 'beginner_tutorials.egg-info/SOURCES.txt'
[22.971s] writing manifest file 'beginner_tutorials.egg-info/SOURCES.txt'
[23.013s] [ 22%] Built target ament_cmake_python_build_beginner_tutorials_egg
[23.013s] [ 22%] Built target beginner_tutorials__rosidl_generator_c
[23.033s] [ 25%] [34m[1mGenerating C type support for eProsima Fast-RTPS[0m
[23.041s] [ 28%] [34m[1mGenerating C introspection for ROS interfaces[0m
[23.043s] [ 31%] [34m[1mGenerating C type support dispatch for ROS interfaces[0m
[23.528s] [35m[1mScanning dependencies of target beginner_tutorials__rosidl_typesupport_fastrtps_cpp[0m
[23.561s] [35m[1mScanning dependencies of target beginner_tutorials__rosidl_typesupport_introspection_cpp[0m
[23.562s] [ 34%] [32mBuilding CXX object CMakeFiles/beginner_tutorials__rosidl_typesupport_fastrtps_cpp.dir/rosidl_typesupport_fastrtps_cpp/beginner_tutorials/srv/detail/dds_fastrtps/update_message__type_support.cpp.o[0m
[23.587s] [ 37%] [32mBuilding CXX object CMakeFiles/beginner_tutorials__rosidl_typesupport_introspection_cpp.dir/rosidl_typesupport_introspection_cpp/beginner_tutorials/srv/detail/update_message__type_support.cpp.o[0m
[23.682s] [35m[1mScanning dependencies of target beginner_tutorials__rosidl_typesupport_fastrtps_c[0m
[23.715s] [ 40%] [32mBuilding CXX object CMakeFiles/beginner_tutorials__rosidl_typesupport_fastrtps_c.dir/rosidl_typesupport_fastrtps_c/beginner_tutorials/srv/detail/update_message__type_support_c.cpp.o[0m
[23.720s] [35m[1mScanning dependencies of target beginner_tutorials__rosidl_typesupport_cpp[0m
[23.748s] [ 42%] [32mBuilding CXX object CMakeFiles/beginner_tutorials__rosidl_typesupport_cpp.dir/rosidl_typesupport_cpp/beginner_tutorials/srv/update_message__type_support.cpp.o[0m
[23.748s] [35m[1mScanning dependencies of target beginner_tutorials__rosidl_typesupport_introspection_c[0m
[23.782s] [ 45%] [32mBuilding C object CMakeFiles/beginner_tutorials__rosidl_typesupport_introspection_c.dir/rosidl_typesupport_introspection_c/beginner_tutorials/srv/detail/update_message__type_support.c.o[0m
[23.857s] [ 48%] [32m[1mLinking C shared library libbeginner_tutorials__rosidl_typesupport_introspection_c.so[0m
[23.926s] [35m[1mScanning dependencies of target beginner_tutorials__rosidl_typesupport_c[0m
[23.939s] [ 48%] Built target beginner_tutorials__rosidl_typesupport_introspection_c
[23.952s] [ 51%] [32mBuilding CXX object CMakeFiles/beginner_tutorials__rosidl_typesupport_c.dir/rosidl_typesupport_c/beginner_tutorials/srv/update_message__type_support.cpp.o[0m
[24.001s] [ 54%] [32m[1mLinking CXX shared library libbeginner_tutorials__rosidl_typesupport_fastrtps_cpp.so[0m
[24.003s] [ 60%] [32m[1mLinking CXX shared library libbeginner_tutorials__rosidl_typesupport_c.so[0m
[24.004s] [ 60%] [32m[1mLinking CXX shared library libbeginner_tutorials__rosidl_typesupport_introspection_cpp.so[0m
[24.062s] [ 62%] [32m[1mLinking CXX shared library libbeginner_tutorials__rosidl_typesupport_cpp.so[0m
[24.083s] [ 62%] Built target beginner_tutorials__rosidl_typesupport_c
[24.087s] [ 65%] [32m[1mLinking CXX shared library libbeginner_tutorials__rosidl_typesupport_fastrtps_c.so[0m
[24.118s] [ 65%] Built target beginner_tutorials__rosidl_typesupport_introspection_cpp
[24.130s] [ 65%] Built target beginner_tutorials__rosidl_typesupport_cpp
[24.138s] [ 65%] Built target beginner_tutorials__rosidl_typesupport_fastrtps_cpp
[24.157s] [35m[1mScanning dependencies of target talker[0m
[24.200s] [ 65%] Built target beginner_tutorials__rosidl_typesupport_fastrtps_c
[24.218s] [ 68%] [32mBuilding CXX object CMakeFiles/talker.dir/src/publisher_member_function.cpp.o[0m
[24.227s] [35m[1mScanning dependencies of target beginner_tutorials[0m
[24.262s] [ 68%] Built target beginner_tutorials
[24.287s] [35m[1mScanning dependencies of target beginner_tutorials__py[0m
[24.322s] [ 71%] [34m[1mGenerating Python code for ROS interfaces[0m
[25.268s] [ 71%] Built target beginner_tutorials__py
[25.294s] [35m[1mScanning dependencies of target beginner_tutorials__rosidl_generator_py[0m
[25.339s] [ 74%] [32mBuilding C object CMakeFiles/beginner_tutorials__rosidl_generator_py.dir/rosidl_generator_py/beginner_tutorials/srv/_update_message_s.c.o[0m
[25.475s] [ 77%] [32m[1mLinking C shared library rosidl_generator_py/beginner_tutorials/libbeginner_tutorials__rosidl_generator_py.so[0m
[25.551s] [ 77%] Built target beginner_tutorials__rosidl_generator_py
[25.582s] [35m[1mScanning dependencies of target beginner_tutorials__rosidl_typesupport_introspection_c__pyext[0m
[25.582s] [35m[1mScanning dependencies of target beginner_tutorials__rosidl_typesupport_c__pyext[0m
[25.584s] [35m[1mScanning dependencies of target beginner_tutorials__rosidl_typesupport_fastrtps_c__pyext[0m
[25.610s] [ 80%] [32mBuilding C object CMakeFiles/beginner_tutorials__rosidl_typesupport_c__pyext.dir/rosidl_generator_py/beginner_tutorials/_beginner_tutorials_s.ep.rosidl_typesupport_c.c.o[0m
[25.614s] [ 82%] [32mBuilding C object CMakeFiles/beginner_tutorials__rosidl_typesupport_fastrtps_c__pyext.dir/rosidl_generator_py/beginner_tutorials/_beginner_tutorials_s.ep.rosidl_typesupport_fastrtps_c.c.o[0m
[25.621s] [ 85%] [32mBuilding C object CMakeFiles/beginner_tutorials__rosidl_typesupport_introspection_c__pyext.dir/rosidl_generator_py/beginner_tutorials/_beginner_tutorials_s.ep.rosidl_typesupport_introspection_c.c.o[0m
[25.729s] [ 91%] [32m[1mLinking C shared library rosidl_generator_py/beginner_tutorials/beginner_tutorials_s__rosidl_typesupport_c.cpython-38-x86_64-linux-gnu.so[0m
[25.730s] [ 91%] [32m[1mLinking C shared library rosidl_generator_py/beginner_tutorials/beginner_tutorials_s__rosidl_typesupport_fastrtps_c.cpython-38-x86_64-linux-gnu.so[0m
[25.742s] [ 94%] [32m[1mLinking C shared library rosidl_generator_py/beginner_tutorials/beginner_tutorials_s__rosidl_typesupport_introspection_c.cpython-38-x86_64-linux-gnu.so[0m
[25.801s] [ 94%] Built target beginner_tutorials__rosidl_typesupport_fastrtps_c__pyext
[25.806s] [ 94%] Built target beginner_tutorials__rosidl_typesupport_c__pyext
[25.818s] [ 94%] Built target beginner_tutorials__rosidl_typesupport_introspection_c__pyext
[28.796s] [ 97%] [32m[1mLinking CXX executable talker[0m
[29.580s] [ 97%] Built target talker
[30.326s] [100%] [32m[1mLinking CXX executable listener[0m
[31.163s] [100%] Built target listener
[31.182s] Invoked command in '/home/mys/ros2_ws/L/beginner_tutorials/build/beginner_tutorials' returned '0': CMAKE_PREFIX_PATH=${CMAKE_PREFIX_PATH}:/home/mys/ros2_humble/install/rqt_bag_plugins:/home/mys/ros2_humble/install/rqt_bag:/home/mys/ros2_humble/install/ros2bag:/home/mys/ros2_humble/install/tracetools_test:/home/mys/ros2_humble/install/tracetools_launch:/home/mys/ros2_humble/install/topic_monitor:/home/mys/ros2_humble/install/tf2_tools:/home/mys/ros2_humble/install/examples_tf2_py:/home/mys/ros2_humble/install/tf2_ros_py:/home/mys/ros2_humble/install/sros2:/home/mys/ros2_humble/install/rqt_topic:/home/mys/ros2_humble/install/rqt_srv:/home/mys/ros2_humble/install/rqt_shell:/home/mys/ros2_humble/install/rqt_service_caller:/home/mys/ros2_humble/install/rqt_reconfigure:/home/mys/ros2_humble/install/rqt_py_console:/home/mys/ros2_humble/install/rqt_publisher:/home/mys/ros2_humble/install/rqt_plot:/home/mys/ros2_humble/install/rqt_action:/home/mys/ros2_humble/install/rqt_msg:/home/mys/ros2_humble/install/rqt_console:/home/mys/ros2_humble/install/rqt:/home/mys/ros2_humble/install/rqt_graph:/home/mys/ros2_humble/install/rqt_gui_py:/home/mys/ros2_humble/install/rqt_gui:/home/mys/ros2_humble/install/ros2trace:/home/mys/ros2_humble/install/ros2topic:/home/mys/ros2_humble/install/ros2test:/home/mys/ros2_humble/install/ros2component:/home/mys/ros2_humble/install/ros2param:/home/mys/ros2_humble/install/ros2lifecycle:/home/mys/ros2_humble/install/ros2service:/home/mys/ros2_humble/install/ros2run:/home/mys/ros2_humble/install/ros2launch:/home/mys/ros2_humble/install/ros2pkg:/home/mys/ros2_humble/install/ros2node:/home/mys/ros2_humble/install/ros2multicast:/home/mys/ros2_humble/install/ros2interface:/home/mys/ros2_humble/install/ros2doctor:/home/mys/ros2_humble/install/ros2action:/home/mys/ros2_humble/install/ros2cli:/home/mys/ros2_humble/install/quality_of_service_demo_py:/home/mys/ros2_humble/install/lifecycle_py:/home/mys/ros2_humble/install/launch_testing_ros:/home/mys/ros2_humble/install/launch_ros:/home/mys/ros2_humble/install/examples_rclpy_pointcloud_publisher:/home/mys/ros2_humble/install/examples_rclpy_minimal_subscriber:/home/mys/ros2_humble/install/examples_rclpy_minimal_service:/home/mys/ros2_humble/install/examples_rclpy_minimal_publisher:/home/mys/ros2_humble/install/examples_rclpy_minimal_client:/home/mys/ros2_humble/install/examples_rclpy_minimal_action_server:/home/mys/ros2_humble/install/examples_rclpy_minimal_action_client:/home/mys/ros2_humble/install/examples_rclpy_guard_conditions:/home/mys/ros2_humble/install/examples_rclpy_executors:/home/mys/ros2_humble/install/demo_nodes_py:/home/mys/ros2_humble/install/action_tutorials_py:/home/mys/ros2_humble/install/ament_uncrustify:/home/mys/ros2_humble/install/tracetools_trace:/home/mys/ros2_humble/install/tracetools_read:/home/mys/ros2_humble/install/test_tracetools_launch:/home/mys/ros2_humble/install/test_launch_ros:/home/mys/ros2_humble/install/sensor_msgs_py:/home/mys/ros2_humble/install/rpyutils:/home/mys/ros2_humble/install/rosidl_runtime_py:/home/mys/ros2_humble/install/rosidl_cli:/home/mys/ros2_humble/install/launch_pytest:/home/mys/ros2_humble/install/launch_testing:/home/mys/ros2_humble/install/launch_yaml:/home/mys/ros2_humble/install/launch_xml:/home/mys/ros2_humble/install/launch:/home/mys/ros2_humble/install/osrf_pycommon:/home/mys/ros2_humble/install/launch_testing_examples:/home/mys/ros2_humble/install/domain_coordinator:/home/mys/ros2_humble/install/ament_xmllint:/home/mys/ros2_humble/install/ament_pyflakes:/home/mys/ros2_humble/install/ament_pycodestyle:/home/mys/ros2_humble/install/ament_pep257:/home/mys/ros2_humble/install/ament_pclint:/home/mys/ros2_humble/install/ament_package:/home/mys/ros2_humble/install/ament_mypy:/home/mys/ros2_humble/install/ament_lint_cmake:/home/mys/ros2_humble/install/ament_flake8:/home/mys/ros2_humble/install/ament_copyright:/home/mys/ros2_humble/install/ament_lint:/home/mys/ros2_humble/install/ament_index_python:/home/mys/ros2_humble/install/ament_cpplint:/home/mys/ros2_humble/install/ament_cppcheck:/home/mys/ros2_humble/install/ament_clang_tidy:/home/mys/ros2_humble/install/ament_clang_format /usr/bin/cmake --build /home/mys/ros2_ws/L/beginner_tutorials/build/beginner_tutorials -- -j12 -l12
[31.518s] Invoking command in '/home/mys/ros2_ws/L/beginner_tutorials/build/beginner_tutorials': CMAKE_PREFIX_PATH=${CMAKE_PREFIX_PATH}:/home/mys/ros2_humble/install/rqt_bag_plugins:/home/mys/ros2_humble/install/rqt_bag:/home/mys/ros2_humble/install/ros2bag:/home/mys/ros2_humble/install/tracetools_test:/home/mys/ros2_humble/install/tracetools_launch:/home/mys/ros2_humble/install/topic_monitor:/home/mys/ros2_humble/install/tf2_tools:/home/mys/ros2_humble/install/examples_tf2_py:/home/mys/ros2_humble/install/tf2_ros_py:/home/mys/ros2_humble/install/sros2:/home/mys/ros2_humble/install/rqt_topic:/home/mys/ros2_humble/install/rqt_srv:/home/mys/ros2_humble/install/rqt_shell:/home/mys/ros2_humble/install/rqt_service_caller:/home/mys/ros2_humble/install/rqt_reconfigure:/home/mys/ros2_humble/install/rqt_py_console:/home/mys/ros2_humble/install/rqt_publisher:/home/mys/ros2_humble/install/rqt_plot:/home/mys/ros2_humble/install/rqt_action:/home/mys/ros2_humble/install/rqt_msg:/home/mys/ros2_humble/install/rqt_console:/home/mys/ros2_humble/install/rqt:/home/mys/ros2_humble/install/rqt_graph:/home/mys/ros2_humble/install/rqt_gui_py:/home/mys/ros2_humble/install/rqt_gui:/home/mys/ros2_humble/install/ros2trace:/home/mys/ros2_humble/install/ros2topic:/home/mys/ros2_humble/install/ros2test:/home/mys/ros2_humble/install/ros2component:/home/mys/ros2_humble/install/ros2param:/home/mys/ros2_humble/install/ros2lifecycle:/home/mys/ros2_humble/install/ros2service:/home/mys/ros2_humble/install/ros2run:/home/mys/ros2_humble/install/ros2launch:/home/mys/ros2_humble/install/ros2pkg:/home/mys/ros2_humble/install/ros2node:/home/mys/ros2_humble/install/ros2multicast:/home/mys/ros2_humble/install/ros2interface:/home/mys/ros2_humble/install/ros2doctor:/home/mys/ros2_humble/install/ros2action:/home/mys/ros2_humble/install/ros2cli:/home/mys/ros2_humble/install/quality_of_service_demo_py:/home/mys/ros2_humble/install/lifecycle_py:/home/mys/ros2_humble/install/launch_testing_ros:/home/mys/ros2_humble/install/launch_ros:/home/mys/ros2_humble/install/examples_rclpy_pointcloud_publisher:/home/mys/ros2_humble/install/examples_rclpy_minimal_subscriber:/home/mys/ros2_humble/install/examples_rclpy_minimal_service:/home/mys/ros2_humble/install/examples_rclpy_minimal_publisher:/home/mys/ros2_humble/install/examples_rclpy_minimal_client:/home/mys/ros2_humble/install/examples_rclpy_minimal_action_server:/home/mys/ros2_humble/install/examples_rclpy_minimal_action_client:/home/mys/ros2_humble/install/examples_rclpy_guard_conditions:/home/mys/ros2_humble/install/examples_rclpy_executors:/home/mys/ros2_humble/install/demo_nodes_py:/home/mys/ros2_humble/install/action_tutorials_py:/home/mys/ros2_humble/install/ament_uncrustify:/home/mys/ros2_humble/install/tracetools_trace:/home/mys/ros2_humble/install/tracetools_read:/home/mys/ros2_humble/install/test_tracetools_launch:/home/mys/ros2_humble/install/test_launch_ros:/home/mys/ros2_humble/install/sensor_msgs_py:/home/mys/ros2_humble/install/rpyutils:/home/mys/ros2_humble/install/rosidl_runtime_py:/home/mys/ros2_humble/install/rosidl_cli:/home/mys/ros2_humble/install/launch_pytest:/home/mys/ros2_humble/install/launch_testing:/home/mys/ros2_humble/install/launch_yaml:/home/mys/ros2_humble/install/launch_xml:/home/mys/ros2_humble/install/launch:/home/mys/ros2_humble/install/osrf_pycommon:/home/mys/ros2_humble/install/launch_testing_examples:/home/mys/ros2_humble/install/domain_coordinator:/home/mys/ros2_humble/install/ament_xmllint:/home/mys/ros2_humble/install/ament_pyflakes:/home/mys/ros2_humble/install/ament_pycodestyle:/home/mys/ros2_humble/install/ament_pep257:/home/mys/ros2_humble/install/ament_pclint:/home/mys/ros2_humble/install/ament_package:/home/mys/ros2_humble/install/ament_mypy:/home/mys/ros2_humble/install/ament_lint_cmake:/home/mys/ros2_humble/install/ament_flake8:/home/mys/ros2_humble/install/ament_copyright:/home/mys/ros2_humble/install/ament_lint:/home/mys/ros2_humble/install/ament_index_python:/home/mys/ros2_humble/install/ament_cpplint:/home/mys/ros2_humble/install/ament_cppcheck:/home/mys/ros2_humble/install/ament_clang_tidy:/home/mys/ros2_humble/install/ament_clang_format /usr/bin/cmake --install /home/mys/ros2_ws/L/beginner_tutorials/build/beginner_tutorials
[31.547s] -- Install configuration: ""
[31.547s] -- Installing: /home/mys/ros2_ws/L/beginner_tutorials/install/beginner_tutorials/share/ament_index/resource_index/rosidl_interfaces/beginner_tutorials
[31.548s] -- Installing: /home/mys/ros2_ws/L/beginner_tutorials/install/beginner_tutorials/include/beginner_tutorials/beginner_tutorials
[31.548s] -- Installing: /home/mys/ros2_ws/L/beginner_tutorials/install/beginner_tutorials/include/beginner_tutorials/beginner_tutorials/msg
[31.548s] -- Installing: /home/mys/ros2_ws/L/beginner_tutorials/install/beginner_tutorials/include/beginner_tutorials/beginner_tutorials/msg/rosidl_generator_c__visibility_control.h
[31.548s] -- Installing: /home/mys/ros2_ws/L/beginner_tutorials/install/beginner_tutorials/include/beginner_tutorials/beginner_tutorials/srv
[31.548s] -- Installing: /home/mys/ros2_ws/L/beginner_tutorials/install/beginner_tutorials/include/beginner_tutorials/beginner_tutorials/srv/update_message.h
[31.549s] -- Installing: /home/mys/ros2_ws/L/beginner_tutorials/install/beginner_tutorials/include/beginner_tutorials/beginner_tutorials/srv/detail
[31.549s] -- Installing: /home/mys/ros2_ws/L/beginner_tutorials/install/beginner_tutorials/include/beginner_tutorials/beginner_tutorials/srv/detail/update_message__struct.h
[31.549s] -- Installing: /home/mys/ros2_ws/L/beginner_tutorials/install/beginner_tutorials/include/beginner_tutorials/beginner_tutorials/srv/detail/update_message__type_support.h
[31.549s] -- Installing: /home/mys/ros2_ws/L/beginner_tutorials/install/beginner_tutorials/include/beginner_tutorials/beginner_tutorials/srv/detail/update_message__functions.c
[31.549s] -- Installing: /home/mys/ros2_ws/L/beginner_tutorials/install/beginner_tutorials/include/beginner_tutorials/beginner_tutorials/srv/detail/update_message__functions.h
[31.549s] -- Installing: /home/mys/ros2_ws/L/beginner_tutorials/install/beginner_tutorials/share/beginner_tutorials/environment/library_path.sh
[31.550s] -- Installing: /home/mys/ros2_ws/L/beginner_tutorials/install/beginner_tutorials/share/beginner_tutorials/environment/library_path.dsv
[31.550s] -- Installing: /home/mys/ros2_ws/L/beginner_tutorials/install/beginner_tutorials/lib/libbeginner_tutorials__rosidl_generator_c.so
[31.550s] -- Set runtime path of "/home/mys/ros2_ws/L/beginner_tutorials/install/beginner_tutorials/lib/libbeginner_tutorials__rosidl_generator_c.so" to ""
[31.550s] -- Up-to-date: /home/mys/ros2_ws/L/beginner_tutorials/install/beginner_tutorials/include/beginner_tutorials/beginner_tutorials
[31.550s] -- Up-to-date: /home/mys/ros2_ws/L/beginner_tutorials/install/beginner_tutorials/include/beginner_tutorials/beginner_tutorials/msg
[31.550s] -- Installing: /home/mys/ros2_ws/L/beginner_tutorials/install/beginner_tutorials/include/beginner_tutorials/beginner_tutorials/msg/rosidl_typesupport_fastrtps_c__visibility_control.h
[31.551s] -- Up-to-date: /home/mys/ros2_ws/L/beginner_tutorials/install/beginner_tutorials/include/beginner_tutorials/beginner_tutorials/srv
[31.551s] -- Up-to-date: /home/mys/ros2_ws/L/beginner_tutorials/install/beginner_tutorials/include/beginner_tutorials/beginner_tutorials/srv/detail
[31.551s] -- Installing: /home/mys/ros2_ws/L/beginner_tutorials/install/beginner_tutorials/include/beginner_tutorials/beginner_tutorials/srv/detail/update_message__rosidl_typesupport_fastrtps_c.h
[31.551s] -- Installing: /home/mys/ros2_ws/L/beginner_tutorials/install/beginner_tutorials/lib/libbeginner_tutorials__rosidl_typesupport_fastrtps_c.so
[31.551s] -- Set runtime path of "/home/mys/ros2_ws/L/beginner_tutorials/install/beginner_tutorials/lib/libbeginner_tutorials__rosidl_typesupport_fastrtps_c.so" to ""
[31.551s] -- Up-to-date: /home/mys/ros2_ws/L/beginner_tutorials/install/beginner_tutorials/include/beginner_tutorials/beginner_tutorials
[31.551s] -- Up-to-date: /home/mys/ros2_ws/L/beginner_tutorials/install/beginner_tutorials/include/beginner_tutorials/beginner_tutorials/srv
[31.552s] -- Up-to-date: /home/mys/ros2_ws/L/beginner_tutorials/install/beginner_tutorials/include/beginner_tutorials/beginner_tutorials/srv/detail
[31.552s] -- Installing: /home/mys/ros2_ws/L/beginner_tutorials/install/beginner_tutorials/include/beginner_tutorials/beginner_tutorials/srv/detail/update_message__struct.hpp
[31.552s] -- Installing: /home/mys/ros2_ws/L/beginner_tutorials/install/beginner_tutorials/include/beginner_tutorials/beginner_tutorials/srv/detail/update_message__builder.hpp
[31.552s] -- Installing: /home/mys/ros2_ws/L/beginner_tutorials/install/beginner_tutorials/include/beginner_tutorials/beginner_tutorials/srv/detail/update_message__traits.hpp
[31.552s] -- Installing: /home/mys/ros2_ws/L/beginner_tutorials/install/beginner_tutorials/include/beginner_tutorials/beginner_tutorials/srv/update_message.hpp
[31.552s] -- Up-to-date: /home/mys/ros2_ws/L/beginner_tutorials/install/beginner_tutorials/include/beginner_tutorials/beginner_tutorials
[31.552s] -- Up-to-date: /home/mys/ros2_ws/L/beginner_tutorials/install/beginner_tutorials/include/beginner_tutorials/beginner_tutorials/msg
[31.553s] -- Installing: /home/mys/ros2_ws/L/beginner_tutorials/install/beginner_tutorials/include/beginner_tutorials/beginner_tutorials/msg/rosidl_typesupport_fastrtps_cpp__visibility_control.h
[31.553s] -- Up-to-date: /home/mys/ros2_ws/L/beginner_tutorials/install/beginner_tutorials/include/beginner_tutorials/beginner_tutorials/srv
[31.553s] -- Up-to-date: /home/mys/ros2_ws/L/beginner_tutorials/install/beginner_tutorials/include/beginner_tutorials/beginner_tutorials/srv/detail
[31.553s] -- Installing: /home/mys/ros2_ws/L/beginner_tutorials/install/beginner_tutorials/include/beginner_tutorials/beginner_tutorials/srv/detail/dds_fastrtps
[31.553s] -- Installing: /home/mys/ros2_ws/L/beginner_tutorials/install/beginner_tutorials/include/beginner_tutorials/beginner_tutorials/srv/detail/update_message__rosidl_typesupport_fastrtps_cpp.hpp
[31.553s] -- Installing: /home/mys/ros2_ws/L/beginner_tutorials/install/beginner_tutorials/lib/libbeginner_tutorials__rosidl_typesupport_fastrtps_cpp.so
[31.554s] -- Set runtime path of "/home/mys/ros2_ws/L/beginner_tutorials/install/beginner_tutorials/lib/libbeginner_tutorials__rosidl_typesupport_fastrtps_cpp.so" to ""
[31.554s] -- Up-to-date: /home/mys/ros2_ws/L/beginner_tutorials/install/beginner_tutorials/include/beginner_tutorials/beginner_tutorials
[31.554s] -- Up-to-date: /home/mys/ros2_ws/L/beginner_tutorials/install/beginner_tutorials/include/beginner_tutorials/beginner_tutorials/msg
[31.554s] -- Installing: /home/mys/ros2_ws/L/beginner_tutorials/install/beginner_tutorials/include/beginner_tutorials/beginner_tutorials/msg/rosidl_typesupport_introspection_c__visibility_control.h
[31.554s] -- Up-to-date: /home/mys/ros2_ws/L/beginner_tutorials/install/beginner_tutorials/include/beginner_tutorials/beginner_tutorials/srv
[31.554s] -- Up-to-date: /home/mys/ros2_ws/L/beginner_tutorials/install/beginner_tutorials/include/beginner_tutorials/beginner_tutorials/srv/detail
[31.554s] -- Installing: /home/mys/ros2_ws/L/beginner_tutorials/install/beginner_tutorials/include/beginner_tutorials/beginner_tutorials/srv/detail/update_message__type_support.c
[31.555s] -- Installing: /home/mys/ros2_ws/L/beginner_tutorials/install/beginner_tutorials/include/beginner_tutorials/beginner_tutorials/srv/detail/update_message__rosidl_typesupport_introspection_c.h
[31.555s] -- Installing: /home/mys/ros2_ws/L/beginner_tutorials/install/beginner_tutorials/lib/libbeginner_tutorials__rosidl_typesupport_introspection_c.so
[31.555s] -- Set runtime path of "/home/mys/ros2_ws/L/beginner_tutorials/install/beginner_tutorials/lib/libbeginner_tutorials__rosidl_typesupport_introspection_c.so" to ""
[31.555s] -- Installing: /home/mys/ros2_ws/L/beginner_tutorials/install/beginner_tutorials/lib/libbeginner_tutorials__rosidl_typesupport_c.so
[31.555s] -- Set runtime path of "/home/mys/ros2_ws/L/beginner_tutorials/install/beginner_tutorials/lib/libbeginner_tutorials__rosidl_typesupport_c.so" to ""
[31.555s] -- Up-to-date: /home/mys/ros2_ws/L/beginner_tutorials/install/beginner_tutorials/include/beginner_tutorials/beginner_tutorials
[31.555s] -- Up-to-date: /home/mys/ros2_ws/L/beginner_tutorials/install/beginner_tutorials/include/beginner_tutorials/beginner_tutorials/srv
[31.555s] -- Up-to-date: /home/mys/ros2_ws/L/beginner_tutorials/install/beginner_tutorials/include/beginner_tutorials/beginner_tutorials/srv/detail
[31.555s] -- Installing: /home/mys/ros2_ws/L/beginner_tutorials/install/beginner_tutorials/include/beginner_tutorials/beginner_tutorials/srv/detail/update_message__type_support.cpp
[31.555s] -- Installing: /home/mys/ros2_ws/L/beginner_tutorials/install/beginner_tutorials/include/beginner_tutorials/beginner_tutorials/srv/detail/update_message__rosidl_typesupport_introspection_cpp.hpp
[31.555s] -- Installing: /home/mys/ros2_ws/L/beginner_tutorials/install/beginner_tutorials/lib/libbeginner_tutorials__rosidl_typesupport_introspection_cpp.so
[31.556s] -- Set runtime path of "/home/mys/ros2_ws/L/beginner_tutorials/install/beginner_tutorials/lib/libbeginner_tutorials__rosidl_typesupport_introspection_cpp.so" to ""
[31.556s] -- Installing: /home/mys/ros2_ws/L/beginner_tutorials/install/beginner_tutorials/lib/libbeginner_tutorials__rosidl_typesupport_cpp.so
[31.556s] -- Set runtime path of "/home/mys/ros2_ws/L/beginner_tutorials/install/beginner_tutorials/lib/libbeginner_tutorials__rosidl_typesupport_cpp.so" to ""
[31.556s] -- Installing: /home/mys/ros2_ws/L/beginner_tutorials/install/beginner_tutorials/share/beginner_tutorials/environment/pythonpath.sh
[31.556s] -- Installing: /home/mys/ros2_ws/L/beginner_tutorials/install/beginner_tutorials/share/beginner_tutorials/environment/pythonpath.dsv
[31.556s] -- Installing: /home/mys/ros2_ws/L/beginner_tutorials/install/beginner_tutorials/lib/python3.8/site-packages/beginner_tutorials-0.0.0-py3.8.egg-info
[31.556s] -- Installing: /home/mys/ros2_ws/L/beginner_tutorials/install/beginner_tutorials/lib/python3.8/site-packages/beginner_tutorials-0.0.0-py3.8.egg-info/top_level.txt
[31.556s] -- Installing: /home/mys/ros2_ws/L/beginner_tutorials/install/beginner_tutorials/lib/python3.8/site-packages/beginner_tutorials-0.0.0-py3.8.egg-info/SOURCES.txt
[31.556s] -- Installing: /home/mys/ros2_ws/L/beginner_tutorials/install/beginner_tutorials/lib/python3.8/site-packages/beginner_tutorials-0.0.0-py3.8.egg-info/PKG-INFO
[31.556s] -- Installing: /home/mys/ros2_ws/L/beginner_tutorials/install/beginner_tutorials/lib/python3.8/site-packages/beginner_tutorials-0.0.0-py3.8.egg-info/dependency_links.txt
[31.556s] -- Installing: /home/mys/ros2_ws/L/beginner_tutorials/install/beginner_tutorials/lib/python3.8/site-packages/beginner_tutorials
[31.556s] -- Installing: /home/mys/ros2_ws/L/beginner_tutorials/install/beginner_tutorials/lib/python3.8/site-packages/beginner_tutorials/beginner_tutorials_s__rosidl_typesupport_c.cpython-38-x86_64-linux-gnu.so
[31.556s] -- Installing: /home/mys/ros2_ws/L/beginner_tutorials/install/beginner_tutorials/lib/python3.8/site-packages/beginner_tutorials/beginner_tutorials_s__rosidl_typesupport_fastrtps_c.cpython-38-x86_64-linux-gnu.so
[31.556s] -- Installing: /home/mys/ros2_ws/L/beginner_tutorials/install/beginner_tutorials/lib/python3.8/site-packages/beginner_tutorials/libbeginner_tutorials__rosidl_generator_py.so
[31.556s] -- Installing: /home/mys/ros2_ws/L/beginner_tutorials/install/beginner_tutorials/lib/python3.8/site-packages/beginner_tutorials/_beginner_tutorials_s.ep.rosidl_typesupport_c.c
[31.556s] -- Installing: /home/mys/ros2_ws/L/beginner_tutorials/install/beginner_tutorials/lib/python3.8/site-packages/beginner_tutorials/beginner_tutorials_s__rosidl_typesupport_introspection_c.cpython-38-x86_64-linux-gnu.so
[31.556s] -- Installing: /home/mys/ros2_ws/L/beginner_tutorials/install/beginner_tutorials/lib/python3.8/site-packages/beginner_tutorials/srv
[31.556s] -- Installing: /home/mys/ros2_ws/L/beginner_tutorials/install/beginner_tutorials/lib/python3.8/site-packages/beginner_tutorials/srv/_update_message.py
[31.556s] -- Installing: /home/mys/ros2_ws/L/beginner_tutorials/install/beginner_tutorials/lib/python3.8/site-packages/beginner_tutorials/srv/_update_message_s.c
[31.556s] -- Installing: /home/mys/ros2_ws/L/beginner_tutorials/install/beginner_tutorials/lib/python3.8/site-packages/beginner_tutorials/srv/__init__.py
[31.557s] -- Installing: /home/mys/ros2_ws/L/beginner_tutorials/install/beginner_tutorials/lib/python3.8/site-packages/beginner_tutorials/_beginner_tutorials_s.ep.rosidl_typesupport_introspection_c.c
[31.557s] -- Installing: /home/mys/ros2_ws/L/beginner_tutorials/install/beginner_tutorials/lib/python3.8/site-packages/beginner_tutorials/_beginner_tutorials_s.ep.rosidl_typesupport_fastrtps_c.c
[31.557s] -- Installing: /home/mys/ros2_ws/L/beginner_tutorials/install/beginner_tutorials/lib/python3.8/site-packages/beginner_tutorials/__init__.py
[31.950s] Listing '/home/mys/ros2_ws/L/beginner_tutorials/install/beginner_tutorials/lib/python3.8/site-packages/beginner_tutorials'...
[31.950s] Compiling '/home/mys/ros2_ws/L/beginner_tutorials/install/beginner_tutorials/lib/python3.8/site-packages/beginner_tutorials/__init__.py'...
[31.950s] Listing '/home/mys/ros2_ws/L/beginner_tutorials/install/beginner_tutorials/lib/python3.8/site-packages/beginner_tutorials/srv'...
[31.951s] Compiling '/home/mys/ros2_ws/L/beginner_tutorials/install/beginner_tutorials/lib/python3.8/site-packages/beginner_tutorials/srv/__init__.py'...
[31.951s] Compiling '/home/mys/ros2_ws/L/beginner_tutorials/install/beginner_tutorials/lib/python3.8/site-packages/beginner_tutorials/srv/_update_message.py'...
[31.955s] -- Installing: /home/mys/ros2_ws/L/beginner_tutorials/install/beginner_tutorials/lib/python3.8/site-packages/beginner_tutorials/beginner_tutorials_s__rosidl_typesupport_introspection_c.cpython-38-x86_64-linux-gnu.so
[31.955s] -- Set runtime path of "/home/mys/ros2_ws/L/beginner_tutorials/install/beginner_tutorials/lib/python3.8/site-packages/beginner_tutorials/beginner_tutorials_s__rosidl_typesupport_introspection_c.cpython-38-x86_64-linux-gnu.so" to ""
[31.956s] -- Installing: /home/mys/ros2_ws/L/beginner_tutorials/install/beginner_tutorials/lib/python3.8/site-packages/beginner_tutorials/beginner_tutorials_s__rosidl_typesupport_fastrtps_c.cpython-38-x86_64-linux-gnu.so
[31.957s] -- Set runtime path of "/home/mys/ros2_ws/L/beginner_tutorials/install/beginner_tutorials/lib/python3.8/site-packages/beginner_tutorials/beginner_tutorials_s__rosidl_typesupport_fastrtps_c.cpython-38-x86_64-linux-gnu.so" to ""
[31.958s] -- Installing: /home/mys/ros2_ws/L/beginner_tutorials/install/beginner_tutorials/lib/python3.8/site-packages/beginner_tutorials/beginner_tutorials_s__rosidl_typesupport_c.cpython-38-x86_64-linux-gnu.so
[31.959s] -- Set runtime path of "/home/mys/ros2_ws/L/beginner_tutorials/install/beginner_tutorials/lib/python3.8/site-packages/beginner_tutorials/beginner_tutorials_s__rosidl_typesupport_c.cpython-38-x86_64-linux-gnu.so" to ""
[31.959s] -- Installing: /home/mys/ros2_ws/L/beginner_tutorials/install/beginner_tutorials/lib/libbeginner_tutorials__rosidl_generator_py.so
[31.960s] -- Set runtime path of "/home/mys/ros2_ws/L/beginner_tutorials/install/beginner_tutorials/lib/libbeginner_tutorials__rosidl_generator_py.so" to ""
[31.960s] -- Installing: /home/mys/ros2_ws/L/beginner_tutorials/install/beginner_tutorials/share/beginner_tutorials/srv/UpdateMessage.idl
[31.960s] -- Installing: /home/mys/ros2_ws/L/beginner_tutorials/install/beginner_tutorials/share/beginner_tutorials/srv/UpdateMessage.srv
[31.961s] -- Installing: /home/mys/ros2_ws/L/beginner_tutorials/install/beginner_tutorials/share/beginner_tutorials/srv/UpdateMessage_Request.msg
[31.961s] -- Installing: /home/mys/ros2_ws/L/beginner_tutorials/install/beginner_tutorials/share/beginner_tutorials/srv/UpdateMessage_Response.msg
[31.961s] -- Installing: /home/mys/ros2_ws/L/beginner_tutorials/install/beginner_tutorials/lib/beginner_tutorials/talker
[31.962s] -- Set runtime path of "/home/mys/ros2_ws/L/beginner_tutorials/install/beginner_tutorials/lib/beginner_tutorials/talker" to ""
[31.962s] -- Installing: /home/mys/ros2_ws/L/beginner_tutorials/install/beginner_tutorials/lib/beginner_tutorials/listener
[31.966s] -- Set runtime path of "/home/mys/ros2_ws/L/beginner_tutorials/install/beginner_tutorials/lib/beginner_tutorials/listener" to ""
[31.966s] -- Installing: /home/mys/ros2_ws/L/beginner_tutorials/install/beginner_tutorials/share/beginner_tutorials/launch
[31.967s] -- Installing: /home/mys/ros2_ws/L/beginner_tutorials/install/beginner_tutorials/share/beginner_tutorials/launch/pubsub_service_launch.yaml
[31.967s] -- Installing: /home/mys/ros2_ws/L/beginner_tutorials/install/beginner_tutorials/share/ament_index/resource_index/package_run_dependencies/beginner_tutorials
[31.967s] -- Installing: /home/mys/ros2_ws/L/beginner_tutorials/install/beginner_tutorials/share/ament_index/resource_index/parent_prefix_path/beginner_tutorials
[31.967s] -- Installing: /home/mys/ros2_ws/L/beginner_tutorials/install/beginner_tutorials/share/beginner_tutorials/environment/ament_prefix_path.sh
[31.967s] -- Installing: /home/mys/ros2_ws/L/beginner_tutorials/install/beginner_tutorials/share/beginner_tutorials/environment/ament_prefix_path.dsv
[31.967s] -- Installing: /home/mys/ros2_ws/L/beginner_tutorials/install/beginner_tutorials/share/beginner_tutorials/environment/path.sh
[31.968s] -- Installing: /home/mys/ros2_ws/L/beginner_tutorials/install/beginner_tutorials/share/beginner_tutorials/environment/path.dsv
[31.968s] -- Installing: /home/mys/ros2_ws/L/beginner_tutorials/install/beginner_tutorials/share/beginner_tutorials/local_setup.bash
[31.968s] -- Installing: /home/mys/ros2_ws/L/beginner_tutorials/install/beginner_tutorials/share/beginner_tutorials/local_setup.sh
[31.968s] -- Installing: /home/mys/ros2_ws/L/beginner_tutorials/install/beginner_tutorials/share/beginner_tutorials/local_setup.zsh
[31.968s] -- Installing: /home/mys/ros2_ws/L/beginner_tutorials/install/beginner_tutorials/share/beginner_tutorials/local_setup.dsv
[31.968s] -- Installing: /home/mys/ros2_ws/L/beginner_tutorials/install/beginner_tutorials/share/beginner_tutorials/package.dsv
[31.969s] -- Installing: /home/mys/ros2_ws/L/beginner_tutorials/install/beginner_tutorials/share/ament_index/resource_index/packages/beginner_tutorials
[31.969s] -- Installing: /home/mys/ros2_ws/L/beginner_tutorials/install/beginner_tutorials/share/beginner_tutorials/cmake/export_beginner_tutorials__rosidl_generator_cExport.cmake
[31.969s] -- Installing: /home/mys/ros2_ws/L/beginner_tutorials/install/beginner_tutorials/share/beginner_tutorials/cmake/export_beginner_tutorials__rosidl_generator_cExport-noconfig.cmake
[31.969s] -- Installing: /home/mys/ros2_ws/L/beginner_tutorials/install/beginner_tutorials/share/beginner_tutorials/cmake/export_beginner_tutorials__rosidl_typesupport_fastrtps_cExport.cmake
[31.969s] -- Installing: /home/mys/ros2_ws/L/beginner_tutorials/install/beginner_tutorials/share/beginner_tutorials/cmake/export_beginner_tutorials__rosidl_typesupport_fastrtps_cExport-noconfig.cmake
[31.970s] -- Installing: /home/mys/ros2_ws/L/beginner_tutorials/install/beginner_tutorials/share/beginner_tutorials/cmake/export_beginner_tutorials__rosidl_generator_cppExport.cmake
[31.970s] -- Installing: /home/mys/ros2_ws/L/beginner_tutorials/install/beginner_tutorials/share/beginner_tutorials/cmake/export_beginner_tutorials__rosidl_typesupport_fastrtps_cppExport.cmake
[31.970s] -- Installing: /home/mys/ros2_ws/L/beginner_tutorials/install/beginner_tutorials/share/beginner_tutorials/cmake/export_beginner_tutorials__rosidl_typesupport_fastrtps_cppExport-noconfig.cmake
[31.970s] -- Installing: /home/mys/ros2_ws/L/beginner_tutorials/install/beginner_tutorials/share/beginner_tutorials/cmake/beginner_tutorials__rosidl_typesupport_introspection_cExport.cmake
[31.970s] -- Installing: /home/mys/ros2_ws/L/beginner_tutorials/install/beginner_tutorials/share/beginner_tutorials/cmake/beginner_tutorials__rosidl_typesupport_introspection_cExport-noconfig.cmake
[31.971s] -- Installing: /home/mys/ros2_ws/L/beginner_tutorials/install/beginner_tutorials/share/beginner_tutorials/cmake/beginner_tutorials__rosidl_typesupport_cExport.cmake
[31.971s] -- Installing: /home/mys/ros2_ws/L/beginner_tutorials/install/beginner_tutorials/share/beginner_tutorials/cmake/beginner_tutorials__rosidl_typesupport_cExport-noconfig.cmake
[31.971s] -- Installing: /home/mys/ros2_ws/L/beginner_tutorials/install/beginner_tutorials/share/beginner_tutorials/cmake/beginner_tutorials__rosidl_typesupport_introspection_cppExport.cmake
[31.971s] -- Installing: /home/mys/ros2_ws/L/beginner_tutorials/install/beginner_tutorials/share/beginner_tutorials/cmake/beginner_tutorials__rosidl_typesupport_introspection_cppExport-noconfig.cmake
[31.972s] -- Installing: /home/mys/ros2_ws/L/beginner_tutorials/install/beginner_tutorials/share/beginner_tutorials/cmake/beginner_tutorials__rosidl_typesupport_cppExport.cmake
[31.972s] -- Installing: /home/mys/ros2_ws/L/beginner_tutorials/install/beginner_tutorials/share/beginner_tutorials/cmake/beginner_tutorials__rosidl_typesupport_cppExport-noconfig.cmake
[31.972s] -- Installing: /home/mys/ros2_ws/L/beginner_tutorials/install/beginner_tutorials/share/beginner_tutorials/cmake/export_beginner_tutorials__rosidl_generator_pyExport.cmake
[31.972s] -- Installing: /home/mys/ros2_ws/L/beginner_tutorials/install/beginner_tutorials/share/beginner_tutorials/cmake/export_beginner_tutorials__rosidl_generator_pyExport-noconfig.cmake
[31.972s] -- Installing: /home/mys/ros2_ws/L/beginner_tutorials/install/beginner_tutorials/share/beginner_tutorials/cmake/rosidl_cmake-extras.cmake
[31.973s] -- Installing: /home/mys/ros2_ws/L/beginner_tutorials/install/beginner_tutorials/share/beginner_tutorials/cmake/ament_cmake_export_include_directories-extras.cmake
[31.973s] -- Installing: /home/mys/ros2_ws/L/beginner_tutorials/install/beginner_tutorials/share/beginner_tutorials/cmake/ament_cmake_export_libraries-extras.cmake
[31.973s] -- Installing: /home/mys/ros2_ws/L/beginner_tutorials/install/beginner_tutorials/share/beginner_tutorials/cmake/ament_cmake_export_targets-extras.cmake
[31.973s] -- Installing: /home/mys/ros2_ws/L/beginner_tutorials/install/beginner_tutorials/share/beginner_tutorials/cmake/rosidl_cmake_export_typesupport_targets-extras.cmake
[31.973s] -- Installing: /home/mys/ros2_ws/L/beginner_tutorials/install/beginner_tutorials/share/beginner_tutorials/cmake/ament_cmake_export_dependencies-extras.cmake
[31.974s] -- Installing: /home/mys/ros2_ws/L/beginner_tutorials/install/beginner_tutorials/share/beginner_tutorials/cmake/rosidl_cmake_export_typesupport_libraries-extras.cmake
[31.974s] -- Installing: /home/mys/ros2_ws/L/beginner_tutorials/install/beginner_tutorials/share/beginner_tutorials/cmake/beginner_tutorialsConfig.cmake
[31.974s] -- Installing: /home/mys/ros2_ws/L/beginner_tutorials/install/beginner_tutorials/share/beginner_tutorials/cmake/beginner_tutorialsConfig-version.cmake
[31.974s] -- Installing: /home/mys/ros2_ws/L/beginner_tutorials/install/beginner_tutorials/share/beginner_tutorials/package.xml
[31.977s] Invoked command in '/home/mys/ros2_ws/L/beginner_tutorials/build/beginner_tutorials' returned '0': CMAKE_PREFIX_PATH=${CMAKE_PREFIX_PATH}:/home/mys/ros2_humble/install/rqt_bag_plugins:/home/mys/ros2_humble/install/rqt_bag:/home/mys/ros2_humble/install/ros2bag:/home/mys/ros2_humble/install/tracetools_test:/home/mys/ros2_humble/install/tracetools_launch:/home/mys/ros2_humble/install/topic_monitor:/home/mys/ros2_humble/install/tf2_tools:/home/mys/ros2_humble/install/examples_tf2_py:/home/mys/ros2_humble/install/tf2_ros_py:/home/mys/ros2_humble/install/sros2:/home/mys/ros2_humble/install/rqt_topic:/home/mys/ros2_humble/install/rqt_srv:/home/mys/ros2_humble/install/rqt_shell:/home/mys/ros2_humble/install/rqt_service_caller:/home/mys/ros2_humble/install/rqt_reconfigure:/home/mys/ros2_humble/install/rqt_py_console:/home/mys/ros2_humble/install/rqt_publisher:/home/mys/ros2_humble/install/rqt_plot:/home/mys/ros2_humble/install/rqt_action:/home/mys/ros2_humble/install/rqt_msg:/home/mys/ros2_humble/install/rqt_console:/home/mys/ros2_humble/install/rqt:/home/mys/ros2_humble/install/rqt_graph:/home/mys/ros2_humble/install/rqt_gui_py:/home/mys/ros2_humble/install/rqt_gui:/home/mys/ros2_humble/install/ros2trace:/home/mys/ros2_humble/install/ros2topic:/home/mys/ros2_humble/install/ros2test:/home/mys/ros2_humble/install/ros2component:/home/mys/ros2_humble/install/ros2param:/home/mys/ros2_humble/install/ros2lifecycle:/home/mys/ros2_humble/install/ros2service:/home/mys/ros2_humble/install/ros2run:/home/mys/ros2_humble/install/ros2launch:/home/mys/ros2_humble/install/ros2pkg:/home/mys/ros2_humble/install/ros2node:/home/mys/ros2_humble/install/ros2multicast:/home/mys/ros2_humble/install/ros2interface:/home/mys/ros2_humble/install/ros2doctor:/home/mys/ros2_humble/install/ros2action:/home/mys/ros2_humble/install/ros2cli:/home/mys/ros2_humble/install/quality_of_service_demo_py:/home/mys/ros2_humble/install/lifecycle_py:/home/mys/ros2_humble/install/launch_testing_ros:/home/mys/ros2_humble/install/launch_ros:/home/mys/ros2_humble/install/examples_rclpy_pointcloud_publisher:/home/mys/ros2_humble/install/examples_rclpy_minimal_subscriber:/home/mys/ros2_humble/install/examples_rclpy_minimal_service:/home/mys/ros2_humble/install/examples_rclpy_minimal_publisher:/home/mys/ros2_humble/install/examples_rclpy_minimal_client:/home/mys/ros2_humble/install/examples_rclpy_minimal_action_server:/home/mys/ros2_humble/install/examples_rclpy_minimal_action_client:/home/mys/ros2_humble/install/examples_rclpy_guard_conditions:/home/mys/ros2_humble/install/examples_rclpy_executors:/home/mys/ros2_humble/install/demo_nodes_py:/home/mys/ros2_humble/install/action_tutorials_py:/home/mys/ros2_humble/install/ament_uncrustify:/home/mys/ros2_humble/install/tracetools_trace:/home/mys/ros2_humble/install/tracetools_read:/home/mys/ros2_humble/install/test_tracetools_launch:/home/mys/ros2_humble/install/test_launch_ros:/home/mys/ros2_humble/install/sensor_msgs_py:/home/mys/ros2_humble/install/rpyutils:/home/mys/ros2_humble/install/rosidl_runtime_py:/home/mys/ros2_humble/install/rosidl_cli:/home/mys/ros2_humble/install/launch_pytest:/home/mys/ros2_humble/install/launch_testing:/home/mys/ros2_humble/install/launch_yaml:/home/mys/ros2_humble/install/launch_xml:/home/mys/ros2_humble/install/launch:/home/mys/ros2_humble/install/osrf_pycommon:/home/mys/ros2_humble/install/launch_testing_examples:/home/mys/ros2_humble/install/domain_coordinator:/home/mys/ros2_humble/install/ament_xmllint:/home/mys/ros2_humble/install/ament_pyflakes:/home/mys/ros2_humble/install/ament_pycodestyle:/home/mys/ros2_humble/install/ament_pep257:/home/mys/ros2_humble/install/ament_pclint:/home/mys/ros2_humble/install/ament_package:/home/mys/ros2_humble/install/ament_mypy:/home/mys/ros2_humble/install/ament_lint_cmake:/home/mys/ros2_humble/install/ament_flake8:/home/mys/ros2_humble/install/ament_copyright:/home/mys/ros2_humble/install/ament_lint:/home/mys/ros2_humble/install/ament_index_python:/home/mys/ros2_humble/install/ament_cpplint:/home/mys/ros2_humble/install/ament_cppcheck:/home/mys/ros2_humble/install/ament_clang_tidy:/home/mys/ros2_humble/install/ament_clang_format /usr/bin/cmake --install /home/mys/ros2_ws/L/beginner_tutorials/build/beginner_tutorials
