[0.049s] Invoking command in '/home/mys/GIIT/beginner_tutorials/build/beginner_tutorials': CMAKE_PREFIX_PATH=${CMAKE_PREFIX_PATH}:/home/mys/ros2_humble/install/rqt_bag_plugins:/home/mys/ros2_humble/install/rqt_bag:/home/mys/ros2_humble/install/ros2bag:/home/mys/ros2_humble/install/tracetools_test:/home/mys/ros2_humble/install/tracetools_launch:/home/mys/ros2_humble/install/topic_monitor:/home/mys/ros2_humble/install/tf2_tools:/home/mys/ros2_humble/install/examples_tf2_py:/home/mys/ros2_humble/install/tf2_ros_py:/home/mys/ros2_humble/install/sros2:/home/mys/ros2_humble/install/rqt_topic:/home/mys/ros2_humble/install/rqt_srv:/home/mys/ros2_humble/install/rqt_shell:/home/mys/ros2_humble/install/rqt_service_caller:/home/mys/ros2_humble/install/rqt_reconfigure:/home/mys/ros2_humble/install/rqt_py_console:/home/mys/ros2_humble/install/rqt_publisher:/home/mys/ros2_humble/install/rqt_plot:/home/mys/ros2_humble/install/rqt_action:/home/mys/ros2_humble/install/rqt_msg:/home/mys/ros2_humble/install/rqt_console:/home/mys/ros2_humble/install/rqt:/home/mys/ros2_humble/install/rqt_graph:/home/mys/ros2_humble/install/rqt_gui_py:/home/mys/ros2_humble/install/rqt_gui:/home/mys/ros2_humble/install/ros2trace:/home/mys/ros2_humble/install/ros2topic:/home/mys/ros2_humble/install/ros2test:/home/mys/ros2_humble/install/ros2component:/home/mys/ros2_humble/install/ros2param:/home/mys/ros2_humble/install/ros2lifecycle:/home/mys/ros2_humble/install/ros2service:/home/mys/ros2_humble/install/ros2run:/home/mys/ros2_humble/install/ros2launch:/home/mys/ros2_humble/install/ros2pkg:/home/mys/ros2_humble/install/ros2node:/home/mys/ros2_humble/install/ros2multicast:/home/mys/ros2_humble/install/ros2interface:/home/mys/ros2_humble/install/ros2doctor:/home/mys/ros2_humble/install/ros2action:/home/mys/ros2_humble/install/ros2cli:/home/mys/ros2_humble/install/quality_of_service_demo_py:/home/mys/ros2_humble/install/lifecycle_py:/home/mys/ros2_humble/install/launch_testing_ros:/home/mys/ros2_humble/install/launch_ros:/home/mys/ros2_humble/install/examples_rclpy_pointcloud_publisher:/home/mys/ros2_humble/install/examples_rclpy_minimal_subscriber:/home/mys/ros2_humble/install/examples_rclpy_minimal_service:/home/mys/ros2_humble/install/examples_rclpy_minimal_publisher:/home/mys/ros2_humble/install/examples_rclpy_minimal_client:/home/mys/ros2_humble/install/examples_rclpy_minimal_action_server:/home/mys/ros2_humble/install/examples_rclpy_minimal_action_client:/home/mys/ros2_humble/install/examples_rclpy_guard_conditions:/home/mys/ros2_humble/install/examples_rclpy_executors:/home/mys/ros2_humble/install/demo_nodes_py:/home/mys/ros2_humble/install/action_tutorials_py:/home/mys/ros2_humble/install/ament_uncrustify:/home/mys/ros2_humble/install/tracetools_trace:/home/mys/ros2_humble/install/tracetools_read:/home/mys/ros2_humble/install/test_tracetools_launch:/home/mys/ros2_humble/install/test_launch_ros:/home/mys/ros2_humble/install/sensor_msgs_py:/home/mys/ros2_humble/install/rpyutils:/home/mys/ros2_humble/install/rosidl_runtime_py:/home/mys/ros2_humble/install/rosidl_cli:/home/mys/ros2_humble/install/launch_pytest:/home/mys/ros2_humble/install/launch_testing:/home/mys/ros2_humble/install/launch_yaml:/home/mys/ros2_humble/install/launch_xml:/home/mys/ros2_humble/install/launch:/home/mys/ros2_humble/install/osrf_pycommon:/home/mys/ros2_humble/install/launch_testing_examples:/home/mys/ros2_humble/install/domain_coordinator:/home/mys/ros2_humble/install/ament_xmllint:/home/mys/ros2_humble/install/ament_pyflakes:/home/mys/ros2_humble/install/ament_pycodestyle:/home/mys/ros2_humble/install/ament_pep257:/home/mys/ros2_humble/install/ament_pclint:/home/mys/ros2_humble/install/ament_package:/home/mys/ros2_humble/install/ament_mypy:/home/mys/ros2_humble/install/ament_lint_cmake:/home/mys/ros2_humble/install/ament_flake8:/home/mys/ros2_humble/install/ament_copyright:/home/mys/ros2_humble/install/ament_lint:/home/mys/ros2_humble/install/ament_index_python:/home/mys/ros2_humble/install/ament_cpplint:/home/mys/ros2_humble/install/ament_cppcheck:/home/mys/ros2_humble/install/ament_clang_tidy:/home/mys/ros2_humble/install/ament_clang_format /usr/bin/cmake --build /home/mys/GIIT/beginner_tutorials/build/beginner_tutorials -- -j12 -l12
[0.264s] [  8%] Built target beginner_tutorials__rosidl_generator_c
[0.271s] [ 11%] Built target beginner_tutorials__cpp
[0.287s] [ 11%] Built target ament_cmake_python_copy_beginner_tutorials
[0.288s] [ 17%] Built target listener
[0.326s] [ 25%] Built target beginner_tutorials__rosidl_typesupport_introspection_c
[0.326s] [ 34%] Built target beginner_tutorials__rosidl_typesupport_fastrtps_c
[0.328s] [ 42%] Built target beginner_tutorials__rosidl_typesupport_cpp
[0.328s] [ 51%] Built target beginner_tutorials__rosidl_typesupport_c
[0.334s] [ 68%] Built target beginner_tutorials__rosidl_typesupport_introspection_cpp
[0.334s] [ 68%] Built target beginner_tutorials__rosidl_typesupport_fastrtps_cpp
[0.392s] [ 71%] Built target beginner_tutorials
[0.392s] [ 74%] Built target talker
[0.460s] [ 77%] Built target beginner_tutorials__py
[0.529s] [ 82%] Built target beginner_tutorials__rosidl_generator_py
[0.580s] [ 88%] Built target beginner_tutorials__rosidl_typesupport_c__pyext
[0.583s] [ 94%] Built target beginner_tutorials__rosidl_typesupport_fastrtps_c__pyext
[0.594s] [100%] Built target beginner_tutorials__rosidl_typesupport_introspection_c__pyext
[1.030s] running egg_info
[1.031s] writing beginner_tutorials.egg-info/PKG-INFO
[1.031s] writing dependency_links to beginner_tutorials.egg-info/dependency_links.txt
[1.031s] writing top-level names to beginner_tutorials.egg-info/top_level.txt
[1.067s] reading manifest file 'beginner_tutorials.egg-info/SOURCES.txt'
[1.068s] writing manifest file 'beginner_tutorials.egg-info/SOURCES.txt'
[1.110s] [100%] Built target ament_cmake_python_build_beginner_tutorials_egg
[1.129s] Invoked command in '/home/mys/GIIT/beginner_tutorials/build/beginner_tutorials' returned '0': CMAKE_PREFIX_PATH=${CMAKE_PREFIX_PATH}:/home/mys/ros2_humble/install/rqt_bag_plugins:/home/mys/ros2_humble/install/rqt_bag:/home/mys/ros2_humble/install/ros2bag:/home/mys/ros2_humble/install/tracetools_test:/home/mys/ros2_humble/install/tracetools_launch:/home/mys/ros2_humble/install/topic_monitor:/home/mys/ros2_humble/install/tf2_tools:/home/mys/ros2_humble/install/examples_tf2_py:/home/mys/ros2_humble/install/tf2_ros_py:/home/mys/ros2_humble/install/sros2:/home/mys/ros2_humble/install/rqt_topic:/home/mys/ros2_humble/install/rqt_srv:/home/mys/ros2_humble/install/rqt_shell:/home/mys/ros2_humble/install/rqt_service_caller:/home/mys/ros2_humble/install/rqt_reconfigure:/home/mys/ros2_humble/install/rqt_py_console:/home/mys/ros2_humble/install/rqt_publisher:/home/mys/ros2_humble/install/rqt_plot:/home/mys/ros2_humble/install/rqt_action:/home/mys/ros2_humble/install/rqt_msg:/home/mys/ros2_humble/install/rqt_console:/home/mys/ros2_humble/install/rqt:/home/mys/ros2_humble/install/rqt_graph:/home/mys/ros2_humble/install/rqt_gui_py:/home/mys/ros2_humble/install/rqt_gui:/home/mys/ros2_humble/install/ros2trace:/home/mys/ros2_humble/install/ros2topic:/home/mys/ros2_humble/install/ros2test:/home/mys/ros2_humble/install/ros2component:/home/mys/ros2_humble/install/ros2param:/home/mys/ros2_humble/install/ros2lifecycle:/home/mys/ros2_humble/install/ros2service:/home/mys/ros2_humble/install/ros2run:/home/mys/ros2_humble/install/ros2launch:/home/mys/ros2_humble/install/ros2pkg:/home/mys/ros2_humble/install/ros2node:/home/mys/ros2_humble/install/ros2multicast:/home/mys/ros2_humble/install/ros2interface:/home/mys/ros2_humble/install/ros2doctor:/home/mys/ros2_humble/install/ros2action:/home/mys/ros2_humble/install/ros2cli:/home/mys/ros2_humble/install/quality_of_service_demo_py:/home/mys/ros2_humble/install/lifecycle_py:/home/mys/ros2_humble/install/launch_testing_ros:/home/mys/ros2_humble/install/launch_ros:/home/mys/ros2_humble/install/examples_rclpy_pointcloud_publisher:/home/mys/ros2_humble/install/examples_rclpy_minimal_subscriber:/home/mys/ros2_humble/install/examples_rclpy_minimal_service:/home/mys/ros2_humble/install/examples_rclpy_minimal_publisher:/home/mys/ros2_humble/install/examples_rclpy_minimal_client:/home/mys/ros2_humble/install/examples_rclpy_minimal_action_server:/home/mys/ros2_humble/install/examples_rclpy_minimal_action_client:/home/mys/ros2_humble/install/examples_rclpy_guard_conditions:/home/mys/ros2_humble/install/examples_rclpy_executors:/home/mys/ros2_humble/install/demo_nodes_py:/home/mys/ros2_humble/install/action_tutorials_py:/home/mys/ros2_humble/install/ament_uncrustify:/home/mys/ros2_humble/install/tracetools_trace:/home/mys/ros2_humble/install/tracetools_read:/home/mys/ros2_humble/install/test_tracetools_launch:/home/mys/ros2_humble/install/test_launch_ros:/home/mys/ros2_humble/install/sensor_msgs_py:/home/mys/ros2_humble/install/rpyutils:/home/mys/ros2_humble/install/rosidl_runtime_py:/home/mys/ros2_humble/install/rosidl_cli:/home/mys/ros2_humble/install/launch_pytest:/home/mys/ros2_humble/install/launch_testing:/home/mys/ros2_humble/install/launch_yaml:/home/mys/ros2_humble/install/launch_xml:/home/mys/ros2_humble/install/launch:/home/mys/ros2_humble/install/osrf_pycommon:/home/mys/ros2_humble/install/launch_testing_examples:/home/mys/ros2_humble/install/domain_coordinator:/home/mys/ros2_humble/install/ament_xmllint:/home/mys/ros2_humble/install/ament_pyflakes:/home/mys/ros2_humble/install/ament_pycodestyle:/home/mys/ros2_humble/install/ament_pep257:/home/mys/ros2_humble/install/ament_pclint:/home/mys/ros2_humble/install/ament_package:/home/mys/ros2_humble/install/ament_mypy:/home/mys/ros2_humble/install/ament_lint_cmake:/home/mys/ros2_humble/install/ament_flake8:/home/mys/ros2_humble/install/ament_copyright:/home/mys/ros2_humble/install/ament_lint:/home/mys/ros2_humble/install/ament_index_python:/home/mys/ros2_humble/install/ament_cpplint:/home/mys/ros2_humble/install/ament_cppcheck:/home/mys/ros2_humble/install/ament_clang_tidy:/home/mys/ros2_humble/install/ament_clang_format /usr/bin/cmake --build /home/mys/GIIT/beginner_tutorials/build/beginner_tutorials -- -j12 -l12
[1.418s] Invoking command in '/home/mys/GIIT/beginner_tutorials/build/beginner_tutorials': CMAKE_PREFIX_PATH=${CMAKE_PREFIX_PATH}:/home/mys/ros2_humble/install/rqt_bag_plugins:/home/mys/ros2_humble/install/rqt_bag:/home/mys/ros2_humble/install/ros2bag:/home/mys/ros2_humble/install/tracetools_test:/home/mys/ros2_humble/install/tracetools_launch:/home/mys/ros2_humble/install/topic_monitor:/home/mys/ros2_humble/install/tf2_tools:/home/mys/ros2_humble/install/examples_tf2_py:/home/mys/ros2_humble/install/tf2_ros_py:/home/mys/ros2_humble/install/sros2:/home/mys/ros2_humble/install/rqt_topic:/home/mys/ros2_humble/install/rqt_srv:/home/mys/ros2_humble/install/rqt_shell:/home/mys/ros2_humble/install/rqt_service_caller:/home/mys/ros2_humble/install/rqt_reconfigure:/home/mys/ros2_humble/install/rqt_py_console:/home/mys/ros2_humble/install/rqt_publisher:/home/mys/ros2_humble/install/rqt_plot:/home/mys/ros2_humble/install/rqt_action:/home/mys/ros2_humble/install/rqt_msg:/home/mys/ros2_humble/install/rqt_console:/home/mys/ros2_humble/install/rqt:/home/mys/ros2_humble/install/rqt_graph:/home/mys/ros2_humble/install/rqt_gui_py:/home/mys/ros2_humble/install/rqt_gui:/home/mys/ros2_humble/install/ros2trace:/home/mys/ros2_humble/install/ros2topic:/home/mys/ros2_humble/install/ros2test:/home/mys/ros2_humble/install/ros2component:/home/mys/ros2_humble/install/ros2param:/home/mys/ros2_humble/install/ros2lifecycle:/home/mys/ros2_humble/install/ros2service:/home/mys/ros2_humble/install/ros2run:/home/mys/ros2_humble/install/ros2launch:/home/mys/ros2_humble/install/ros2pkg:/home/mys/ros2_humble/install/ros2node:/home/mys/ros2_humble/install/ros2multicast:/home/mys/ros2_humble/install/ros2interface:/home/mys/ros2_humble/install/ros2doctor:/home/mys/ros2_humble/install/ros2action:/home/mys/ros2_humble/install/ros2cli:/home/mys/ros2_humble/install/quality_of_service_demo_py:/home/mys/ros2_humble/install/lifecycle_py:/home/mys/ros2_humble/install/launch_testing_ros:/home/mys/ros2_humble/install/launch_ros:/home/mys/ros2_humble/install/examples_rclpy_pointcloud_publisher:/home/mys/ros2_humble/install/examples_rclpy_minimal_subscriber:/home/mys/ros2_humble/install/examples_rclpy_minimal_service:/home/mys/ros2_humble/install/examples_rclpy_minimal_publisher:/home/mys/ros2_humble/install/examples_rclpy_minimal_client:/home/mys/ros2_humble/install/examples_rclpy_minimal_action_server:/home/mys/ros2_humble/install/examples_rclpy_minimal_action_client:/home/mys/ros2_humble/install/examples_rclpy_guard_conditions:/home/mys/ros2_humble/install/examples_rclpy_executors:/home/mys/ros2_humble/install/demo_nodes_py:/home/mys/ros2_humble/install/action_tutorials_py:/home/mys/ros2_humble/install/ament_uncrustify:/home/mys/ros2_humble/install/tracetools_trace:/home/mys/ros2_humble/install/tracetools_read:/home/mys/ros2_humble/install/test_tracetools_launch:/home/mys/ros2_humble/install/test_launch_ros:/home/mys/ros2_humble/install/sensor_msgs_py:/home/mys/ros2_humble/install/rpyutils:/home/mys/ros2_humble/install/rosidl_runtime_py:/home/mys/ros2_humble/install/rosidl_cli:/home/mys/ros2_humble/install/launch_pytest:/home/mys/ros2_humble/install/launch_testing:/home/mys/ros2_humble/install/launch_yaml:/home/mys/ros2_humble/install/launch_xml:/home/mys/ros2_humble/install/launch:/home/mys/ros2_humble/install/osrf_pycommon:/home/mys/ros2_humble/install/launch_testing_examples:/home/mys/ros2_humble/install/domain_coordinator:/home/mys/ros2_humble/install/ament_xmllint:/home/mys/ros2_humble/install/ament_pyflakes:/home/mys/ros2_humble/install/ament_pycodestyle:/home/mys/ros2_humble/install/ament_pep257:/home/mys/ros2_humble/install/ament_pclint:/home/mys/ros2_humble/install/ament_package:/home/mys/ros2_humble/install/ament_mypy:/home/mys/ros2_humble/install/ament_lint_cmake:/home/mys/ros2_humble/install/ament_flake8:/home/mys/ros2_humble/install/ament_copyright:/home/mys/ros2_humble/install/ament_lint:/home/mys/ros2_humble/install/ament_index_python:/home/mys/ros2_humble/install/ament_cpplint:/home/mys/ros2_humble/install/ament_cppcheck:/home/mys/ros2_humble/install/ament_clang_tidy:/home/mys/ros2_humble/install/ament_clang_format /usr/bin/cmake --install /home/mys/GIIT/beginner_tutorials/build/beginner_tutorials
[1.440s] -- Install configuration: ""
[1.440s] -- Up-to-date: /home/mys/GIIT/beginner_tutorials/install/beginner_tutorials/share/ament_index/resource_index/rosidl_interfaces/beginner_tutorials
[1.440s] -- Up-to-date: /home/mys/GIIT/beginner_tutorials/install/beginner_tutorials/include/beginner_tutorials/beginner_tutorials
[1.440s] -- Up-to-date: /home/mys/GIIT/beginner_tutorials/install/beginner_tutorials/include/beginner_tutorials/beginner_tutorials/msg
[1.440s] -- Up-to-date: /home/mys/GIIT/beginner_tutorials/install/beginner_tutorials/include/beginner_tutorials/beginner_tutorials/msg/rosidl_generator_c__visibility_control.h
[1.441s] -- Up-to-date: /home/mys/GIIT/beginner_tutorials/install/beginner_tutorials/include/beginner_tutorials/beginner_tutorials/srv
[1.441s] -- Up-to-date: /home/mys/GIIT/beginner_tutorials/install/beginner_tutorials/include/beginner_tutorials/beginner_tutorials/srv/update_message.h
[1.441s] -- Up-to-date: /home/mys/GIIT/beginner_tutorials/install/beginner_tutorials/include/beginner_tutorials/beginner_tutorials/srv/detail
[1.441s] -- Up-to-date: /home/mys/GIIT/beginner_tutorials/install/beginner_tutorials/include/beginner_tutorials/beginner_tutorials/srv/detail/update_message__struct.h
[1.442s] -- Up-to-date: /home/mys/GIIT/beginner_tutorials/install/beginner_tutorials/include/beginner_tutorials/beginner_tutorials/srv/detail/update_message__type_support.h
[1.442s] -- Up-to-date: /home/mys/GIIT/beginner_tutorials/install/beginner_tutorials/include/beginner_tutorials/beginner_tutorials/srv/detail/update_message__functions.c
[1.442s] -- Up-to-date: /home/mys/GIIT/beginner_tutorials/install/beginner_tutorials/include/beginner_tutorials/beginner_tutorials/srv/detail/update_message__functions.h
[1.442s] -- Up-to-date: /home/mys/GIIT/beginner_tutorials/install/beginner_tutorials/share/beginner_tutorials/environment/library_path.sh
[1.442s] -- Up-to-date: /home/mys/GIIT/beginner_tutorials/install/beginner_tutorials/share/beginner_tutorials/environment/library_path.dsv
[1.442s] -- Up-to-date: /home/mys/GIIT/beginner_tutorials/install/beginner_tutorials/lib/libbeginner_tutorials__rosidl_generator_c.so
[1.442s] -- Up-to-date: /home/mys/GIIT/beginner_tutorials/install/beginner_tutorials/include/beginner_tutorials/beginner_tutorials
[1.442s] -- Up-to-date: /home/mys/GIIT/beginner_tutorials/install/beginner_tutorials/include/beginner_tutorials/beginner_tutorials/msg
[1.443s] -- Up-to-date: /home/mys/GIIT/beginner_tutorials/install/beginner_tutorials/include/beginner_tutorials/beginner_tutorials/msg/rosidl_typesupport_fastrtps_c__visibility_control.h
[1.443s] -- Up-to-date: /home/mys/GIIT/beginner_tutorials/install/beginner_tutorials/include/beginner_tutorials/beginner_tutorials/srv
[1.443s] -- Up-to-date: /home/mys/GIIT/beginner_tutorials/install/beginner_tutorials/include/beginner_tutorials/beginner_tutorials/srv/detail
[1.443s] -- Up-to-date: /home/mys/GIIT/beginner_tutorials/install/beginner_tutorials/include/beginner_tutorials/beginner_tutorials/srv/detail/update_message__rosidl_typesupport_fastrtps_c.h
[1.443s] -- Up-to-date: /home/mys/GIIT/beginner_tutorials/install/beginner_tutorials/lib/libbeginner_tutorials__rosidl_typesupport_fastrtps_c.so
[1.443s] -- Up-to-date: /home/mys/GIIT/beginner_tutorials/install/beginner_tutorials/include/beginner_tutorials/beginner_tutorials
[1.443s] -- Up-to-date: /home/mys/GIIT/beginner_tutorials/install/beginner_tutorials/include/beginner_tutorials/beginner_tutorials/srv
[1.443s] -- Up-to-date: /home/mys/GIIT/beginner_tutorials/install/beginner_tutorials/include/beginner_tutorials/beginner_tutorials/srv/detail
[1.443s] -- Up-to-date: /home/mys/GIIT/beginner_tutorials/install/beginner_tutorials/include/beginner_tutorials/beginner_tutorials/srv/detail/update_message__struct.hpp
[1.444s] -- Up-to-date: /home/mys/GIIT/beginner_tutorials/install/beginner_tutorials/include/beginner_tutorials/beginner_tutorials/srv/detail/update_message__builder.hpp
[1.444s] -- Up-to-date: /home/mys/GIIT/beginner_tutorials/install/beginner_tutorials/include/beginner_tutorials/beginner_tutorials/srv/detail/update_message__traits.hpp
[1.444s] -- Up-to-date: /home/mys/GIIT/beginner_tutorials/install/beginner_tutorials/include/beginner_tutorials/beginner_tutorials/srv/update_message.hpp
[1.444s] -- Up-to-date: /home/mys/GIIT/beginner_tutorials/install/beginner_tutorials/include/beginner_tutorials/beginner_tutorials
[1.444s] -- Up-to-date: /home/mys/GIIT/beginner_tutorials/install/beginner_tutorials/include/beginner_tutorials/beginner_tutorials/msg
[1.444s] -- Up-to-date: /home/mys/GIIT/beginner_tutorials/install/beginner_tutorials/include/beginner_tutorials/beginner_tutorials/msg/rosidl_typesupport_fastrtps_cpp__visibility_control.h
[1.444s] -- Up-to-date: /home/mys/GIIT/beginner_tutorials/install/beginner_tutorials/include/beginner_tutorials/beginner_tutorials/srv
[1.445s] -- Up-to-date: /home/mys/GIIT/beginner_tutorials/install/beginner_tutorials/include/beginner_tutorials/beginner_tutorials/srv/detail
[1.445s] -- Up-to-date: /home/mys/GIIT/beginner_tutorials/install/beginner_tutorials/include/beginner_tutorials/beginner_tutorials/srv/detail/dds_fastrtps
[1.445s] -- Up-to-date: /home/mys/GIIT/beginner_tutorials/install/beginner_tutorials/include/beginner_tutorials/beginner_tutorials/srv/detail/update_message__rosidl_typesupport_fastrtps_cpp.hpp
[1.445s] -- Up-to-date: /home/mys/GIIT/beginner_tutorials/install/beginner_tutorials/lib/libbeginner_tutorials__rosidl_typesupport_fastrtps_cpp.so
[1.445s] -- Up-to-date: /home/mys/GIIT/beginner_tutorials/install/beginner_tutorials/include/beginner_tutorials/beginner_tutorials
[1.445s] -- Up-to-date: /home/mys/GIIT/beginner_tutorials/install/beginner_tutorials/include/beginner_tutorials/beginner_tutorials/msg
[1.445s] -- Up-to-date: /home/mys/GIIT/beginner_tutorials/install/beginner_tutorials/include/beginner_tutorials/beginner_tutorials/msg/rosidl_typesupport_introspection_c__visibility_control.h
[1.445s] -- Up-to-date: /home/mys/GIIT/beginner_tutorials/install/beginner_tutorials/include/beginner_tutorials/beginner_tutorials/srv
[1.445s] -- Up-to-date: /home/mys/GIIT/beginner_tutorials/install/beginner_tutorials/include/beginner_tutorials/beginner_tutorials/srv/detail
[1.445s] -- Up-to-date: /home/mys/GIIT/beginner_tutorials/install/beginner_tutorials/include/beginner_tutorials/beginner_tutorials/srv/detail/update_message__type_support.c
[1.446s] -- Up-to-date: /home/mys/GIIT/beginner_tutorials/install/beginner_tutorials/include/beginner_tutorials/beginner_tutorials/srv/detail/update_message__rosidl_typesupport_introspection_c.h
[1.446s] -- Up-to-date: /home/mys/GIIT/beginner_tutorials/install/beginner_tutorials/lib/libbeginner_tutorials__rosidl_typesupport_introspection_c.so
[1.446s] -- Up-to-date: /home/mys/GIIT/beginner_tutorials/install/beginner_tutorials/lib/libbeginner_tutorials__rosidl_typesupport_c.so
[1.446s] -- Up-to-date: /home/mys/GIIT/beginner_tutorials/install/beginner_tutorials/include/beginner_tutorials/beginner_tutorials
[1.446s] -- Up-to-date: /home/mys/GIIT/beginner_tutorials/install/beginner_tutorials/include/beginner_tutorials/beginner_tutorials/srv
[1.446s] -- Up-to-date: /home/mys/GIIT/beginner_tutorials/install/beginner_tutorials/include/beginner_tutorials/beginner_tutorials/srv/detail
[1.446s] -- Up-to-date: /home/mys/GIIT/beginner_tutorials/install/beginner_tutorials/include/beginner_tutorials/beginner_tutorials/srv/detail/update_message__type_support.cpp
[1.446s] -- Up-to-date: /home/mys/GIIT/beginner_tutorials/install/beginner_tutorials/include/beginner_tutorials/beginner_tutorials/srv/detail/update_message__rosidl_typesupport_introspection_cpp.hpp
[1.446s] -- Up-to-date: /home/mys/GIIT/beginner_tutorials/install/beginner_tutorials/lib/libbeginner_tutorials__rosidl_typesupport_introspection_cpp.so
[1.446s] -- Up-to-date: /home/mys/GIIT/beginner_tutorials/install/beginner_tutorials/lib/libbeginner_tutorials__rosidl_typesupport_cpp.so
[1.447s] -- Up-to-date: /home/mys/GIIT/beginner_tutorials/install/beginner_tutorials/share/beginner_tutorials/environment/pythonpath.sh
[1.447s] -- Up-to-date: /home/mys/GIIT/beginner_tutorials/install/beginner_tutorials/share/beginner_tutorials/environment/pythonpath.dsv
[1.447s] -- Up-to-date: /home/mys/GIIT/beginner_tutorials/install/beginner_tutorials/lib/python3.8/site-packages/beginner_tutorials-0.0.0-py3.8.egg-info
[1.447s] -- Installing: /home/mys/GIIT/beginner_tutorials/install/beginner_tutorials/lib/python3.8/site-packages/beginner_tutorials-0.0.0-py3.8.egg-info/top_level.txt
[1.447s] -- Installing: /home/mys/GIIT/beginner_tutorials/install/beginner_tutorials/lib/python3.8/site-packages/beginner_tutorials-0.0.0-py3.8.egg-info/SOURCES.txt
[1.447s] -- Installing: /home/mys/GIIT/beginner_tutorials/install/beginner_tutorials/lib/python3.8/site-packages/beginner_tutorials-0.0.0-py3.8.egg-info/PKG-INFO
[1.447s] -- Installing: /home/mys/GIIT/beginner_tutorials/install/beginner_tutorials/lib/python3.8/site-packages/beginner_tutorials-0.0.0-py3.8.egg-info/dependency_links.txt
[1.447s] -- Up-to-date: /home/mys/GIIT/beginner_tutorials/install/beginner_tutorials/lib/python3.8/site-packages/beginner_tutorials
[1.447s] -- Up-to-date: /home/mys/GIIT/beginner_tutorials/install/beginner_tutorials/lib/python3.8/site-packages/beginner_tutorials/beginner_tutorials_s__rosidl_typesupport_c.cpython-38-x86_64-linux-gnu.so
[1.447s] -- Up-to-date: /home/mys/GIIT/beginner_tutorials/install/beginner_tutorials/lib/python3.8/site-packages/beginner_tutorials/beginner_tutorials_s__rosidl_typesupport_fastrtps_c.cpython-38-x86_64-linux-gnu.so
[1.447s] -- Up-to-date: /home/mys/GIIT/beginner_tutorials/install/beginner_tutorials/lib/python3.8/site-packages/beginner_tutorials/libbeginner_tutorials__rosidl_generator_py.so
[1.448s] -- Up-to-date: /home/mys/GIIT/beginner_tutorials/install/beginner_tutorials/lib/python3.8/site-packages/beginner_tutorials/_beginner_tutorials_s.ep.rosidl_typesupport_c.c
[1.448s] -- Up-to-date: /home/mys/GIIT/beginner_tutorials/install/beginner_tutorials/lib/python3.8/site-packages/beginner_tutorials/beginner_tutorials_s__rosidl_typesupport_introspection_c.cpython-38-x86_64-linux-gnu.so
[1.448s] -- Up-to-date: /home/mys/GIIT/beginner_tutorials/install/beginner_tutorials/lib/python3.8/site-packages/beginner_tutorials/srv
[1.448s] -- Up-to-date: /home/mys/GIIT/beginner_tutorials/install/beginner_tutorials/lib/python3.8/site-packages/beginner_tutorials/srv/_update_message.py
[1.448s] -- Up-to-date: /home/mys/GIIT/beginner_tutorials/install/beginner_tutorials/lib/python3.8/site-packages/beginner_tutorials/srv/_update_message_s.c
[1.448s] -- Up-to-date: /home/mys/GIIT/beginner_tutorials/install/beginner_tutorials/lib/python3.8/site-packages/beginner_tutorials/srv/__init__.py
[1.448s] -- Up-to-date: /home/mys/GIIT/beginner_tutorials/install/beginner_tutorials/lib/python3.8/site-packages/beginner_tutorials/_beginner_tutorials_s.ep.rosidl_typesupport_introspection_c.c
[1.448s] -- Up-to-date: /home/mys/GIIT/beginner_tutorials/install/beginner_tutorials/lib/python3.8/site-packages/beginner_tutorials/_beginner_tutorials_s.ep.rosidl_typesupport_fastrtps_c.c
[1.449s] -- Up-to-date: /home/mys/GIIT/beginner_tutorials/install/beginner_tutorials/lib/python3.8/site-packages/beginner_tutorials/__init__.py
[1.870s] Listing '/home/mys/GIIT/beginner_tutorials/install/beginner_tutorials/lib/python3.8/site-packages/beginner_tutorials'...
[1.870s] Listing '/home/mys/GIIT/beginner_tutorials/install/beginner_tutorials/lib/python3.8/site-packages/beginner_tutorials/srv'...
[1.874s] -- Up-to-date: /home/mys/GIIT/beginner_tutorials/install/beginner_tutorials/lib/python3.8/site-packages/beginner_tutorials/beginner_tutorials_s__rosidl_typesupport_introspection_c.cpython-38-x86_64-linux-gnu.so
[1.875s] -- Up-to-date: /home/mys/GIIT/beginner_tutorials/install/beginner_tutorials/lib/python3.8/site-packages/beginner_tutorials/beginner_tutorials_s__rosidl_typesupport_fastrtps_c.cpython-38-x86_64-linux-gnu.so
[1.877s] -- Up-to-date: /home/mys/GIIT/beginner_tutorials/install/beginner_tutorials/lib/python3.8/site-packages/beginner_tutorials/beginner_tutorials_s__rosidl_typesupport_c.cpython-38-x86_64-linux-gnu.so
[1.878s] -- Up-to-date: /home/mys/GIIT/beginner_tutorials/install/beginner_tutorials/lib/libbeginner_tutorials__rosidl_generator_py.so
[1.878s] -- Up-to-date: /home/mys/GIIT/beginner_tutorials/install/beginner_tutorials/share/beginner_tutorials/srv/UpdateMessage.idl
[1.879s] -- Up-to-date: /home/mys/GIIT/beginner_tutorials/install/beginner_tutorials/share/beginner_tutorials/srv/UpdateMessage.srv
[1.879s] -- Up-to-date: /home/mys/GIIT/beginner_tutorials/install/beginner_tutorials/share/beginner_tutorials/srv/UpdateMessage_Request.msg
[1.879s] -- Up-to-date: /home/mys/GIIT/beginner_tutorials/install/beginner_tutorials/share/beginner_tutorials/srv/UpdateMessage_Response.msg
[1.879s] -- Up-to-date: /home/mys/GIIT/beginner_tutorials/install/beginner_tutorials/lib/beginner_tutorials/talker
[1.879s] -- Up-to-date: /home/mys/GIIT/beginner_tutorials/install/beginner_tutorials/lib/beginner_tutorials/listener
[1.880s] -- Up-to-date: /home/mys/GIIT/beginner_tutorials/install/beginner_tutorials/share/beginner_tutorials/launch
[1.880s] -- Up-to-date: /home/mys/GIIT/beginner_tutorials/install/beginner_tutorials/share/beginner_tutorials/launch/pubsub_service_launch.yaml
[1.880s] -- Installing: /home/mys/GIIT/beginner_tutorials/install/beginner_tutorials/share/beginner_tutorials/launch/rosbag_launch.py
[1.880s] -- Up-to-date: /home/mys/GIIT/beginner_tutorials/install/beginner_tutorials/share/ament_index/resource_index/package_run_dependencies/beginner_tutorials
[1.881s] -- Up-to-date: /home/mys/GIIT/beginner_tutorials/install/beginner_tutorials/share/ament_index/resource_index/parent_prefix_path/beginner_tutorials
[1.881s] -- Up-to-date: /home/mys/GIIT/beginner_tutorials/install/beginner_tutorials/share/beginner_tutorials/environment/ament_prefix_path.dsv
[1.881s] -- Up-to-date: /home/mys/GIIT/beginner_tutorials/install/beginner_tutorials/share/beginner_tutorials/environment/path.dsv
[1.882s] -- Up-to-date: /home/mys/GIIT/beginner_tutorials/install/beginner_tutorials/share/beginner_tutorials/local_setup.bash
[1.882s] -- Up-to-date: /home/mys/GIIT/beginner_tutorials/install/beginner_tutorials/share/beginner_tutorials/local_setup.sh
[1.883s] -- Up-to-date: /home/mys/GIIT/beginner_tutorials/install/beginner_tutorials/share/beginner_tutorials/local_setup.zsh
[1.883s] -- Up-to-date: /home/mys/GIIT/beginner_tutorials/install/beginner_tutorials/share/beginner_tutorials/local_setup.dsv
[1.883s] -- Installing: /home/mys/GIIT/beginner_tutorials/install/beginner_tutorials/share/beginner_tutorials/package.dsv
[1.883s] -- Up-to-date: /home/mys/GIIT/beginner_tutorials/install/beginner_tutorials/share/ament_index/resource_index/packages/beginner_tutorials
[1.883s] -- Up-to-date: /home/mys/GIIT/beginner_tutorials/install/beginner_tutorials/share/beginner_tutorials/cmake/export_beginner_tutorials__rosidl_generator_cExport.cmake
[1.884s] -- Up-to-date: /home/mys/GIIT/beginner_tutorials/install/beginner_tutorials/share/beginner_tutorials/cmake/export_beginner_tutorials__rosidl_generator_cExport-noconfig.cmake
[1.884s] -- Up-to-date: /home/mys/GIIT/beginner_tutorials/install/beginner_tutorials/share/beginner_tutorials/cmake/export_beginner_tutorials__rosidl_typesupport_fastrtps_cExport.cmake
[1.884s] -- Up-to-date: /home/mys/GIIT/beginner_tutorials/install/beginner_tutorials/share/beginner_tutorials/cmake/export_beginner_tutorials__rosidl_typesupport_fastrtps_cExport-noconfig.cmake
[1.884s] -- Up-to-date: /home/mys/GIIT/beginner_tutorials/install/beginner_tutorials/share/beginner_tutorials/cmake/export_beginner_tutorials__rosidl_generator_cppExport.cmake
[1.884s] -- Up-to-date: /home/mys/GIIT/beginner_tutorials/install/beginner_tutorials/share/beginner_tutorials/cmake/export_beginner_tutorials__rosidl_typesupport_fastrtps_cppExport.cmake
[1.884s] -- Up-to-date: /home/mys/GIIT/beginner_tutorials/install/beginner_tutorials/share/beginner_tutorials/cmake/export_beginner_tutorials__rosidl_typesupport_fastrtps_cppExport-noconfig.cmake
[1.884s] -- Up-to-date: /home/mys/GIIT/beginner_tutorials/install/beginner_tutorials/share/beginner_tutorials/cmake/beginner_tutorials__rosidl_typesupport_introspection_cExport.cmake
[1.885s] -- Up-to-date: /home/mys/GIIT/beginner_tutorials/install/beginner_tutorials/share/beginner_tutorials/cmake/beginner_tutorials__rosidl_typesupport_introspection_cExport-noconfig.cmake
[1.885s] -- Up-to-date: /home/mys/GIIT/beginner_tutorials/install/beginner_tutorials/share/beginner_tutorials/cmake/beginner_tutorials__rosidl_typesupport_cExport.cmake
[1.885s] -- Up-to-date: /home/mys/GIIT/beginner_tutorials/install/beginner_tutorials/share/beginner_tutorials/cmake/beginner_tutorials__rosidl_typesupport_cExport-noconfig.cmake
[1.885s] -- Up-to-date: /home/mys/GIIT/beginner_tutorials/install/beginner_tutorials/share/beginner_tutorials/cmake/beginner_tutorials__rosidl_typesupport_introspection_cppExport.cmake
[1.885s] -- Up-to-date: /home/mys/GIIT/beginner_tutorials/install/beginner_tutorials/share/beginner_tutorials/cmake/beginner_tutorials__rosidl_typesupport_introspection_cppExport-noconfig.cmake
[1.885s] -- Up-to-date: /home/mys/GIIT/beginner_tutorials/install/beginner_tutorials/share/beginner_tutorials/cmake/beginner_tutorials__rosidl_typesupport_cppExport.cmake
[1.885s] -- Up-to-date: /home/mys/GIIT/beginner_tutorials/install/beginner_tutorials/share/beginner_tutorials/cmake/beginner_tutorials__rosidl_typesupport_cppExport-noconfig.cmake
[1.886s] -- Up-to-date: /home/mys/GIIT/beginner_tutorials/install/beginner_tutorials/share/beginner_tutorials/cmake/export_beginner_tutorials__rosidl_generator_pyExport.cmake
[1.886s] -- Up-to-date: /home/mys/GIIT/beginner_tutorials/install/beginner_tutorials/share/beginner_tutorials/cmake/export_beginner_tutorials__rosidl_generator_pyExport-noconfig.cmake
[1.886s] -- Up-to-date: /home/mys/GIIT/beginner_tutorials/install/beginner_tutorials/share/beginner_tutorials/cmake/rosidl_cmake-extras.cmake
[1.886s] -- Up-to-date: /home/mys/GIIT/beginner_tutorials/install/beginner_tutorials/share/beginner_tutorials/cmake/ament_cmake_export_include_directories-extras.cmake
[1.886s] -- Up-to-date: /home/mys/GIIT/beginner_tutorials/install/beginner_tutorials/share/beginner_tutorials/cmake/ament_cmake_export_libraries-extras.cmake
[1.887s] -- Up-to-date: /home/mys/GIIT/beginner_tutorials/install/beginner_tutorials/share/beginner_tutorials/cmake/ament_cmake_export_targets-extras.cmake
[1.887s] -- Up-to-date: /home/mys/GIIT/beginner_tutorials/install/beginner_tutorials/share/beginner_tutorials/cmake/rosidl_cmake_export_typesupport_targets-extras.cmake
[1.887s] -- Up-to-date: /home/mys/GIIT/beginner_tutorials/install/beginner_tutorials/share/beginner_tutorials/cmake/ament_cmake_export_dependencies-extras.cmake
[1.887s] -- Up-to-date: /home/mys/GIIT/beginner_tutorials/install/beginner_tutorials/share/beginner_tutorials/cmake/rosidl_cmake_export_typesupport_libraries-extras.cmake
[1.887s] -- Up-to-date: /home/mys/GIIT/beginner_tutorials/install/beginner_tutorials/share/beginner_tutorials/cmake/beginner_tutorialsConfig.cmake
[1.887s] -- Up-to-date: /home/mys/GIIT/beginner_tutorials/install/beginner_tutorials/share/beginner_tutorials/cmake/beginner_tutorialsConfig-version.cmake
[1.887s] -- Up-to-date: /home/mys/GIIT/beginner_tutorials/install/beginner_tutorials/share/beginner_tutorials/package.xml
[1.890s] Invoked command in '/home/mys/GIIT/beginner_tutorials/build/beginner_tutorials' returned '0': CMAKE_PREFIX_PATH=${CMAKE_PREFIX_PATH}:/home/mys/ros2_humble/install/rqt_bag_plugins:/home/mys/ros2_humble/install/rqt_bag:/home/mys/ros2_humble/install/ros2bag:/home/mys/ros2_humble/install/tracetools_test:/home/mys/ros2_humble/install/tracetools_launch:/home/mys/ros2_humble/install/topic_monitor:/home/mys/ros2_humble/install/tf2_tools:/home/mys/ros2_humble/install/examples_tf2_py:/home/mys/ros2_humble/install/tf2_ros_py:/home/mys/ros2_humble/install/sros2:/home/mys/ros2_humble/install/rqt_topic:/home/mys/ros2_humble/install/rqt_srv:/home/mys/ros2_humble/install/rqt_shell:/home/mys/ros2_humble/install/rqt_service_caller:/home/mys/ros2_humble/install/rqt_reconfigure:/home/mys/ros2_humble/install/rqt_py_console:/home/mys/ros2_humble/install/rqt_publisher:/home/mys/ros2_humble/install/rqt_plot:/home/mys/ros2_humble/install/rqt_action:/home/mys/ros2_humble/install/rqt_msg:/home/mys/ros2_humble/install/rqt_console:/home/mys/ros2_humble/install/rqt:/home/mys/ros2_humble/install/rqt_graph:/home/mys/ros2_humble/install/rqt_gui_py:/home/mys/ros2_humble/install/rqt_gui:/home/mys/ros2_humble/install/ros2trace:/home/mys/ros2_humble/install/ros2topic:/home/mys/ros2_humble/install/ros2test:/home/mys/ros2_humble/install/ros2component:/home/mys/ros2_humble/install/ros2param:/home/mys/ros2_humble/install/ros2lifecycle:/home/mys/ros2_humble/install/ros2service:/home/mys/ros2_humble/install/ros2run:/home/mys/ros2_humble/install/ros2launch:/home/mys/ros2_humble/install/ros2pkg:/home/mys/ros2_humble/install/ros2node:/home/mys/ros2_humble/install/ros2multicast:/home/mys/ros2_humble/install/ros2interface:/home/mys/ros2_humble/install/ros2doctor:/home/mys/ros2_humble/install/ros2action:/home/mys/ros2_humble/install/ros2cli:/home/mys/ros2_humble/install/quality_of_service_demo_py:/home/mys/ros2_humble/install/lifecycle_py:/home/mys/ros2_humble/install/launch_testing_ros:/home/mys/ros2_humble/install/launch_ros:/home/mys/ros2_humble/install/examples_rclpy_pointcloud_publisher:/home/mys/ros2_humble/install/examples_rclpy_minimal_subscriber:/home/mys/ros2_humble/install/examples_rclpy_minimal_service:/home/mys/ros2_humble/install/examples_rclpy_minimal_publisher:/home/mys/ros2_humble/install/examples_rclpy_minimal_client:/home/mys/ros2_humble/install/examples_rclpy_minimal_action_server:/home/mys/ros2_humble/install/examples_rclpy_minimal_action_client:/home/mys/ros2_humble/install/examples_rclpy_guard_conditions:/home/mys/ros2_humble/install/examples_rclpy_executors:/home/mys/ros2_humble/install/demo_nodes_py:/home/mys/ros2_humble/install/action_tutorials_py:/home/mys/ros2_humble/install/ament_uncrustify:/home/mys/ros2_humble/install/tracetools_trace:/home/mys/ros2_humble/install/tracetools_read:/home/mys/ros2_humble/install/test_tracetools_launch:/home/mys/ros2_humble/install/test_launch_ros:/home/mys/ros2_humble/install/sensor_msgs_py:/home/mys/ros2_humble/install/rpyutils:/home/mys/ros2_humble/install/rosidl_runtime_py:/home/mys/ros2_humble/install/rosidl_cli:/home/mys/ros2_humble/install/launch_pytest:/home/mys/ros2_humble/install/launch_testing:/home/mys/ros2_humble/install/launch_yaml:/home/mys/ros2_humble/install/launch_xml:/home/mys/ros2_humble/install/launch:/home/mys/ros2_humble/install/osrf_pycommon:/home/mys/ros2_humble/install/launch_testing_examples:/home/mys/ros2_humble/install/domain_coordinator:/home/mys/ros2_humble/install/ament_xmllint:/home/mys/ros2_humble/install/ament_pyflakes:/home/mys/ros2_humble/install/ament_pycodestyle:/home/mys/ros2_humble/install/ament_pep257:/home/mys/ros2_humble/install/ament_pclint:/home/mys/ros2_humble/install/ament_package:/home/mys/ros2_humble/install/ament_mypy:/home/mys/ros2_humble/install/ament_lint_cmake:/home/mys/ros2_humble/install/ament_flake8:/home/mys/ros2_humble/install/ament_copyright:/home/mys/ros2_humble/install/ament_lint:/home/mys/ros2_humble/install/ament_index_python:/home/mys/ros2_humble/install/ament_cpplint:/home/mys/ros2_humble/install/ament_cppcheck:/home/mys/ros2_humble/install/ament_clang_tidy:/home/mys/ros2_humble/install/ament_clang_format /usr/bin/cmake --install /home/mys/GIIT/beginner_tutorials/build/beginner_tutorials
