[0.052s] Invoking command in '/home/mys/ros2_ws/build/turtlesim': CMAKE_PREFIX_PATH=${CMAKE_PREFIX_PATH}:/home/mys/ros2_humble/install/rqt_bag_plugins:/home/mys/ros2_humble/install/rqt_bag:/home/mys/ros2_humble/install/ros2bag:/home/mys/ros2_humble/install/tracetools_test:/home/mys/ros2_humble/install/tracetools_launch:/home/mys/ros2_humble/install/topic_monitor:/home/mys/ros2_humble/install/tf2_tools:/home/mys/ros2_humble/install/examples_tf2_py:/home/mys/ros2_humble/install/tf2_ros_py:/home/mys/ros2_humble/install/sros2:/home/mys/ros2_humble/install/rqt_topic:/home/mys/ros2_humble/install/rqt_srv:/home/mys/ros2_humble/install/rqt_shell:/home/mys/ros2_humble/install/rqt_service_caller:/home/mys/ros2_humble/install/rqt_reconfigure:/home/mys/ros2_humble/install/rqt_py_console:/home/mys/ros2_humble/install/rqt_publisher:/home/mys/ros2_humble/install/rqt_plot:/home/mys/ros2_humble/install/rqt_action:/home/mys/ros2_humble/install/rqt_msg:/home/mys/ros2_humble/install/rqt_console:/home/mys/ros2_humble/install/rqt:/home/mys/ros2_humble/install/rqt_graph:/home/mys/ros2_humble/install/rqt_gui_py:/home/mys/ros2_humble/install/rqt_gui:/home/mys/ros2_humble/install/ros2trace:/home/mys/ros2_humble/install/ros2topic:/home/mys/ros2_humble/install/ros2test:/home/mys/ros2_humble/install/ros2component:/home/mys/ros2_humble/install/ros2param:/home/mys/ros2_humble/install/ros2lifecycle:/home/mys/ros2_humble/install/ros2service:/home/mys/ros2_humble/install/ros2run:/home/mys/ros2_humble/install/ros2launch:/home/mys/ros2_humble/install/ros2pkg:/home/mys/ros2_humble/install/ros2node:/home/mys/ros2_humble/install/ros2multicast:/home/mys/ros2_humble/install/ros2interface:/home/mys/ros2_humble/install/ros2doctor:/home/mys/ros2_humble/install/ros2action:/home/mys/ros2_humble/install/ros2cli:/home/mys/ros2_humble/install/quality_of_service_demo_py:/home/mys/ros2_humble/install/lifecycle_py:/home/mys/ros2_humble/install/launch_testing_ros:/home/mys/ros2_humble/install/launch_ros:/home/mys/ros2_humble/install/examples_rclpy_pointcloud_publisher:/home/mys/ros2_humble/install/examples_rclpy_minimal_subscriber:/home/mys/ros2_humble/install/examples_rclpy_minimal_service:/home/mys/ros2_humble/install/examples_rclpy_minimal_publisher:/home/mys/ros2_humble/install/examples_rclpy_minimal_client:/home/mys/ros2_humble/install/examples_rclpy_minimal_action_server:/home/mys/ros2_humble/install/examples_rclpy_minimal_action_client:/home/mys/ros2_humble/install/examples_rclpy_guard_conditions:/home/mys/ros2_humble/install/examples_rclpy_executors:/home/mys/ros2_humble/install/demo_nodes_py:/home/mys/ros2_humble/install/action_tutorials_py:/home/mys/ros2_humble/install/ament_uncrustify:/home/mys/ros2_humble/install/tracetools_trace:/home/mys/ros2_humble/install/tracetools_read:/home/mys/ros2_humble/install/test_tracetools_launch:/home/mys/ros2_humble/install/test_launch_ros:/home/mys/ros2_humble/install/sensor_msgs_py:/home/mys/ros2_humble/install/rpyutils:/home/mys/ros2_humble/install/rosidl_runtime_py:/home/mys/ros2_humble/install/rosidl_cli:/home/mys/ros2_humble/install/launch_pytest:/home/mys/ros2_humble/install/launch_testing:/home/mys/ros2_humble/install/launch_yaml:/home/mys/ros2_humble/install/launch_xml:/home/mys/ros2_humble/install/launch:/home/mys/ros2_humble/install/osrf_pycommon:/home/mys/ros2_humble/install/launch_testing_examples:/home/mys/ros2_humble/install/domain_coordinator:/home/mys/ros2_humble/install/ament_xmllint:/home/mys/ros2_humble/install/ament_pyflakes:/home/mys/ros2_humble/install/ament_pycodestyle:/home/mys/ros2_humble/install/ament_pep257:/home/mys/ros2_humble/install/ament_pclint:/home/mys/ros2_humble/install/ament_package:/home/mys/ros2_humble/install/ament_mypy:/home/mys/ros2_humble/install/ament_lint_cmake:/home/mys/ros2_humble/install/ament_flake8:/home/mys/ros2_humble/install/ament_copyright:/home/mys/ros2_humble/install/ament_lint:/home/mys/ros2_humble/install/ament_index_python:/home/mys/ros2_humble/install/ament_cpplint:/home/mys/ros2_humble/install/ament_cppcheck:/home/mys/ros2_humble/install/ament_clang_tidy:/home/mys/ros2_humble/install/ament_clang_format /usr/bin/cmake --build /home/mys/ros2_ws/build/turtlesim -- -j12 -l12
[0.235s] [  1%] Built target turtlesim__cpp
[0.239s] [ 11%] Built target turtlesim__rosidl_generator_c
[0.262s] [ 11%] Built target ament_cmake_python_copy_turtlesim
[0.288s] [ 31%] Built target turtlesim__rosidl_typesupport_cpp
[0.288s] [ 31%] Built target turtlesim__rosidl_typesupport_c
[0.294s] [ 41%] Built target turtlesim__rosidl_typesupport_introspection_c
[0.297s] [ 51%] Built target turtlesim__rosidl_typesupport_introspection_cpp
[0.303s] [ 61%] Built target turtlesim__rosidl_typesupport_fastrtps_cpp
[0.306s] [ 71%] Built target turtlesim__rosidl_typesupport_fastrtps_c
[0.326s] [35m[1mScanning dependencies of target turtlesim_node[0m
[0.353s] [ 73%] Built target turtle_teleop_key
[0.357s] [ 75%] Built target draw_square
[0.358s] [ 75%] Built target turtlesim
[0.360s] [ 77%] Built target mimic
[0.408s] [ 78%] Built target turtlesim__py
[0.408s] [ 79%] [32mBuilding CXX object CMakeFiles/turtlesim_node.dir/src/turtle_frame.cpp.o[0m
[0.480s] [ 88%] Built target turtlesim__rosidl_generator_py
[0.530s] [ 90%] Built target turtlesim__rosidl_typesupport_introspection_c__pyext
[0.538s] [ 92%] Built target turtlesim__rosidl_typesupport_c__pyext
[0.540s] [ 94%] Built target turtlesim__rosidl_typesupport_fastrtps_c__pyext
[0.983s] running egg_info
[0.984s] writing turtlesim.egg-info/PKG-INFO
[0.984s] writing dependency_links to turtlesim.egg-info/dependency_links.txt
[0.984s] writing top-level names to turtlesim.egg-info/top_level.txt
[1.026s] reading manifest file 'turtlesim.egg-info/SOURCES.txt'
[1.026s] writing manifest file 'turtlesim.egg-info/SOURCES.txt'
[1.078s] [ 94%] Built target ament_cmake_python_build_turtlesim_egg
[10.736s] [ 95%] [32m[1mLinking CXX executable turtlesim_node[0m
[13.582s] [100%] Built target turtlesim_node
[13.607s] Invoked command in '/home/mys/ros2_ws/build/turtlesim' returned '0': CMAKE_PREFIX_PATH=${CMAKE_PREFIX_PATH}:/home/mys/ros2_humble/install/rqt_bag_plugins:/home/mys/ros2_humble/install/rqt_bag:/home/mys/ros2_humble/install/ros2bag:/home/mys/ros2_humble/install/tracetools_test:/home/mys/ros2_humble/install/tracetools_launch:/home/mys/ros2_humble/install/topic_monitor:/home/mys/ros2_humble/install/tf2_tools:/home/mys/ros2_humble/install/examples_tf2_py:/home/mys/ros2_humble/install/tf2_ros_py:/home/mys/ros2_humble/install/sros2:/home/mys/ros2_humble/install/rqt_topic:/home/mys/ros2_humble/install/rqt_srv:/home/mys/ros2_humble/install/rqt_shell:/home/mys/ros2_humble/install/rqt_service_caller:/home/mys/ros2_humble/install/rqt_reconfigure:/home/mys/ros2_humble/install/rqt_py_console:/home/mys/ros2_humble/install/rqt_publisher:/home/mys/ros2_humble/install/rqt_plot:/home/mys/ros2_humble/install/rqt_action:/home/mys/ros2_humble/install/rqt_msg:/home/mys/ros2_humble/install/rqt_console:/home/mys/ros2_humble/install/rqt:/home/mys/ros2_humble/install/rqt_graph:/home/mys/ros2_humble/install/rqt_gui_py:/home/mys/ros2_humble/install/rqt_gui:/home/mys/ros2_humble/install/ros2trace:/home/mys/ros2_humble/install/ros2topic:/home/mys/ros2_humble/install/ros2test:/home/mys/ros2_humble/install/ros2component:/home/mys/ros2_humble/install/ros2param:/home/mys/ros2_humble/install/ros2lifecycle:/home/mys/ros2_humble/install/ros2service:/home/mys/ros2_humble/install/ros2run:/home/mys/ros2_humble/install/ros2launch:/home/mys/ros2_humble/install/ros2pkg:/home/mys/ros2_humble/install/ros2node:/home/mys/ros2_humble/install/ros2multicast:/home/mys/ros2_humble/install/ros2interface:/home/mys/ros2_humble/install/ros2doctor:/home/mys/ros2_humble/install/ros2action:/home/mys/ros2_humble/install/ros2cli:/home/mys/ros2_humble/install/quality_of_service_demo_py:/home/mys/ros2_humble/install/lifecycle_py:/home/mys/ros2_humble/install/launch_testing_ros:/home/mys/ros2_humble/install/launch_ros:/home/mys/ros2_humble/install/examples_rclpy_pointcloud_publisher:/home/mys/ros2_humble/install/examples_rclpy_minimal_subscriber:/home/mys/ros2_humble/install/examples_rclpy_minimal_service:/home/mys/ros2_humble/install/examples_rclpy_minimal_publisher:/home/mys/ros2_humble/install/examples_rclpy_minimal_client:/home/mys/ros2_humble/install/examples_rclpy_minimal_action_server:/home/mys/ros2_humble/install/examples_rclpy_minimal_action_client:/home/mys/ros2_humble/install/examples_rclpy_guard_conditions:/home/mys/ros2_humble/install/examples_rclpy_executors:/home/mys/ros2_humble/install/demo_nodes_py:/home/mys/ros2_humble/install/action_tutorials_py:/home/mys/ros2_humble/install/ament_uncrustify:/home/mys/ros2_humble/install/tracetools_trace:/home/mys/ros2_humble/install/tracetools_read:/home/mys/ros2_humble/install/test_tracetools_launch:/home/mys/ros2_humble/install/test_launch_ros:/home/mys/ros2_humble/install/sensor_msgs_py:/home/mys/ros2_humble/install/rpyutils:/home/mys/ros2_humble/install/rosidl_runtime_py:/home/mys/ros2_humble/install/rosidl_cli:/home/mys/ros2_humble/install/launch_pytest:/home/mys/ros2_humble/install/launch_testing:/home/mys/ros2_humble/install/launch_yaml:/home/mys/ros2_humble/install/launch_xml:/home/mys/ros2_humble/install/launch:/home/mys/ros2_humble/install/osrf_pycommon:/home/mys/ros2_humble/install/launch_testing_examples:/home/mys/ros2_humble/install/domain_coordinator:/home/mys/ros2_humble/install/ament_xmllint:/home/mys/ros2_humble/install/ament_pyflakes:/home/mys/ros2_humble/install/ament_pycodestyle:/home/mys/ros2_humble/install/ament_pep257:/home/mys/ros2_humble/install/ament_pclint:/home/mys/ros2_humble/install/ament_package:/home/mys/ros2_humble/install/ament_mypy:/home/mys/ros2_humble/install/ament_lint_cmake:/home/mys/ros2_humble/install/ament_flake8:/home/mys/ros2_humble/install/ament_copyright:/home/mys/ros2_humble/install/ament_lint:/home/mys/ros2_humble/install/ament_index_python:/home/mys/ros2_humble/install/ament_cpplint:/home/mys/ros2_humble/install/ament_cppcheck:/home/mys/ros2_humble/install/ament_clang_tidy:/home/mys/ros2_humble/install/ament_clang_format /usr/bin/cmake --build /home/mys/ros2_ws/build/turtlesim -- -j12 -l12
[14.360s] Invoking command in '/home/mys/ros2_ws/build/turtlesim': CMAKE_PREFIX_PATH=${CMAKE_PREFIX_PATH}:/home/mys/ros2_humble/install/rqt_bag_plugins:/home/mys/ros2_humble/install/rqt_bag:/home/mys/ros2_humble/install/ros2bag:/home/mys/ros2_humble/install/tracetools_test:/home/mys/ros2_humble/install/tracetools_launch:/home/mys/ros2_humble/install/topic_monitor:/home/mys/ros2_humble/install/tf2_tools:/home/mys/ros2_humble/install/examples_tf2_py:/home/mys/ros2_humble/install/tf2_ros_py:/home/mys/ros2_humble/install/sros2:/home/mys/ros2_humble/install/rqt_topic:/home/mys/ros2_humble/install/rqt_srv:/home/mys/ros2_humble/install/rqt_shell:/home/mys/ros2_humble/install/rqt_service_caller:/home/mys/ros2_humble/install/rqt_reconfigure:/home/mys/ros2_humble/install/rqt_py_console:/home/mys/ros2_humble/install/rqt_publisher:/home/mys/ros2_humble/install/rqt_plot:/home/mys/ros2_humble/install/rqt_action:/home/mys/ros2_humble/install/rqt_msg:/home/mys/ros2_humble/install/rqt_console:/home/mys/ros2_humble/install/rqt:/home/mys/ros2_humble/install/rqt_graph:/home/mys/ros2_humble/install/rqt_gui_py:/home/mys/ros2_humble/install/rqt_gui:/home/mys/ros2_humble/install/ros2trace:/home/mys/ros2_humble/install/ros2topic:/home/mys/ros2_humble/install/ros2test:/home/mys/ros2_humble/install/ros2component:/home/mys/ros2_humble/install/ros2param:/home/mys/ros2_humble/install/ros2lifecycle:/home/mys/ros2_humble/install/ros2service:/home/mys/ros2_humble/install/ros2run:/home/mys/ros2_humble/install/ros2launch:/home/mys/ros2_humble/install/ros2pkg:/home/mys/ros2_humble/install/ros2node:/home/mys/ros2_humble/install/ros2multicast:/home/mys/ros2_humble/install/ros2interface:/home/mys/ros2_humble/install/ros2doctor:/home/mys/ros2_humble/install/ros2action:/home/mys/ros2_humble/install/ros2cli:/home/mys/ros2_humble/install/quality_of_service_demo_py:/home/mys/ros2_humble/install/lifecycle_py:/home/mys/ros2_humble/install/launch_testing_ros:/home/mys/ros2_humble/install/launch_ros:/home/mys/ros2_humble/install/examples_rclpy_pointcloud_publisher:/home/mys/ros2_humble/install/examples_rclpy_minimal_subscriber:/home/mys/ros2_humble/install/examples_rclpy_minimal_service:/home/mys/ros2_humble/install/examples_rclpy_minimal_publisher:/home/mys/ros2_humble/install/examples_rclpy_minimal_client:/home/mys/ros2_humble/install/examples_rclpy_minimal_action_server:/home/mys/ros2_humble/install/examples_rclpy_minimal_action_client:/home/mys/ros2_humble/install/examples_rclpy_guard_conditions:/home/mys/ros2_humble/install/examples_rclpy_executors:/home/mys/ros2_humble/install/demo_nodes_py:/home/mys/ros2_humble/install/action_tutorials_py:/home/mys/ros2_humble/install/ament_uncrustify:/home/mys/ros2_humble/install/tracetools_trace:/home/mys/ros2_humble/install/tracetools_read:/home/mys/ros2_humble/install/test_tracetools_launch:/home/mys/ros2_humble/install/test_launch_ros:/home/mys/ros2_humble/install/sensor_msgs_py:/home/mys/ros2_humble/install/rpyutils:/home/mys/ros2_humble/install/rosidl_runtime_py:/home/mys/ros2_humble/install/rosidl_cli:/home/mys/ros2_humble/install/launch_pytest:/home/mys/ros2_humble/install/launch_testing:/home/mys/ros2_humble/install/launch_yaml:/home/mys/ros2_humble/install/launch_xml:/home/mys/ros2_humble/install/launch:/home/mys/ros2_humble/install/osrf_pycommon:/home/mys/ros2_humble/install/launch_testing_examples:/home/mys/ros2_humble/install/domain_coordinator:/home/mys/ros2_humble/install/ament_xmllint:/home/mys/ros2_humble/install/ament_pyflakes:/home/mys/ros2_humble/install/ament_pycodestyle:/home/mys/ros2_humble/install/ament_pep257:/home/mys/ros2_humble/install/ament_pclint:/home/mys/ros2_humble/install/ament_package:/home/mys/ros2_humble/install/ament_mypy:/home/mys/ros2_humble/install/ament_lint_cmake:/home/mys/ros2_humble/install/ament_flake8:/home/mys/ros2_humble/install/ament_copyright:/home/mys/ros2_humble/install/ament_lint:/home/mys/ros2_humble/install/ament_index_python:/home/mys/ros2_humble/install/ament_cpplint:/home/mys/ros2_humble/install/ament_cppcheck:/home/mys/ros2_humble/install/ament_clang_tidy:/home/mys/ros2_humble/install/ament_clang_format /usr/bin/cmake --install /home/mys/ros2_ws/build/turtlesim
[14.383s] -- Install configuration: ""
[14.384s] -- Up-to-date: /home/mys/ros2_ws/install/turtlesim/share/ament_index/resource_index/rosidl_interfaces/turtlesim
[14.384s] -- Up-to-date: /home/mys/ros2_ws/install/turtlesim/include/turtlesim/turtlesim
[14.384s] -- Up-to-date: /home/mys/ros2_ws/install/turtlesim/include/turtlesim/turtlesim/msg
[14.384s] -- Up-to-date: /home/mys/ros2_ws/install/turtlesim/include/turtlesim/turtlesim/msg/color.h
[14.384s] -- Up-to-date: /home/mys/ros2_ws/install/turtlesim/include/turtlesim/turtlesim/msg/rosidl_generator_c__visibility_control.h
[14.384s] -- Up-to-date: /home/mys/ros2_ws/install/turtlesim/include/turtlesim/turtlesim/msg/detail
[14.385s] -- Up-to-date: /home/mys/ros2_ws/install/turtlesim/include/turtlesim/turtlesim/msg/detail/color__struct.h
[14.385s] -- Up-to-date: /home/mys/ros2_ws/install/turtlesim/include/turtlesim/turtlesim/msg/detail/pose__struct.h
[14.385s] -- Up-to-date: /home/mys/ros2_ws/install/turtlesim/include/turtlesim/turtlesim/msg/detail/pose__functions.h
[14.385s] -- Up-to-date: /home/mys/ros2_ws/install/turtlesim/include/turtlesim/turtlesim/msg/detail/color__functions.h
[14.385s] -- Up-to-date: /home/mys/ros2_ws/install/turtlesim/include/turtlesim/turtlesim/msg/detail/pose__functions.c
[14.385s] -- Up-to-date: /home/mys/ros2_ws/install/turtlesim/include/turtlesim/turtlesim/msg/detail/color__functions.c
[14.386s] -- Up-to-date: /home/mys/ros2_ws/install/turtlesim/include/turtlesim/turtlesim/msg/detail/color__type_support.h
[14.386s] -- Up-to-date: /home/mys/ros2_ws/install/turtlesim/include/turtlesim/turtlesim/msg/detail/pose__type_support.h
[14.386s] -- Up-to-date: /home/mys/ros2_ws/install/turtlesim/include/turtlesim/turtlesim/msg/pose.h
[14.386s] -- Up-to-date: /home/mys/ros2_ws/install/turtlesim/include/turtlesim/turtlesim/srv
[14.386s] -- Up-to-date: /home/mys/ros2_ws/install/turtlesim/include/turtlesim/turtlesim/srv/teleport_absolute.h
[14.387s] -- Up-to-date: /home/mys/ros2_ws/install/turtlesim/include/turtlesim/turtlesim/srv/set_pen.h
[14.387s] -- Up-to-date: /home/mys/ros2_ws/install/turtlesim/include/turtlesim/turtlesim/srv/teleport_relative.h
[14.387s] -- Up-to-date: /home/mys/ros2_ws/install/turtlesim/include/turtlesim/turtlesim/srv/detail
[14.387s] -- Up-to-date: /home/mys/ros2_ws/install/turtlesim/include/turtlesim/turtlesim/srv/detail/teleport_relative__struct.h
[14.388s] -- Up-to-date: /home/mys/ros2_ws/install/turtlesim/include/turtlesim/turtlesim/srv/detail/teleport_absolute__type_support.h
[14.388s] -- Up-to-date: /home/mys/ros2_ws/install/turtlesim/include/turtlesim/turtlesim/srv/detail/set_pen__functions.h
[14.388s] -- Up-to-date: /home/mys/ros2_ws/install/turtlesim/include/turtlesim/turtlesim/srv/detail/kill__type_support.h
[14.388s] -- Up-to-date: /home/mys/ros2_ws/install/turtlesim/include/turtlesim/turtlesim/srv/detail/kill__struct.h
[14.389s] -- Up-to-date: /home/mys/ros2_ws/install/turtlesim/include/turtlesim/turtlesim/srv/detail/spawn__type_support.h
[14.389s] -- Up-to-date: /home/mys/ros2_ws/install/turtlesim/include/turtlesim/turtlesim/srv/detail/teleport_relative__type_support.h
[14.389s] -- Up-to-date: /home/mys/ros2_ws/install/turtlesim/include/turtlesim/turtlesim/srv/detail/set_pen__functions.c
[14.389s] -- Up-to-date: /home/mys/ros2_ws/install/turtlesim/include/turtlesim/turtlesim/srv/detail/teleport_absolute__functions.c
[14.389s] -- Up-to-date: /home/mys/ros2_ws/install/turtlesim/include/turtlesim/turtlesim/srv/detail/set_pen__struct.h
[14.389s] -- Up-to-date: /home/mys/ros2_ws/install/turtlesim/include/turtlesim/turtlesim/srv/detail/teleport_absolute__struct.h
[14.390s] -- Up-to-date: /home/mys/ros2_ws/install/turtlesim/include/turtlesim/turtlesim/srv/detail/teleport_relative__functions.c
[14.390s] -- Up-to-date: /home/mys/ros2_ws/install/turtlesim/include/turtlesim/turtlesim/srv/detail/spawn__functions.c
[14.390s] -- Up-to-date: /home/mys/ros2_ws/install/turtlesim/include/turtlesim/turtlesim/srv/detail/teleport_absolute__functions.h
[14.390s] -- Up-to-date: /home/mys/ros2_ws/install/turtlesim/include/turtlesim/turtlesim/srv/detail/spawn__struct.h
[14.390s] -- Up-to-date: /home/mys/ros2_ws/install/turtlesim/include/turtlesim/turtlesim/srv/detail/spawn__functions.h
[14.390s] -- Up-to-date: /home/mys/ros2_ws/install/turtlesim/include/turtlesim/turtlesim/srv/detail/kill__functions.c
[14.390s] -- Up-to-date: /home/mys/ros2_ws/install/turtlesim/include/turtlesim/turtlesim/srv/detail/kill__functions.h
[14.391s] -- Up-to-date: /home/mys/ros2_ws/install/turtlesim/include/turtlesim/turtlesim/srv/detail/set_pen__type_support.h
[14.391s] -- Up-to-date: /home/mys/ros2_ws/install/turtlesim/include/turtlesim/turtlesim/srv/detail/teleport_relative__functions.h
[14.391s] -- Up-to-date: /home/mys/ros2_ws/install/turtlesim/include/turtlesim/turtlesim/srv/spawn.h
[14.392s] -- Up-to-date: /home/mys/ros2_ws/install/turtlesim/include/turtlesim/turtlesim/srv/kill.h
[14.392s] -- Up-to-date: /home/mys/ros2_ws/install/turtlesim/include/turtlesim/turtlesim/action
[14.392s] -- Up-to-date: /home/mys/ros2_ws/install/turtlesim/include/turtlesim/turtlesim/action/detail
[14.392s] -- Up-to-date: /home/mys/ros2_ws/install/turtlesim/include/turtlesim/turtlesim/action/detail/rotate_absolute__functions.c
[14.392s] -- Up-to-date: /home/mys/ros2_ws/install/turtlesim/include/turtlesim/turtlesim/action/detail/rotate_absolute__struct.h
[14.392s] -- Up-to-date: /home/mys/ros2_ws/install/turtlesim/include/turtlesim/turtlesim/action/detail/rotate_absolute__functions.h
[14.392s] -- Up-to-date: /home/mys/ros2_ws/install/turtlesim/include/turtlesim/turtlesim/action/detail/rotate_absolute__type_support.h
[14.393s] -- Up-to-date: /home/mys/ros2_ws/install/turtlesim/include/turtlesim/turtlesim/action/rotate_absolute.h
[14.393s] -- Up-to-date: /home/mys/ros2_ws/install/turtlesim/share/turtlesim/environment/library_path.sh
[14.393s] -- Up-to-date: /home/mys/ros2_ws/install/turtlesim/share/turtlesim/environment/library_path.dsv
[14.393s] -- Up-to-date: /home/mys/ros2_ws/install/turtlesim/lib/libturtlesim__rosidl_generator_c.so
[14.393s] -- Up-to-date: /home/mys/ros2_ws/install/turtlesim/include/turtlesim/turtlesim
[14.393s] -- Up-to-date: /home/mys/ros2_ws/install/turtlesim/include/turtlesim/turtlesim/msg
[14.393s] -- Up-to-date: /home/mys/ros2_ws/install/turtlesim/include/turtlesim/turtlesim/msg/rosidl_typesupport_fastrtps_c__visibility_control.h
[14.393s] -- Up-to-date: /home/mys/ros2_ws/install/turtlesim/include/turtlesim/turtlesim/msg/detail
[14.394s] -- Up-to-date: /home/mys/ros2_ws/install/turtlesim/include/turtlesim/turtlesim/msg/detail/pose__rosidl_typesupport_fastrtps_c.h
[14.394s] -- Up-to-date: /home/mys/ros2_ws/install/turtlesim/include/turtlesim/turtlesim/msg/detail/color__rosidl_typesupport_fastrtps_c.h
[14.394s] -- Up-to-date: /home/mys/ros2_ws/install/turtlesim/include/turtlesim/turtlesim/srv
[14.394s] -- Up-to-date: /home/mys/ros2_ws/install/turtlesim/include/turtlesim/turtlesim/srv/detail
[14.394s] -- Up-to-date: /home/mys/ros2_ws/install/turtlesim/include/turtlesim/turtlesim/srv/detail/spawn__rosidl_typesupport_fastrtps_c.h
[14.394s] -- Up-to-date: /home/mys/ros2_ws/install/turtlesim/include/turtlesim/turtlesim/srv/detail/teleport_absolute__rosidl_typesupport_fastrtps_c.h
[14.394s] -- Up-to-date: /home/mys/ros2_ws/install/turtlesim/include/turtlesim/turtlesim/srv/detail/kill__rosidl_typesupport_fastrtps_c.h
[14.394s] -- Up-to-date: /home/mys/ros2_ws/install/turtlesim/include/turtlesim/turtlesim/srv/detail/teleport_relative__rosidl_typesupport_fastrtps_c.h
[14.394s] -- Up-to-date: /home/mys/ros2_ws/install/turtlesim/include/turtlesim/turtlesim/srv/detail/set_pen__rosidl_typesupport_fastrtps_c.h
[14.394s] -- Up-to-date: /home/mys/ros2_ws/install/turtlesim/include/turtlesim/turtlesim/action
[14.394s] -- Up-to-date: /home/mys/ros2_ws/install/turtlesim/include/turtlesim/turtlesim/action/detail
[14.394s] -- Up-to-date: /home/mys/ros2_ws/install/turtlesim/include/turtlesim/turtlesim/action/detail/rotate_absolute__rosidl_typesupport_fastrtps_c.h
[14.394s] -- Up-to-date: /home/mys/ros2_ws/install/turtlesim/lib/libturtlesim__rosidl_typesupport_fastrtps_c.so
[14.395s] -- Up-to-date: /home/mys/ros2_ws/install/turtlesim/include/turtlesim/turtlesim
[14.395s] -- Up-to-date: /home/mys/ros2_ws/install/turtlesim/include/turtlesim/turtlesim/msg
[14.395s] -- Up-to-date: /home/mys/ros2_ws/install/turtlesim/include/turtlesim/turtlesim/msg/pose.hpp
[14.395s] -- Up-to-date: /home/mys/ros2_ws/install/turtlesim/include/turtlesim/turtlesim/msg/detail
[14.395s] -- Up-to-date: /home/mys/ros2_ws/install/turtlesim/include/turtlesim/turtlesim/msg/detail/pose__struct.hpp
[14.395s] -- Up-to-date: /home/mys/ros2_ws/install/turtlesim/include/turtlesim/turtlesim/msg/detail/color__builder.hpp
[14.395s] -- Up-to-date: /home/mys/ros2_ws/install/turtlesim/include/turtlesim/turtlesim/msg/detail/color__struct.hpp
[14.395s] -- Up-to-date: /home/mys/ros2_ws/install/turtlesim/include/turtlesim/turtlesim/msg/detail/pose__builder.hpp
[14.395s] -- Up-to-date: /home/mys/ros2_ws/install/turtlesim/include/turtlesim/turtlesim/msg/detail/color__traits.hpp
[14.395s] -- Up-to-date: /home/mys/ros2_ws/install/turtlesim/include/turtlesim/turtlesim/msg/detail/pose__traits.hpp
[14.395s] -- Up-to-date: /home/mys/ros2_ws/install/turtlesim/include/turtlesim/turtlesim/msg/color.hpp
[14.395s] -- Up-to-date: /home/mys/ros2_ws/install/turtlesim/include/turtlesim/turtlesim/srv
[14.395s] -- Up-to-date: /home/mys/ros2_ws/install/turtlesim/include/turtlesim/turtlesim/srv/spawn.hpp
[14.395s] -- Up-to-date: /home/mys/ros2_ws/install/turtlesim/include/turtlesim/turtlesim/srv/teleport_relative.hpp
[14.396s] -- Up-to-date: /home/mys/ros2_ws/install/turtlesim/include/turtlesim/turtlesim/srv/detail
[14.396s] -- Up-to-date: /home/mys/ros2_ws/install/turtlesim/include/turtlesim/turtlesim/srv/detail/teleport_absolute__traits.hpp
[14.396s] -- Up-to-date: /home/mys/ros2_ws/install/turtlesim/include/turtlesim/turtlesim/srv/detail/set_pen__traits.hpp
[14.396s] -- Up-to-date: /home/mys/ros2_ws/install/turtlesim/include/turtlesim/turtlesim/srv/detail/set_pen__builder.hpp
[14.396s] -- Up-to-date: /home/mys/ros2_ws/install/turtlesim/include/turtlesim/turtlesim/srv/detail/kill__builder.hpp
[14.396s] -- Up-to-date: /home/mys/ros2_ws/install/turtlesim/include/turtlesim/turtlesim/srv/detail/kill__struct.hpp
[14.396s] -- Up-to-date: /home/mys/ros2_ws/install/turtlesim/include/turtlesim/turtlesim/srv/detail/teleport_absolute__builder.hpp
[14.396s] -- Up-to-date: /home/mys/ros2_ws/install/turtlesim/include/turtlesim/turtlesim/srv/detail/spawn__builder.hpp
[14.396s] -- Up-to-date: /home/mys/ros2_ws/install/turtlesim/include/turtlesim/turtlesim/srv/detail/kill__traits.hpp
[14.396s] -- Up-to-date: /home/mys/ros2_ws/install/turtlesim/include/turtlesim/turtlesim/srv/detail/teleport_relative__builder.hpp
[14.396s] -- Up-to-date: /home/mys/ros2_ws/install/turtlesim/include/turtlesim/turtlesim/srv/detail/spawn__struct.hpp
[14.396s] -- Up-to-date: /home/mys/ros2_ws/install/turtlesim/include/turtlesim/turtlesim/srv/detail/teleport_absolute__struct.hpp
[14.396s] -- Up-to-date: /home/mys/ros2_ws/install/turtlesim/include/turtlesim/turtlesim/srv/detail/teleport_relative__traits.hpp
[14.396s] -- Up-to-date: /home/mys/ros2_ws/install/turtlesim/include/turtlesim/turtlesim/srv/detail/set_pen__struct.hpp
[14.396s] -- Up-to-date: /home/mys/ros2_ws/install/turtlesim/include/turtlesim/turtlesim/srv/detail/spawn__traits.hpp
[14.397s] -- Up-to-date: /home/mys/ros2_ws/install/turtlesim/include/turtlesim/turtlesim/srv/detail/teleport_relative__struct.hpp
[14.397s] -- Up-to-date: /home/mys/ros2_ws/install/turtlesim/include/turtlesim/turtlesim/srv/set_pen.hpp
[14.397s] -- Up-to-date: /home/mys/ros2_ws/install/turtlesim/include/turtlesim/turtlesim/srv/teleport_absolute.hpp
[14.397s] -- Up-to-date: /home/mys/ros2_ws/install/turtlesim/include/turtlesim/turtlesim/srv/kill.hpp
[14.397s] -- Up-to-date: /home/mys/ros2_ws/install/turtlesim/include/turtlesim/turtlesim/action
[14.397s] -- Up-to-date: /home/mys/ros2_ws/install/turtlesim/include/turtlesim/turtlesim/action/detail
[14.397s] -- Up-to-date: /home/mys/ros2_ws/install/turtlesim/include/turtlesim/turtlesim/action/detail/rotate_absolute__struct.hpp
[14.397s] -- Up-to-date: /home/mys/ros2_ws/install/turtlesim/include/turtlesim/turtlesim/action/detail/rotate_absolute__traits.hpp
[14.397s] -- Up-to-date: /home/mys/ros2_ws/install/turtlesim/include/turtlesim/turtlesim/action/detail/rotate_absolute__builder.hpp
[14.397s] -- Up-to-date: /home/mys/ros2_ws/install/turtlesim/include/turtlesim/turtlesim/action/rotate_absolute.hpp
[14.397s] -- Up-to-date: /home/mys/ros2_ws/install/turtlesim/include/turtlesim/turtlesim
[14.397s] -- Up-to-date: /home/mys/ros2_ws/install/turtlesim/include/turtlesim/turtlesim/msg
[14.397s] -- Up-to-date: /home/mys/ros2_ws/install/turtlesim/include/turtlesim/turtlesim/msg/rosidl_typesupport_fastrtps_cpp__visibility_control.h
[14.397s] -- Up-to-date: /home/mys/ros2_ws/install/turtlesim/include/turtlesim/turtlesim/msg/detail
[14.397s] -- Up-to-date: /home/mys/ros2_ws/install/turtlesim/include/turtlesim/turtlesim/msg/detail/color__rosidl_typesupport_fastrtps_cpp.hpp
[14.397s] -- Up-to-date: /home/mys/ros2_ws/install/turtlesim/include/turtlesim/turtlesim/msg/detail/dds_fastrtps
[14.397s] -- Up-to-date: /home/mys/ros2_ws/install/turtlesim/include/turtlesim/turtlesim/msg/detail/pose__rosidl_typesupport_fastrtps_cpp.hpp
[14.397s] -- Up-to-date: /home/mys/ros2_ws/install/turtlesim/include/turtlesim/turtlesim/srv
[14.398s] -- Up-to-date: /home/mys/ros2_ws/install/turtlesim/include/turtlesim/turtlesim/srv/detail
[14.398s] -- Up-to-date: /home/mys/ros2_ws/install/turtlesim/include/turtlesim/turtlesim/srv/detail/kill__rosidl_typesupport_fastrtps_cpp.hpp
[14.398s] -- Up-to-date: /home/mys/ros2_ws/install/turtlesim/include/turtlesim/turtlesim/srv/detail/dds_fastrtps
[14.398s] -- Up-to-date: /home/mys/ros2_ws/install/turtlesim/include/turtlesim/turtlesim/srv/detail/teleport_absolute__rosidl_typesupport_fastrtps_cpp.hpp
[14.398s] -- Up-to-date: /home/mys/ros2_ws/install/turtlesim/include/turtlesim/turtlesim/srv/detail/spawn__rosidl_typesupport_fastrtps_cpp.hpp
[14.398s] -- Up-to-date: /home/mys/ros2_ws/install/turtlesim/include/turtlesim/turtlesim/srv/detail/set_pen__rosidl_typesupport_fastrtps_cpp.hpp
[14.398s] -- Up-to-date: /home/mys/ros2_ws/install/turtlesim/include/turtlesim/turtlesim/srv/detail/teleport_relative__rosidl_typesupport_fastrtps_cpp.hpp
[14.398s] -- Up-to-date: /home/mys/ros2_ws/install/turtlesim/include/turtlesim/turtlesim/action
[14.398s] -- Up-to-date: /home/mys/ros2_ws/install/turtlesim/include/turtlesim/turtlesim/action/detail
[14.398s] -- Up-to-date: /home/mys/ros2_ws/install/turtlesim/include/turtlesim/turtlesim/action/detail/dds_fastrtps
[14.398s] -- Up-to-date: /home/mys/ros2_ws/install/turtlesim/include/turtlesim/turtlesim/action/detail/rotate_absolute__rosidl_typesupport_fastrtps_cpp.hpp
[14.398s] -- Up-to-date: /home/mys/ros2_ws/install/turtlesim/lib/libturtlesim__rosidl_typesupport_fastrtps_cpp.so
[14.398s] -- Up-to-date: /home/mys/ros2_ws/install/turtlesim/include/turtlesim/turtlesim
[14.398s] -- Up-to-date: /home/mys/ros2_ws/install/turtlesim/include/turtlesim/turtlesim/msg
[14.398s] -- Up-to-date: /home/mys/ros2_ws/install/turtlesim/include/turtlesim/turtlesim/msg/rosidl_typesupport_introspection_c__visibility_control.h
[14.398s] -- Up-to-date: /home/mys/ros2_ws/install/turtlesim/include/turtlesim/turtlesim/msg/detail
[14.398s] -- Up-to-date: /home/mys/ros2_ws/install/turtlesim/include/turtlesim/turtlesim/msg/detail/pose__type_support.c
[14.398s] -- Up-to-date: /home/mys/ros2_ws/install/turtlesim/include/turtlesim/turtlesim/msg/detail/pose__rosidl_typesupport_introspection_c.h
[14.399s] -- Up-to-date: /home/mys/ros2_ws/install/turtlesim/include/turtlesim/turtlesim/msg/detail/color__rosidl_typesupport_introspection_c.h
[14.399s] -- Up-to-date: /home/mys/ros2_ws/install/turtlesim/include/turtlesim/turtlesim/msg/detail/color__type_support.c
[14.399s] -- Up-to-date: /home/mys/ros2_ws/install/turtlesim/include/turtlesim/turtlesim/srv
[14.399s] -- Up-to-date: /home/mys/ros2_ws/install/turtlesim/include/turtlesim/turtlesim/srv/detail
[14.399s] -- Up-to-date: /home/mys/ros2_ws/install/turtlesim/include/turtlesim/turtlesim/srv/detail/set_pen__rosidl_typesupport_introspection_c.h
[14.399s] -- Up-to-date: /home/mys/ros2_ws/install/turtlesim/include/turtlesim/turtlesim/srv/detail/set_pen__type_support.c
[14.399s] -- Up-to-date: /home/mys/ros2_ws/install/turtlesim/include/turtlesim/turtlesim/srv/detail/teleport_relative__type_support.c
[14.399s] -- Up-to-date: /home/mys/ros2_ws/install/turtlesim/include/turtlesim/turtlesim/srv/detail/kill__type_support.c
[14.399s] -- Up-to-date: /home/mys/ros2_ws/install/turtlesim/include/turtlesim/turtlesim/srv/detail/spawn__rosidl_typesupport_introspection_c.h
[14.399s] -- Up-to-date: /home/mys/ros2_ws/install/turtlesim/include/turtlesim/turtlesim/srv/detail/teleport_absolute__rosidl_typesupport_introspection_c.h
[14.399s] -- Up-to-date: /home/mys/ros2_ws/install/turtlesim/include/turtlesim/turtlesim/srv/detail/kill__rosidl_typesupport_introspection_c.h
[14.399s] -- Up-to-date: /home/mys/ros2_ws/install/turtlesim/include/turtlesim/turtlesim/srv/detail/teleport_relative__rosidl_typesupport_introspection_c.h
[14.399s] -- Up-to-date: /home/mys/ros2_ws/install/turtlesim/include/turtlesim/turtlesim/srv/detail/spawn__type_support.c
[14.399s] -- Up-to-date: /home/mys/ros2_ws/install/turtlesim/include/turtlesim/turtlesim/srv/detail/teleport_absolute__type_support.c
[14.399s] -- Up-to-date: /home/mys/ros2_ws/install/turtlesim/include/turtlesim/turtlesim/action
[14.399s] -- Up-to-date: /home/mys/ros2_ws/install/turtlesim/include/turtlesim/turtlesim/action/detail
[14.399s] -- Up-to-date: /home/mys/ros2_ws/install/turtlesim/include/turtlesim/turtlesim/action/detail/rotate_absolute__type_support.c
[14.399s] -- Up-to-date: /home/mys/ros2_ws/install/turtlesim/include/turtlesim/turtlesim/action/detail/rotate_absolute__rosidl_typesupport_introspection_c.h
[14.400s] -- Up-to-date: /home/mys/ros2_ws/install/turtlesim/lib/libturtlesim__rosidl_typesupport_introspection_c.so
[14.400s] -- Up-to-date: /home/mys/ros2_ws/install/turtlesim/lib/libturtlesim__rosidl_typesupport_c.so
[14.400s] -- Up-to-date: /home/mys/ros2_ws/install/turtlesim/include/turtlesim/turtlesim
[14.400s] -- Up-to-date: /home/mys/ros2_ws/install/turtlesim/include/turtlesim/turtlesim/msg
[14.400s] -- Up-to-date: /home/mys/ros2_ws/install/turtlesim/include/turtlesim/turtlesim/msg/detail
[14.400s] -- Up-to-date: /home/mys/ros2_ws/install/turtlesim/include/turtlesim/turtlesim/msg/detail/color__type_support.cpp
[14.400s] -- Up-to-date: /home/mys/ros2_ws/install/turtlesim/include/turtlesim/turtlesim/msg/detail/color__rosidl_typesupport_introspection_cpp.hpp
[14.400s] -- Up-to-date: /home/mys/ros2_ws/install/turtlesim/include/turtlesim/turtlesim/msg/detail/pose__rosidl_typesupport_introspection_cpp.hpp
[14.400s] -- Up-to-date: /home/mys/ros2_ws/install/turtlesim/include/turtlesim/turtlesim/msg/detail/pose__type_support.cpp
[14.400s] -- Up-to-date: /home/mys/ros2_ws/install/turtlesim/include/turtlesim/turtlesim/srv
[14.400s] -- Up-to-date: /home/mys/ros2_ws/install/turtlesim/include/turtlesim/turtlesim/srv/detail
[14.400s] -- Up-to-date: /home/mys/ros2_ws/install/turtlesim/include/turtlesim/turtlesim/srv/detail/kill__rosidl_typesupport_introspection_cpp.hpp
[14.400s] -- Up-to-date: /home/mys/ros2_ws/install/turtlesim/include/turtlesim/turtlesim/srv/detail/teleport_relative__rosidl_typesupport_introspection_cpp.hpp
[14.400s] -- Up-to-date: /home/mys/ros2_ws/install/turtlesim/include/turtlesim/turtlesim/srv/detail/teleport_absolute__type_support.cpp
[14.400s] -- Up-to-date: /home/mys/ros2_ws/install/turtlesim/include/turtlesim/turtlesim/srv/detail/set_pen__rosidl_typesupport_introspection_cpp.hpp
[14.400s] -- Up-to-date: /home/mys/ros2_ws/install/turtlesim/include/turtlesim/turtlesim/srv/detail/spawn__type_support.cpp
[14.400s] -- Up-to-date: /home/mys/ros2_ws/install/turtlesim/include/turtlesim/turtlesim/srv/detail/kill__type_support.cpp
[14.400s] -- Up-to-date: /home/mys/ros2_ws/install/turtlesim/include/turtlesim/turtlesim/srv/detail/teleport_absolute__rosidl_typesupport_introspection_cpp.hpp
[14.401s] -- Up-to-date: /home/mys/ros2_ws/install/turtlesim/include/turtlesim/turtlesim/srv/detail/set_pen__type_support.cpp
[14.401s] -- Up-to-date: /home/mys/ros2_ws/install/turtlesim/include/turtlesim/turtlesim/srv/detail/teleport_relative__type_support.cpp
[14.401s] -- Up-to-date: /home/mys/ros2_ws/install/turtlesim/include/turtlesim/turtlesim/srv/detail/spawn__rosidl_typesupport_introspection_cpp.hpp
[14.401s] -- Up-to-date: /home/mys/ros2_ws/install/turtlesim/include/turtlesim/turtlesim/action
[14.401s] -- Up-to-date: /home/mys/ros2_ws/install/turtlesim/include/turtlesim/turtlesim/action/detail
[14.401s] -- Up-to-date: /home/mys/ros2_ws/install/turtlesim/include/turtlesim/turtlesim/action/detail/rotate_absolute__rosidl_typesupport_introspection_cpp.hpp
[14.401s] -- Up-to-date: /home/mys/ros2_ws/install/turtlesim/include/turtlesim/turtlesim/action/detail/rotate_absolute__type_support.cpp
[14.401s] -- Up-to-date: /home/mys/ros2_ws/install/turtlesim/lib/libturtlesim__rosidl_typesupport_introspection_cpp.so
[14.401s] -- Up-to-date: /home/mys/ros2_ws/install/turtlesim/lib/libturtlesim__rosidl_typesupport_cpp.so
[14.401s] -- Up-to-date: /home/mys/ros2_ws/install/turtlesim/share/turtlesim/environment/pythonpath.sh
[14.401s] -- Up-to-date: /home/mys/ros2_ws/install/turtlesim/share/turtlesim/environment/pythonpath.dsv
[14.401s] -- Up-to-date: /home/mys/ros2_ws/install/turtlesim/lib/python3.8/site-packages/turtlesim-1.4.1-py3.8.egg-info
[14.401s] -- Installing: /home/mys/ros2_ws/install/turtlesim/lib/python3.8/site-packages/turtlesim-1.4.1-py3.8.egg-info/top_level.txt
[14.401s] -- Installing: /home/mys/ros2_ws/install/turtlesim/lib/python3.8/site-packages/turtlesim-1.4.1-py3.8.egg-info/SOURCES.txt
[14.401s] -- Installing: /home/mys/ros2_ws/install/turtlesim/lib/python3.8/site-packages/turtlesim-1.4.1-py3.8.egg-info/PKG-INFO
[14.401s] -- Installing: /home/mys/ros2_ws/install/turtlesim/lib/python3.8/site-packages/turtlesim-1.4.1-py3.8.egg-info/dependency_links.txt
[14.401s] -- Up-to-date: /home/mys/ros2_ws/install/turtlesim/lib/python3.8/site-packages/turtlesim
[14.401s] -- Up-to-date: /home/mys/ros2_ws/install/turtlesim/lib/python3.8/site-packages/turtlesim/turtlesim_s__rosidl_typesupport_fastrtps_c.cpython-38-x86_64-linux-gnu.so
[14.402s] -- Up-to-date: /home/mys/ros2_ws/install/turtlesim/lib/python3.8/site-packages/turtlesim/_turtlesim_s.ep.rosidl_typesupport_introspection_c.c
[14.402s] -- Up-to-date: /home/mys/ros2_ws/install/turtlesim/lib/python3.8/site-packages/turtlesim/turtlesim_s__rosidl_typesupport_c.cpython-38-x86_64-linux-gnu.so
[14.402s] -- Up-to-date: /home/mys/ros2_ws/install/turtlesim/lib/python3.8/site-packages/turtlesim/msg
[14.402s] -- Up-to-date: /home/mys/ros2_ws/install/turtlesim/lib/python3.8/site-packages/turtlesim/msg/_color_s.c
[14.402s] -- Up-to-date: /home/mys/ros2_ws/install/turtlesim/lib/python3.8/site-packages/turtlesim/msg/_pose_s.c
[14.402s] -- Up-to-date: /home/mys/ros2_ws/install/turtlesim/lib/python3.8/site-packages/turtlesim/msg/_pose.py
[14.402s] -- Up-to-date: /home/mys/ros2_ws/install/turtlesim/lib/python3.8/site-packages/turtlesim/msg/_color.py
[14.402s] -- Up-to-date: /home/mys/ros2_ws/install/turtlesim/lib/python3.8/site-packages/turtlesim/msg/__init__.py
[14.402s] -- Up-to-date: /home/mys/ros2_ws/install/turtlesim/lib/python3.8/site-packages/turtlesim/turtlesim_s__rosidl_typesupport_introspection_c.cpython-38-x86_64-linux-gnu.so
[14.402s] -- Up-to-date: /home/mys/ros2_ws/install/turtlesim/lib/python3.8/site-packages/turtlesim/libturtlesim__rosidl_generator_py.so
[14.402s] -- Up-to-date: /home/mys/ros2_ws/install/turtlesim/lib/python3.8/site-packages/turtlesim/_turtlesim_s.ep.rosidl_typesupport_c.c
[14.402s] -- Up-to-date: /home/mys/ros2_ws/install/turtlesim/lib/python3.8/site-packages/turtlesim/srv
[14.402s] -- Up-to-date: /home/mys/ros2_ws/install/turtlesim/lib/python3.8/site-packages/turtlesim/srv/_spawn_s.c
[14.402s] -- Up-to-date: /home/mys/ros2_ws/install/turtlesim/lib/python3.8/site-packages/turtlesim/srv/_teleport_relative_s.c
[14.402s] -- Up-to-date: /home/mys/ros2_ws/install/turtlesim/lib/python3.8/site-packages/turtlesim/srv/_set_pen.py
[14.402s] -- Up-to-date: /home/mys/ros2_ws/install/turtlesim/lib/python3.8/site-packages/turtlesim/srv/_spawn.py
[14.402s] -- Up-to-date: /home/mys/ros2_ws/install/turtlesim/lib/python3.8/site-packages/turtlesim/srv/_kill.py
[14.402s] -- Up-to-date: /home/mys/ros2_ws/install/turtlesim/lib/python3.8/site-packages/turtlesim/srv/_teleport_absolute.py
[14.403s] -- Up-to-date: /home/mys/ros2_ws/install/turtlesim/lib/python3.8/site-packages/turtlesim/srv/_set_pen_s.c
[14.403s] -- Up-to-date: /home/mys/ros2_ws/install/turtlesim/lib/python3.8/site-packages/turtlesim/srv/_teleport_absolute_s.c
[14.403s] -- Up-to-date: /home/mys/ros2_ws/install/turtlesim/lib/python3.8/site-packages/turtlesim/srv/_teleport_relative.py
[14.403s] -- Up-to-date: /home/mys/ros2_ws/install/turtlesim/lib/python3.8/site-packages/turtlesim/srv/__init__.py
[14.403s] -- Up-to-date: /home/mys/ros2_ws/install/turtlesim/lib/python3.8/site-packages/turtlesim/srv/_kill_s.c
[14.403s] -- Up-to-date: /home/mys/ros2_ws/install/turtlesim/lib/python3.8/site-packages/turtlesim/action
[14.403s] -- Up-to-date: /home/mys/ros2_ws/install/turtlesim/lib/python3.8/site-packages/turtlesim/action/_rotate_absolute_s.c
[14.403s] -- Up-to-date: /home/mys/ros2_ws/install/turtlesim/lib/python3.8/site-packages/turtlesim/action/_rotate_absolute.py
[14.403s] -- Up-to-date: /home/mys/ros2_ws/install/turtlesim/lib/python3.8/site-packages/turtlesim/action/__init__.py
[14.403s] -- Up-to-date: /home/mys/ros2_ws/install/turtlesim/lib/python3.8/site-packages/turtlesim/_turtlesim_s.ep.rosidl_typesupport_fastrtps_c.c
[14.403s] -- Up-to-date: /home/mys/ros2_ws/install/turtlesim/lib/python3.8/site-packages/turtlesim/__init__.py
[14.790s] Listing '/home/mys/ros2_ws/install/turtlesim/lib/python3.8/site-packages/turtlesim'...
[14.790s] Listing '/home/mys/ros2_ws/install/turtlesim/lib/python3.8/site-packages/turtlesim/action'...
[14.791s] Listing '/home/mys/ros2_ws/install/turtlesim/lib/python3.8/site-packages/turtlesim/msg'...
[14.791s] Listing '/home/mys/ros2_ws/install/turtlesim/lib/python3.8/site-packages/turtlesim/srv'...
[14.795s] -- Up-to-date: /home/mys/ros2_ws/install/turtlesim/lib/python3.8/site-packages/turtlesim/turtlesim_s__rosidl_typesupport_introspection_c.cpython-38-x86_64-linux-gnu.so
[14.796s] -- Up-to-date: /home/mys/ros2_ws/install/turtlesim/lib/python3.8/site-packages/turtlesim/turtlesim_s__rosidl_typesupport_fastrtps_c.cpython-38-x86_64-linux-gnu.so
[14.797s] -- Up-to-date: /home/mys/ros2_ws/install/turtlesim/lib/python3.8/site-packages/turtlesim/turtlesim_s__rosidl_typesupport_c.cpython-38-x86_64-linux-gnu.so
[14.798s] -- Up-to-date: /home/mys/ros2_ws/install/turtlesim/lib/libturtlesim__rosidl_generator_py.so
[14.798s] -- Up-to-date: /home/mys/ros2_ws/install/turtlesim/share/turtlesim/action/RotateAbsolute.idl
[14.799s] -- Up-to-date: /home/mys/ros2_ws/install/turtlesim/share/turtlesim/msg/Color.idl
[14.799s] -- Up-to-date: /home/mys/ros2_ws/install/turtlesim/share/turtlesim/msg/Pose.idl
[14.799s] -- Up-to-date: /home/mys/ros2_ws/install/turtlesim/share/turtlesim/srv/Kill.idl
[14.799s] -- Up-to-date: /home/mys/ros2_ws/install/turtlesim/share/turtlesim/srv/SetPen.idl
[14.800s] -- Up-to-date: /home/mys/ros2_ws/install/turtlesim/share/turtlesim/srv/Spawn.idl
[14.800s] -- Up-to-date: /home/mys/ros2_ws/install/turtlesim/share/turtlesim/srv/TeleportAbsolute.idl
[14.800s] -- Up-to-date: /home/mys/ros2_ws/install/turtlesim/share/turtlesim/srv/TeleportRelative.idl
[14.800s] -- Up-to-date: /home/mys/ros2_ws/install/turtlesim/share/turtlesim/action/RotateAbsolute.action
[14.801s] -- Up-to-date: /home/mys/ros2_ws/install/turtlesim/share/turtlesim/msg/Color.msg
[14.801s] -- Up-to-date: /home/mys/ros2_ws/install/turtlesim/share/turtlesim/msg/Pose.msg
[14.801s] -- Up-to-date: /home/mys/ros2_ws/install/turtlesim/share/turtlesim/srv/Kill.srv
[14.801s] -- Up-to-date: /home/mys/ros2_ws/install/turtlesim/share/turtlesim/srv/Kill_Request.msg
[14.801s] -- Up-to-date: /home/mys/ros2_ws/install/turtlesim/share/turtlesim/srv/Kill_Response.msg
[14.801s] -- Up-to-date: /home/mys/ros2_ws/install/turtlesim/share/turtlesim/srv/SetPen.srv
[14.801s] -- Up-to-date: /home/mys/ros2_ws/install/turtlesim/share/turtlesim/srv/SetPen_Request.msg
[14.802s] -- Up-to-date: /home/mys/ros2_ws/install/turtlesim/share/turtlesim/srv/SetPen_Response.msg
[14.802s] -- Up-to-date: /home/mys/ros2_ws/install/turtlesim/share/turtlesim/srv/Spawn.srv
[14.802s] -- Up-to-date: /home/mys/ros2_ws/install/turtlesim/share/turtlesim/srv/Spawn_Request.msg
[14.802s] -- Up-to-date: /home/mys/ros2_ws/install/turtlesim/share/turtlesim/srv/Spawn_Response.msg
[14.802s] -- Up-to-date: /home/mys/ros2_ws/install/turtlesim/share/turtlesim/srv/TeleportAbsolute.srv
[14.802s] -- Up-to-date: /home/mys/ros2_ws/install/turtlesim/share/turtlesim/srv/TeleportAbsolute_Request.msg
[14.802s] -- Up-to-date: /home/mys/ros2_ws/install/turtlesim/share/turtlesim/srv/TeleportAbsolute_Response.msg
[14.802s] -- Up-to-date: /home/mys/ros2_ws/install/turtlesim/share/turtlesim/srv/TeleportRelative.srv
[14.803s] -- Up-to-date: /home/mys/ros2_ws/install/turtlesim/share/turtlesim/srv/TeleportRelative_Request.msg
[14.803s] -- Up-to-date: /home/mys/ros2_ws/install/turtlesim/share/turtlesim/srv/TeleportRelative_Response.msg
[14.803s] -- Installing: /home/mys/ros2_ws/install/turtlesim/lib/turtlesim/turtlesim_node
[14.814s] -- Set runtime path of "/home/mys/ros2_ws/install/turtlesim/lib/turtlesim/turtlesim_node" to ""
[14.814s] -- Up-to-date: /home/mys/ros2_ws/install/turtlesim/lib/turtlesim/turtle_teleop_key
[14.814s] -- Up-to-date: /home/mys/ros2_ws/install/turtlesim/lib/turtlesim/draw_square
[14.814s] -- Up-to-date: /home/mys/ros2_ws/install/turtlesim/lib/turtlesim/mimic
[14.814s] -- Up-to-date: /home/mys/ros2_ws/install/turtlesim/share/turtlesim/images
[14.814s] -- Up-to-date: /home/mys/ros2_ws/install/turtlesim/share/turtlesim/images/humble.png
[14.814s] -- Up-to-date: /home/mys/ros2_ws/install/turtlesim/share/turtlesim/images/crystal.png
[14.814s] -- Up-to-date: /home/mys/ros2_ws/install/turtlesim/share/turtlesim/images/rolling.png
[14.815s] -- Up-to-date: /home/mys/ros2_ws/install/turtlesim/share/turtlesim/images/dashing.png
[14.815s] -- Up-to-date: /home/mys/ros2_ws/install/turtlesim/share/turtlesim/images/eloquent.png
[14.815s] -- Up-to-date: /home/mys/ros2_ws/install/turtlesim/share/turtlesim/images/bouncy.png
[14.815s] -- Up-to-date: /home/mys/ros2_ws/install/turtlesim/share/turtlesim/images/galactic.png
[14.815s] -- Up-to-date: /home/mys/ros2_ws/install/turtlesim/share/turtlesim/images/ardent.png
[14.815s] -- Up-to-date: /home/mys/ros2_ws/install/turtlesim/share/turtlesim/images/foxy.png
[14.815s] -- Up-to-date: /home/mys/ros2_ws/install/turtlesim/share/turtlesim/launch
[14.815s] -- Up-to-date: /home/mys/ros2_ws/install/turtlesim/share/turtlesim/launch/multisim.launch.py
[14.815s] -- Up-to-date: /home/mys/ros2_ws/install/turtlesim/share/ament_index/resource_index/package_run_dependencies/turtlesim
[14.815s] -- Up-to-date: /home/mys/ros2_ws/install/turtlesim/share/ament_index/resource_index/parent_prefix_path/turtlesim
[14.815s] -- Up-to-date: /home/mys/ros2_ws/install/turtlesim/share/turtlesim/environment/ament_prefix_path.dsv
[14.815s] -- Up-to-date: /home/mys/ros2_ws/install/turtlesim/share/turtlesim/environment/path.dsv
[14.815s] -- Up-to-date: /home/mys/ros2_ws/install/turtlesim/share/turtlesim/local_setup.bash
[14.815s] -- Up-to-date: /home/mys/ros2_ws/install/turtlesim/share/turtlesim/local_setup.sh
[14.816s] -- Up-to-date: /home/mys/ros2_ws/install/turtlesim/share/turtlesim/local_setup.zsh
[14.816s] -- Up-to-date: /home/mys/ros2_ws/install/turtlesim/share/turtlesim/local_setup.dsv
[14.816s] -- Installing: /home/mys/ros2_ws/install/turtlesim/share/turtlesim/package.dsv
[14.816s] -- Up-to-date: /home/mys/ros2_ws/install/turtlesim/share/ament_index/resource_index/packages/turtlesim
[14.816s] -- Up-to-date: /home/mys/ros2_ws/install/turtlesim/share/turtlesim/cmake/export_turtlesim__rosidl_generator_cExport.cmake
[14.816s] -- Up-to-date: /home/mys/ros2_ws/install/turtlesim/share/turtlesim/cmake/export_turtlesim__rosidl_generator_cExport-noconfig.cmake
[14.816s] -- Up-to-date: /home/mys/ros2_ws/install/turtlesim/share/turtlesim/cmake/export_turtlesim__rosidl_typesupport_fastrtps_cExport.cmake
[14.816s] -- Up-to-date: /home/mys/ros2_ws/install/turtlesim/share/turtlesim/cmake/export_turtlesim__rosidl_typesupport_fastrtps_cExport-noconfig.cmake
[14.816s] -- Up-to-date: /home/mys/ros2_ws/install/turtlesim/share/turtlesim/cmake/export_turtlesim__rosidl_generator_cppExport.cmake
[14.816s] -- Up-to-date: /home/mys/ros2_ws/install/turtlesim/share/turtlesim/cmake/export_turtlesim__rosidl_typesupport_fastrtps_cppExport.cmake
[14.816s] -- Up-to-date: /home/mys/ros2_ws/install/turtlesim/share/turtlesim/cmake/export_turtlesim__rosidl_typesupport_fastrtps_cppExport-noconfig.cmake
[14.816s] -- Up-to-date: /home/mys/ros2_ws/install/turtlesim/share/turtlesim/cmake/turtlesim__rosidl_typesupport_introspection_cExport.cmake
[14.816s] -- Up-to-date: /home/mys/ros2_ws/install/turtlesim/share/turtlesim/cmake/turtlesim__rosidl_typesupport_introspection_cExport-noconfig.cmake
[14.817s] -- Up-to-date: /home/mys/ros2_ws/install/turtlesim/share/turtlesim/cmake/turtlesim__rosidl_typesupport_cExport.cmake
[14.817s] -- Up-to-date: /home/mys/ros2_ws/install/turtlesim/share/turtlesim/cmake/turtlesim__rosidl_typesupport_cExport-noconfig.cmake
[14.817s] -- Up-to-date: /home/mys/ros2_ws/install/turtlesim/share/turtlesim/cmake/turtlesim__rosidl_typesupport_introspection_cppExport.cmake
[14.817s] -- Up-to-date: /home/mys/ros2_ws/install/turtlesim/share/turtlesim/cmake/turtlesim__rosidl_typesupport_introspection_cppExport-noconfig.cmake
[14.817s] -- Up-to-date: /home/mys/ros2_ws/install/turtlesim/share/turtlesim/cmake/turtlesim__rosidl_typesupport_cppExport.cmake
[14.817s] -- Up-to-date: /home/mys/ros2_ws/install/turtlesim/share/turtlesim/cmake/turtlesim__rosidl_typesupport_cppExport-noconfig.cmake
[14.817s] -- Up-to-date: /home/mys/ros2_ws/install/turtlesim/share/turtlesim/cmake/export_turtlesim__rosidl_generator_pyExport.cmake
[14.817s] -- Up-to-date: /home/mys/ros2_ws/install/turtlesim/share/turtlesim/cmake/export_turtlesim__rosidl_generator_pyExport-noconfig.cmake
[14.817s] -- Up-to-date: /home/mys/ros2_ws/install/turtlesim/share/turtlesim/cmake/rosidl_cmake-extras.cmake
[14.817s] -- Up-to-date: /home/mys/ros2_ws/install/turtlesim/share/turtlesim/cmake/ament_cmake_export_dependencies-extras.cmake
[14.817s] -- Up-to-date: /home/mys/ros2_ws/install/turtlesim/share/turtlesim/cmake/ament_cmake_export_include_directories-extras.cmake
[14.817s] -- Up-to-date: /home/mys/ros2_ws/install/turtlesim/share/turtlesim/cmake/ament_cmake_export_libraries-extras.cmake
[14.817s] -- Up-to-date: /home/mys/ros2_ws/install/turtlesim/share/turtlesim/cmake/ament_cmake_export_targets-extras.cmake
[14.817s] -- Up-to-date: /home/mys/ros2_ws/install/turtlesim/share/turtlesim/cmake/rosidl_cmake_export_typesupport_targets-extras.cmake
[14.817s] -- Up-to-date: /home/mys/ros2_ws/install/turtlesim/share/turtlesim/cmake/rosidl_cmake_export_typesupport_libraries-extras.cmake
[14.817s] -- Up-to-date: /home/mys/ros2_ws/install/turtlesim/share/turtlesim/cmake/turtlesimConfig.cmake
[14.818s] -- Up-to-date: /home/mys/ros2_ws/install/turtlesim/share/turtlesim/cmake/turtlesimConfig-version.cmake
[14.818s] -- Up-to-date: /home/mys/ros2_ws/install/turtlesim/share/turtlesim/package.xml
[14.825s] Invoked command in '/home/mys/ros2_ws/build/turtlesim' returned '0': CMAKE_PREFIX_PATH=${CMAKE_PREFIX_PATH}:/home/mys/ros2_humble/install/rqt_bag_plugins:/home/mys/ros2_humble/install/rqt_bag:/home/mys/ros2_humble/install/ros2bag:/home/mys/ros2_humble/install/tracetools_test:/home/mys/ros2_humble/install/tracetools_launch:/home/mys/ros2_humble/install/topic_monitor:/home/mys/ros2_humble/install/tf2_tools:/home/mys/ros2_humble/install/examples_tf2_py:/home/mys/ros2_humble/install/tf2_ros_py:/home/mys/ros2_humble/install/sros2:/home/mys/ros2_humble/install/rqt_topic:/home/mys/ros2_humble/install/rqt_srv:/home/mys/ros2_humble/install/rqt_shell:/home/mys/ros2_humble/install/rqt_service_caller:/home/mys/ros2_humble/install/rqt_reconfigure:/home/mys/ros2_humble/install/rqt_py_console:/home/mys/ros2_humble/install/rqt_publisher:/home/mys/ros2_humble/install/rqt_plot:/home/mys/ros2_humble/install/rqt_action:/home/mys/ros2_humble/install/rqt_msg:/home/mys/ros2_humble/install/rqt_console:/home/mys/ros2_humble/install/rqt:/home/mys/ros2_humble/install/rqt_graph:/home/mys/ros2_humble/install/rqt_gui_py:/home/mys/ros2_humble/install/rqt_gui:/home/mys/ros2_humble/install/ros2trace:/home/mys/ros2_humble/install/ros2topic:/home/mys/ros2_humble/install/ros2test:/home/mys/ros2_humble/install/ros2component:/home/mys/ros2_humble/install/ros2param:/home/mys/ros2_humble/install/ros2lifecycle:/home/mys/ros2_humble/install/ros2service:/home/mys/ros2_humble/install/ros2run:/home/mys/ros2_humble/install/ros2launch:/home/mys/ros2_humble/install/ros2pkg:/home/mys/ros2_humble/install/ros2node:/home/mys/ros2_humble/install/ros2multicast:/home/mys/ros2_humble/install/ros2interface:/home/mys/ros2_humble/install/ros2doctor:/home/mys/ros2_humble/install/ros2action:/home/mys/ros2_humble/install/ros2cli:/home/mys/ros2_humble/install/quality_of_service_demo_py:/home/mys/ros2_humble/install/lifecycle_py:/home/mys/ros2_humble/install/launch_testing_ros:/home/mys/ros2_humble/install/launch_ros:/home/mys/ros2_humble/install/examples_rclpy_pointcloud_publisher:/home/mys/ros2_humble/install/examples_rclpy_minimal_subscriber:/home/mys/ros2_humble/install/examples_rclpy_minimal_service:/home/mys/ros2_humble/install/examples_rclpy_minimal_publisher:/home/mys/ros2_humble/install/examples_rclpy_minimal_client:/home/mys/ros2_humble/install/examples_rclpy_minimal_action_server:/home/mys/ros2_humble/install/examples_rclpy_minimal_action_client:/home/mys/ros2_humble/install/examples_rclpy_guard_conditions:/home/mys/ros2_humble/install/examples_rclpy_executors:/home/mys/ros2_humble/install/demo_nodes_py:/home/mys/ros2_humble/install/action_tutorials_py:/home/mys/ros2_humble/install/ament_uncrustify:/home/mys/ros2_humble/install/tracetools_trace:/home/mys/ros2_humble/install/tracetools_read:/home/mys/ros2_humble/install/test_tracetools_launch:/home/mys/ros2_humble/install/test_launch_ros:/home/mys/ros2_humble/install/sensor_msgs_py:/home/mys/ros2_humble/install/rpyutils:/home/mys/ros2_humble/install/rosidl_runtime_py:/home/mys/ros2_humble/install/rosidl_cli:/home/mys/ros2_humble/install/launch_pytest:/home/mys/ros2_humble/install/launch_testing:/home/mys/ros2_humble/install/launch_yaml:/home/mys/ros2_humble/install/launch_xml:/home/mys/ros2_humble/install/launch:/home/mys/ros2_humble/install/osrf_pycommon:/home/mys/ros2_humble/install/launch_testing_examples:/home/mys/ros2_humble/install/domain_coordinator:/home/mys/ros2_humble/install/ament_xmllint:/home/mys/ros2_humble/install/ament_pyflakes:/home/mys/ros2_humble/install/ament_pycodestyle:/home/mys/ros2_humble/install/ament_pep257:/home/mys/ros2_humble/install/ament_pclint:/home/mys/ros2_humble/install/ament_package:/home/mys/ros2_humble/install/ament_mypy:/home/mys/ros2_humble/install/ament_lint_cmake:/home/mys/ros2_humble/install/ament_flake8:/home/mys/ros2_humble/install/ament_copyright:/home/mys/ros2_humble/install/ament_lint:/home/mys/ros2_humble/install/ament_index_python:/home/mys/ros2_humble/install/ament_cpplint:/home/mys/ros2_humble/install/ament_cppcheck:/home/mys/ros2_humble/install/ament_clang_tidy:/home/mys/ros2_humble/install/ament_clang_format /usr/bin/cmake --install /home/mys/ros2_ws/build/turtlesim
