-- Found ament_cmake: 1.3.3 (/home/mys/ros2_humble/install/ament_cmake/share/ament_cmake/cmake)
-- Found rclcpp: 16.0.2 (/home/mys/ros2_humble/install/rclcpp/share/rclcpp/cmake)
-- Found rosidl_generator_c: 3.1.4 (/home/mys/ros2_humble/install/rosidl_generator_c/share/rosidl_generator_c/cmake)
-- Found rosidl_adapter: 3.1.4 (/home/mys/ros2_humble/install/rosidl_adapter/share/rosidl_adapter/cmake)
-- Found rosidl_generator_cpp: 3.1.4 (/home/mys/ros2_humble/install/rosidl_generator_cpp/share/rosidl_generator_cpp/cmake)
-- Using all available rosidl_typesupport_c: rosidl_typesupport_introspection_c;rosidl_typesupport_fastrtps_c
-- Using all available rosidl_typesupport_cpp: rosidl_typesupport_introspection_cpp;rosidl_typesupport_fastrtps_cpp
-- Found rmw_implementation_cmake: 6.1.1 (/home/mys/ros2_humble/install/rmw_implementation_cmake/share/rmw_implementation_cmake/cmake)
-- Found rmw_fastrtps_cpp: 6.2.2 (/home/mys/ros2_humble/install/rmw_fastrtps_cpp/share/rmw_fastrtps_cpp/cmake)
-- Using RMW implementation 'rmw_fastrtps_cpp' as default
-- Found rosidl_default_generators: 1.2.0 (/home/mys/ros2_humble/install/rosidl_default_generators/share/rosidl_default_generators/cmake)
-- Found ament_cmake_ros: 0.10.0 (/home/mys/ros2_humble/install/ament_cmake_ros/share/ament_cmake_ros/cmake)
-- Using all available rosidl_typesupport_c: rosidl_typesupport_introspection_c;rosidl_typesupport_fastrtps_c
-- Using all available rosidl_typesupport_cpp: rosidl_typesupport_introspection_cpp;rosidl_typesupport_fastrtps_cpp
-- Found python_cmake_module: 0.10.0 (/home/mys/ros2_humble/install/python_cmake_module/share/python_cmake_module/cmake)
-- Using PYTHON_EXECUTABLE: /usr/bin/python3
-- Using PYTHON_INCLUDE_DIRS: /usr/include/python3.8
-- Using PYTHON_LIBRARIES: /usr/lib/x86_64-linux-gnu/libpython3.8.so
-- Configuring done
-- Generating done
-- Build files have been written to: /home/mys/ros2_ws/L/beginner_tutorials/build/beginner_tutorials
[  2%] Built target beginner_tutorials__cpp
[ 11%] Built target beginner_tutorials__rosidl_generator_c
[ 11%] Built target ament_cmake_python_copy_beginner_tutorials
[ 17%] Built target listener
[ 34%] Built target beginner_tutorials__rosidl_typesupport_cpp
[ 34%] Built target beginner_tutorials__rosidl_typesupport_introspection_cpp
[ 51%] Built target beginner_tutorials__rosidl_typesupport_introspection_c
[ 51%] Built target beginner_tutorials__rosidl_typesupport_fastrtps_cpp
[ 60%] Built target beginner_tutorials__rosidl_typesupport_c
[ 68%] Built target beginner_tutorials__rosidl_typesupport_fastrtps_c
[ 71%] [32mBuilding CXX object CMakeFiles/talker.dir/src/publisher_member_function.cpp.o[0m
[ 71%] Built target beginner_tutorials
[ 74%] Built target beginner_tutorials__py
[ 80%] Built target beginner_tutorials__rosidl_generator_py
[ 85%] Built target beginner_tutorials__rosidl_typesupport_introspection_c__pyext
[ 91%] Built target beginner_tutorials__rosidl_typesupport_c__pyext
[ 97%] Built target beginner_tutorials__rosidl_typesupport_fastrtps_c__pyext
running egg_info
writing beginner_tutorials.egg-info/PKG-INFO
writing dependency_links to beginner_tutorials.egg-info/dependency_links.txt
writing top-level names to beginner_tutorials.egg-info/top_level.txt
reading manifest file 'beginner_tutorials.egg-info/SOURCES.txt'
writing manifest file 'beginner_tutorials.egg-info/SOURCES.txt'
[ 97%] Built target ament_cmake_python_build_beginner_tutorials_egg
[100%] [32m[1mLinking CXX executable talker[0m
[100%] Built target talker
-- Install configuration: ""
-- Up-to-date: /home/mys/ros2_ws/L/beginner_tutorials/install/beginner_tutorials/share/ament_index/resource_index/rosidl_interfaces/beginner_tutorials
-- Up-to-date: /home/mys/ros2_ws/L/beginner_tutorials/install/beginner_tutorials/include/beginner_tutorials/beginner_tutorials
-- Up-to-date: /home/mys/ros2_ws/L/beginner_tutorials/install/beginner_tutorials/include/beginner_tutorials/beginner_tutorials/msg
-- Up-to-date: /home/mys/ros2_ws/L/beginner_tutorials/install/beginner_tutorials/include/beginner_tutorials/beginner_tutorials/msg/rosidl_generator_c__visibility_control.h
-- Up-to-date: /home/mys/ros2_ws/L/beginner_tutorials/install/beginner_tutorials/include/beginner_tutorials/beginner_tutorials/srv
-- Up-to-date: /home/mys/ros2_ws/L/beginner_tutorials/install/beginner_tutorials/include/beginner_tutorials/beginner_tutorials/srv/update_message.h
-- Up-to-date: /home/mys/ros2_ws/L/beginner_tutorials/install/beginner_tutorials/include/beginner_tutorials/beginner_tutorials/srv/detail
-- Up-to-date: /home/mys/ros2_ws/L/beginner_tutorials/install/beginner_tutorials/include/beginner_tutorials/beginner_tutorials/srv/detail/update_message__struct.h
-- Up-to-date: /home/mys/ros2_ws/L/beginner_tutorials/install/beginner_tutorials/include/beginner_tutorials/beginner_tutorials/srv/detail/update_message__type_support.h
-- Up-to-date: /home/mys/ros2_ws/L/beginner_tutorials/install/beginner_tutorials/include/beginner_tutorials/beginner_tutorials/srv/detail/update_message__functions.c
-- Up-to-date: /home/mys/ros2_ws/L/beginner_tutorials/install/beginner_tutorials/include/beginner_tutorials/beginner_tutorials/srv/detail/update_message__functions.h
-- Up-to-date: /home/mys/ros2_ws/L/beginner_tutorials/install/beginner_tutorials/share/beginner_tutorials/environment/library_path.sh
-- Installing: /home/mys/ros2_ws/L/beginner_tutorials/install/beginner_tutorials/share/beginner_tutorials/environment/library_path.dsv
-- Up-to-date: /home/mys/ros2_ws/L/beginner_tutorials/install/beginner_tutorials/lib/libbeginner_tutorials__rosidl_generator_c.so
-- Up-to-date: /home/mys/ros2_ws/L/beginner_tutorials/install/beginner_tutorials/include/beginner_tutorials/beginner_tutorials
-- Up-to-date: /home/mys/ros2_ws/L/beginner_tutorials/install/beginner_tutorials/include/beginner_tutorials/beginner_tutorials/msg
-- Up-to-date: /home/mys/ros2_ws/L/beginner_tutorials/install/beginner_tutorials/include/beginner_tutorials/beginner_tutorials/msg/rosidl_typesupport_fastrtps_c__visibility_control.h
-- Up-to-date: /home/mys/ros2_ws/L/beginner_tutorials/install/beginner_tutorials/include/beginner_tutorials/beginner_tutorials/srv
-- Up-to-date: /home/mys/ros2_ws/L/beginner_tutorials/install/beginner_tutorials/include/beginner_tutorials/beginner_tutorials/srv/detail
-- Up-to-date: /home/mys/ros2_ws/L/beginner_tutorials/install/beginner_tutorials/include/beginner_tutorials/beginner_tutorials/srv/detail/update_message__rosidl_typesupport_fastrtps_c.h
-- Up-to-date: /home/mys/ros2_ws/L/beginner_tutorials/install/beginner_tutorials/lib/libbeginner_tutorials__rosidl_typesupport_fastrtps_c.so
-- Up-to-date: /home/mys/ros2_ws/L/beginner_tutorials/install/beginner_tutorials/include/beginner_tutorials/beginner_tutorials
-- Up-to-date: /home/mys/ros2_ws/L/beginner_tutorials/install/beginner_tutorials/include/beginner_tutorials/beginner_tutorials/srv
-- Up-to-date: /home/mys/ros2_ws/L/beginner_tutorials/install/beginner_tutorials/include/beginner_tutorials/beginner_tutorials/srv/detail
-- Up-to-date: /home/mys/ros2_ws/L/beginner_tutorials/install/beginner_tutorials/include/beginner_tutorials/beginner_tutorials/srv/detail/update_message__struct.hpp
-- Up-to-date: /home/mys/ros2_ws/L/beginner_tutorials/install/beginner_tutorials/include/beginner_tutorials/beginner_tutorials/srv/detail/update_message__builder.hpp
-- Up-to-date: /home/mys/ros2_ws/L/beginner_tutorials/install/beginner_tutorials/include/beginner_tutorials/beginner_tutorials/srv/detail/update_message__traits.hpp
-- Up-to-date: /home/mys/ros2_ws/L/beginner_tutorials/install/beginner_tutorials/include/beginner_tutorials/beginner_tutorials/srv/update_message.hpp
-- Up-to-date: /home/mys/ros2_ws/L/beginner_tutorials/install/beginner_tutorials/include/beginner_tutorials/beginner_tutorials
-- Up-to-date: /home/mys/ros2_ws/L/beginner_tutorials/install/beginner_tutorials/include/beginner_tutorials/beginner_tutorials/msg
-- Up-to-date: /home/mys/ros2_ws/L/beginner_tutorials/install/beginner_tutorials/include/beginner_tutorials/beginner_tutorials/msg/rosidl_typesupport_fastrtps_cpp__visibility_control.h
-- Up-to-date: /home/mys/ros2_ws/L/beginner_tutorials/install/beginner_tutorials/include/beginner_tutorials/beginner_tutorials/srv
-- Up-to-date: /home/mys/ros2_ws/L/beginner_tutorials/install/beginner_tutorials/include/beginner_tutorials/beginner_tutorials/srv/detail
-- Up-to-date: /home/mys/ros2_ws/L/beginner_tutorials/install/beginner_tutorials/include/beginner_tutorials/beginner_tutorials/srv/detail/dds_fastrtps
-- Up-to-date: /home/mys/ros2_ws/L/beginner_tutorials/install/beginner_tutorials/include/beginner_tutorials/beginner_tutorials/srv/detail/update_message__rosidl_typesupport_fastrtps_cpp.hpp
-- Up-to-date: /home/mys/ros2_ws/L/beginner_tutorials/install/beginner_tutorials/lib/libbeginner_tutorials__rosidl_typesupport_fastrtps_cpp.so
-- Up-to-date: /home/mys/ros2_ws/L/beginner_tutorials/install/beginner_tutorials/include/beginner_tutorials/beginner_tutorials
-- Up-to-date: /home/mys/ros2_ws/L/beginner_tutorials/install/beginner_tutorials/include/beginner_tutorials/beginner_tutorials/msg
-- Up-to-date: /home/mys/ros2_ws/L/beginner_tutorials/install/beginner_tutorials/include/beginner_tutorials/beginner_tutorials/msg/rosidl_typesupport_introspection_c__visibility_control.h
-- Up-to-date: /home/mys/ros2_ws/L/beginner_tutorials/install/beginner_tutorials/include/beginner_tutorials/beginner_tutorials/srv
-- Up-to-date: /home/mys/ros2_ws/L/beginner_tutorials/install/beginner_tutorials/include/beginner_tutorials/beginner_tutorials/srv/detail
-- Up-to-date: /home/mys/ros2_ws/L/beginner_tutorials/install/beginner_tutorials/include/beginner_tutorials/beginner_tutorials/srv/detail/update_message__type_support.c
-- Up-to-date: /home/mys/ros2_ws/L/beginner_tutorials/install/beginner_tutorials/include/beginner_tutorials/beginner_tutorials/srv/detail/update_message__rosidl_typesupport_introspection_c.h
-- Up-to-date: /home/mys/ros2_ws/L/beginner_tutorials/install/beginner_tutorials/lib/libbeginner_tutorials__rosidl_typesupport_introspection_c.so
-- Up-to-date: /home/mys/ros2_ws/L/beginner_tutorials/install/beginner_tutorials/lib/libbeginner_tutorials__rosidl_typesupport_c.so
-- Up-to-date: /home/mys/ros2_ws/L/beginner_tutorials/install/beginner_tutorials/include/beginner_tutorials/beginner_tutorials
-- Up-to-date: /home/mys/ros2_ws/L/beginner_tutorials/install/beginner_tutorials/include/beginner_tutorials/beginner_tutorials/srv
-- Up-to-date: /home/mys/ros2_ws/L/beginner_tutorials/install/beginner_tutorials/include/beginner_tutorials/beginner_tutorials/srv/detail
-- Up-to-date: /home/mys/ros2_ws/L/beginner_tutorials/install/beginner_tutorials/include/beginner_tutorials/beginner_tutorials/srv/detail/update_message__type_support.cpp
-- Up-to-date: /home/mys/ros2_ws/L/beginner_tutorials/install/beginner_tutorials/include/beginner_tutorials/beginner_tutorials/srv/detail/update_message__rosidl_typesupport_introspection_cpp.hpp
-- Up-to-date: /home/mys/ros2_ws/L/beginner_tutorials/install/beginner_tutorials/lib/libbeginner_tutorials__rosidl_typesupport_introspection_cpp.so
-- Up-to-date: /home/mys/ros2_ws/L/beginner_tutorials/install/beginner_tutorials/lib/libbeginner_tutorials__rosidl_typesupport_cpp.so
-- Up-to-date: /home/mys/ros2_ws/L/beginner_tutorials/install/beginner_tutorials/share/beginner_tutorials/environment/pythonpath.sh
-- Installing: /home/mys/ros2_ws/L/beginner_tutorials/install/beginner_tutorials/share/beginner_tutorials/environment/pythonpath.dsv
-- Up-to-date: /home/mys/ros2_ws/L/beginner_tutorials/install/beginner_tutorials/lib/python3.8/site-packages/beginner_tutorials-0.0.0-py3.8.egg-info
-- Installing: /home/mys/ros2_ws/L/beginner_tutorials/install/beginner_tutorials/lib/python3.8/site-packages/beginner_tutorials-0.0.0-py3.8.egg-info/top_level.txt
-- Installing: /home/mys/ros2_ws/L/beginner_tutorials/install/beginner_tutorials/lib/python3.8/site-packages/beginner_tutorials-0.0.0-py3.8.egg-info/SOURCES.txt
-- Installing: /home/mys/ros2_ws/L/beginner_tutorials/install/beginner_tutorials/lib/python3.8/site-packages/beginner_tutorials-0.0.0-py3.8.egg-info/PKG-INFO
-- Installing: /home/mys/ros2_ws/L/beginner_tutorials/install/beginner_tutorials/lib/python3.8/site-packages/beginner_tutorials-0.0.0-py3.8.egg-info/dependency_links.txt
-- Up-to-date: /home/mys/ros2_ws/L/beginner_tutorials/install/beginner_tutorials/lib/python3.8/site-packages/beginner_tutorials
-- Up-to-date: /home/mys/ros2_ws/L/beginner_tutorials/install/beginner_tutorials/lib/python3.8/site-packages/beginner_tutorials/beginner_tutorials_s__rosidl_typesupport_c.cpython-38-x86_64-linux-gnu.so
-- Up-to-date: /home/mys/ros2_ws/L/beginner_tutorials/install/beginner_tutorials/lib/python3.8/site-packages/beginner_tutorials/beginner_tutorials_s__rosidl_typesupport_fastrtps_c.cpython-38-x86_64-linux-gnu.so
-- Up-to-date: /home/mys/ros2_ws/L/beginner_tutorials/install/beginner_tutorials/lib/python3.8/site-packages/beginner_tutorials/libbeginner_tutorials__rosidl_generator_py.so
-- Up-to-date: /home/mys/ros2_ws/L/beginner_tutorials/install/beginner_tutorials/lib/python3.8/site-packages/beginner_tutorials/_beginner_tutorials_s.ep.rosidl_typesupport_c.c
-- Up-to-date: /home/mys/ros2_ws/L/beginner_tutorials/install/beginner_tutorials/lib/python3.8/site-packages/beginner_tutorials/beginner_tutorials_s__rosidl_typesupport_introspection_c.cpython-38-x86_64-linux-gnu.so
-- Up-to-date: /home/mys/ros2_ws/L/beginner_tutorials/install/beginner_tutorials/lib/python3.8/site-packages/beginner_tutorials/srv
-- Up-to-date: /home/mys/ros2_ws/L/beginner_tutorials/install/beginner_tutorials/lib/python3.8/site-packages/beginner_tutorials/srv/_update_message.py
-- Up-to-date: /home/mys/ros2_ws/L/beginner_tutorials/install/beginner_tutorials/lib/python3.8/site-packages/beginner_tutorials/srv/_update_message_s.c
-- Up-to-date: /home/mys/ros2_ws/L/beginner_tutorials/install/beginner_tutorials/lib/python3.8/site-packages/beginner_tutorials/srv/__init__.py
-- Up-to-date: /home/mys/ros2_ws/L/beginner_tutorials/install/beginner_tutorials/lib/python3.8/site-packages/beginner_tutorials/_beginner_tutorials_s.ep.rosidl_typesupport_introspection_c.c
-- Up-to-date: /home/mys/ros2_ws/L/beginner_tutorials/install/beginner_tutorials/lib/python3.8/site-packages/beginner_tutorials/_beginner_tutorials_s.ep.rosidl_typesupport_fastrtps_c.c
-- Installing: /home/mys/ros2_ws/L/beginner_tutorials/install/beginner_tutorials/lib/python3.8/site-packages/beginner_tutorials/__init__.py
Listing '/home/mys/ros2_ws/L/beginner_tutorials/install/beginner_tutorials/lib/python3.8/site-packages/beginner_tutorials'...
Compiling '/home/mys/ros2_ws/L/beginner_tutorials/install/beginner_tutorials/lib/python3.8/site-packages/beginner_tutorials/__init__.py'...
Listing '/home/mys/ros2_ws/L/beginner_tutorials/install/beginner_tutorials/lib/python3.8/site-packages/beginner_tutorials/srv'...
-- Up-to-date: /home/mys/ros2_ws/L/beginner_tutorials/install/beginner_tutorials/lib/python3.8/site-packages/beginner_tutorials/beginner_tutorials_s__rosidl_typesupport_introspection_c.cpython-38-x86_64-linux-gnu.so
-- Up-to-date: /home/mys/ros2_ws/L/beginner_tutorials/install/beginner_tutorials/lib/python3.8/site-packages/beginner_tutorials/beginner_tutorials_s__rosidl_typesupport_fastrtps_c.cpython-38-x86_64-linux-gnu.so
-- Up-to-date: /home/mys/ros2_ws/L/beginner_tutorials/install/beginner_tutorials/lib/python3.8/site-packages/beginner_tutorials/beginner_tutorials_s__rosidl_typesupport_c.cpython-38-x86_64-linux-gnu.so
-- Up-to-date: /home/mys/ros2_ws/L/beginner_tutorials/install/beginner_tutorials/lib/libbeginner_tutorials__rosidl_generator_py.so
-- Up-to-date: /home/mys/ros2_ws/L/beginner_tutorials/install/beginner_tutorials/share/beginner_tutorials/srv/UpdateMessage.idl
-- Up-to-date: /home/mys/ros2_ws/L/beginner_tutorials/install/beginner_tutorials/share/beginner_tutorials/srv/UpdateMessage.srv
-- Up-to-date: /home/mys/ros2_ws/L/beginner_tutorials/install/beginner_tutorials/share/beginner_tutorials/srv/UpdateMessage_Request.msg
-- Up-to-date: /home/mys/ros2_ws/L/beginner_tutorials/install/beginner_tutorials/share/beginner_tutorials/srv/UpdateMessage_Response.msg
-- Up-to-date: /home/mys/ros2_ws/L/beginner_tutorials/install/beginner_tutorials/lib/beginner_tutorials/talker
-- Up-to-date: /home/mys/ros2_ws/L/beginner_tutorials/install/beginner_tutorials/lib/beginner_tutorials/listener
-- Up-to-date: /home/mys/ros2_ws/L/beginner_tutorials/install/beginner_tutorials/share/beginner_tutorials/launch
-- Up-to-date: /home/mys/ros2_ws/L/beginner_tutorials/install/beginner_tutorials/share/beginner_tutorials/launch/pubsub_service_launch.yaml
-- Up-to-date: /home/mys/ros2_ws/L/beginner_tutorials/install/beginner_tutorials/share/ament_index/resource_index/package_run_dependencies/beginner_tutorials
-- Installing: /home/mys/ros2_ws/L/beginner_tutorials/install/beginner_tutorials/share/ament_index/resource_index/parent_prefix_path/beginner_tutorials
-- Installing: /home/mys/ros2_ws/L/beginner_tutorials/install/beginner_tutorials/share/beginner_tutorials/environment/ament_prefix_path.dsv
-- Installing: /home/mys/ros2_ws/L/beginner_tutorials/install/beginner_tutorials/share/beginner_tutorials/environment/path.dsv
-- Up-to-date: /home/mys/ros2_ws/L/beginner_tutorials/install/beginner_tutorials/share/beginner_tutorials/local_setup.bash
-- Up-to-date: /home/mys/ros2_ws/L/beginner_tutorials/install/beginner_tutorials/share/beginner_tutorials/local_setup.sh
-- Up-to-date: /home/mys/ros2_ws/L/beginner_tutorials/install/beginner_tutorials/share/beginner_tutorials/local_setup.zsh
-- Installing: /home/mys/ros2_ws/L/beginner_tutorials/install/beginner_tutorials/share/beginner_tutorials/local_setup.dsv
-- Installing: /home/mys/ros2_ws/L/beginner_tutorials/install/beginner_tutorials/share/beginner_tutorials/package.dsv
-- Up-to-date: /home/mys/ros2_ws/L/beginner_tutorials/install/beginner_tutorials/share/ament_index/resource_index/packages/beginner_tutorials
-- Up-to-date: /home/mys/ros2_ws/L/beginner_tutorials/install/beginner_tutorials/share/beginner_tutorials/cmake/export_beginner_tutorials__rosidl_generator_cExport.cmake
-- Installing: /home/mys/ros2_ws/L/beginner_tutorials/install/beginner_tutorials/share/beginner_tutorials/cmake/export_beginner_tutorials__rosidl_generator_cExport-noconfig.cmake
-- Up-to-date: /home/mys/ros2_ws/L/beginner_tutorials/install/beginner_tutorials/share/beginner_tutorials/cmake/export_beginner_tutorials__rosidl_typesupport_fastrtps_cExport.cmake
-- Installing: /home/mys/ros2_ws/L/beginner_tutorials/install/beginner_tutorials/share/beginner_tutorials/cmake/export_beginner_tutorials__rosidl_typesupport_fastrtps_cExport-noconfig.cmake
-- Up-to-date: /home/mys/ros2_ws/L/beginner_tutorials/install/beginner_tutorials/share/beginner_tutorials/cmake/export_beginner_tutorials__rosidl_generator_cppExport.cmake
-- Up-to-date: /home/mys/ros2_ws/L/beginner_tutorials/install/beginner_tutorials/share/beginner_tutorials/cmake/export_beginner_tutorials__rosidl_typesupport_fastrtps_cppExport.cmake
-- Installing: /home/mys/ros2_ws/L/beginner_tutorials/install/beginner_tutorials/share/beginner_tutorials/cmake/export_beginner_tutorials__rosidl_typesupport_fastrtps_cppExport-noconfig.cmake
-- Up-to-date: /home/mys/ros2_ws/L/beginner_tutorials/install/beginner_tutorials/share/beginner_tutorials/cmake/beginner_tutorials__rosidl_typesupport_introspection_cExport.cmake
-- Installing: /home/mys/ros2_ws/L/beginner_tutorials/install/beginner_tutorials/share/beginner_tutorials/cmake/beginner_tutorials__rosidl_typesupport_introspection_cExport-noconfig.cmake
-- Up-to-date: /home/mys/ros2_ws/L/beginner_tutorials/install/beginner_tutorials/share/beginner_tutorials/cmake/beginner_tutorials__rosidl_typesupport_cExport.cmake
-- Installing: /home/mys/ros2_ws/L/beginner_tutorials/install/beginner_tutorials/share/beginner_tutorials/cmake/beginner_tutorials__rosidl_typesupport_cExport-noconfig.cmake
-- Up-to-date: /home/mys/ros2_ws/L/beginner_tutorials/install/beginner_tutorials/share/beginner_tutorials/cmake/beginner_tutorials__rosidl_typesupport_introspection_cppExport.cmake
-- Installing: /home/mys/ros2_ws/L/beginner_tutorials/install/beginner_tutorials/share/beginner_tutorials/cmake/beginner_tutorials__rosidl_typesupport_introspection_cppExport-noconfig.cmake
-- Up-to-date: /home/mys/ros2_ws/L/beginner_tutorials/install/beginner_tutorials/share/beginner_tutorials/cmake/beginner_tutorials__rosidl_typesupport_cppExport.cmake
-- Installing: /home/mys/ros2_ws/L/beginner_tutorials/install/beginner_tutorials/share/beginner_tutorials/cmake/beginner_tutorials__rosidl_typesupport_cppExport-noconfig.cmake
-- Up-to-date: /home/mys/ros2_ws/L/beginner_tutorials/install/beginner_tutorials/share/beginner_tutorials/cmake/export_beginner_tutorials__rosidl_generator_pyExport.cmake
-- Installing: /home/mys/ros2_ws/L/beginner_tutorials/install/beginner_tutorials/share/beginner_tutorials/cmake/export_beginner_tutorials__rosidl_generator_pyExport-noconfig.cmake
-- Up-to-date: /home/mys/ros2_ws/L/beginner_tutorials/install/beginner_tutorials/share/beginner_tutorials/cmake/rosidl_cmake-extras.cmake
-- Up-to-date: /home/mys/ros2_ws/L/beginner_tutorials/install/beginner_tutorials/share/beginner_tutorials/cmake/ament_cmake_export_include_directories-extras.cmake
-- Up-to-date: /home/mys/ros2_ws/L/beginner_tutorials/install/beginner_tutorials/share/beginner_tutorials/cmake/ament_cmake_export_libraries-extras.cmake
-- Up-to-date: /home/mys/ros2_ws/L/beginner_tutorials/install/beginner_tutorials/share/beginner_tutorials/cmake/ament_cmake_export_targets-extras.cmake
-- Up-to-date: /home/mys/ros2_ws/L/beginner_tutorials/install/beginner_tutorials/share/beginner_tutorials/cmake/rosidl_cmake_export_typesupport_targets-extras.cmake
-- Up-to-date: /home/mys/ros2_ws/L/beginner_tutorials/install/beginner_tutorials/share/beginner_tutorials/cmake/ament_cmake_export_dependencies-extras.cmake
-- Up-to-date: /home/mys/ros2_ws/L/beginner_tutorials/install/beginner_tutorials/share/beginner_tutorials/cmake/rosidl_cmake_export_typesupport_libraries-extras.cmake
-- Up-to-date: /home/mys/ros2_ws/L/beginner_tutorials/install/beginner_tutorials/share/beginner_tutorials/cmake/beginner_tutorialsConfig.cmake
-- Up-to-date: /home/mys/ros2_ws/L/beginner_tutorials/install/beginner_tutorials/share/beginner_tutorials/cmake/beginner_tutorialsConfig-version.cmake
-- Up-to-date: /home/mys/ros2_ws/L/beginner_tutorials/install/beginner_tutorials/share/beginner_tutorials/package.xml
