[0.046s] Invoking command in '/home/mys/GIIT/beginner_tutorials/build/beginner_tutorials': CMAKE_PREFIX_PATH=${CMAKE_PREFIX_PATH}:/home/mys/ros2_humble/install/rqt_bag_plugins:/home/mys/ros2_humble/install/rqt_bag:/home/mys/ros2_humble/install/ros2bag:/home/mys/ros2_humble/install/tracetools_test:/home/mys/ros2_humble/install/tracetools_launch:/home/mys/ros2_humble/install/topic_monitor:/home/mys/ros2_humble/install/tf2_tools:/home/mys/ros2_humble/install/examples_tf2_py:/home/mys/ros2_humble/install/tf2_ros_py:/home/mys/ros2_humble/install/sros2:/home/mys/ros2_humble/install/rqt_topic:/home/mys/ros2_humble/install/rqt_srv:/home/mys/ros2_humble/install/rqt_shell:/home/mys/ros2_humble/install/rqt_service_caller:/home/mys/ros2_humble/install/rqt_reconfigure:/home/mys/ros2_humble/install/rqt_py_console:/home/mys/ros2_humble/install/rqt_publisher:/home/mys/ros2_humble/install/rqt_plot:/home/mys/ros2_humble/install/rqt_action:/home/mys/ros2_humble/install/rqt_msg:/home/mys/ros2_humble/install/rqt_console:/home/mys/ros2_humble/install/rqt:/home/mys/ros2_humble/install/rqt_graph:/home/mys/ros2_humble/install/rqt_gui_py:/home/mys/ros2_humble/install/rqt_gui:/home/mys/ros2_humble/install/ros2trace:/home/mys/ros2_humble/install/ros2topic:/home/mys/ros2_humble/install/ros2test:/home/mys/ros2_humble/install/ros2component:/home/mys/ros2_humble/install/ros2param:/home/mys/ros2_humble/install/ros2lifecycle:/home/mys/ros2_humble/install/ros2service:/home/mys/ros2_humble/install/ros2run:/home/mys/ros2_humble/install/ros2launch:/home/mys/ros2_humble/install/ros2pkg:/home/mys/ros2_humble/install/ros2node:/home/mys/ros2_humble/install/ros2multicast:/home/mys/ros2_humble/install/ros2interface:/home/mys/ros2_humble/install/ros2doctor:/home/mys/ros2_humble/install/ros2action:/home/mys/ros2_humble/install/ros2cli:/home/mys/ros2_humble/install/quality_of_service_demo_py:/home/mys/ros2_humble/install/lifecycle_py:/home/mys/ros2_humble/install/launch_testing_ros:/home/mys/ros2_humble/install/launch_ros:/home/mys/ros2_humble/install/examples_rclpy_pointcloud_publisher:/home/mys/ros2_humble/install/examples_rclpy_minimal_subscriber:/home/mys/ros2_humble/install/examples_rclpy_minimal_service:/home/mys/ros2_humble/install/examples_rclpy_minimal_publisher:/home/mys/ros2_humble/install/examples_rclpy_minimal_client:/home/mys/ros2_humble/install/examples_rclpy_minimal_action_server:/home/mys/ros2_humble/install/examples_rclpy_minimal_action_client:/home/mys/ros2_humble/install/examples_rclpy_guard_conditions:/home/mys/ros2_humble/install/examples_rclpy_executors:/home/mys/ros2_humble/install/demo_nodes_py:/home/mys/ros2_humble/install/action_tutorials_py:/home/mys/ros2_humble/install/ament_uncrustify:/home/mys/ros2_humble/install/tracetools_trace:/home/mys/ros2_humble/install/tracetools_read:/home/mys/ros2_humble/install/test_tracetools_launch:/home/mys/ros2_humble/install/test_launch_ros:/home/mys/ros2_humble/install/sensor_msgs_py:/home/mys/ros2_humble/install/rpyutils:/home/mys/ros2_humble/install/rosidl_runtime_py:/home/mys/ros2_humble/install/rosidl_cli:/home/mys/ros2_humble/install/launch_pytest:/home/mys/ros2_humble/install/launch_testing:/home/mys/ros2_humble/install/launch_yaml:/home/mys/ros2_humble/install/launch_xml:/home/mys/ros2_humble/install/launch:/home/mys/ros2_humble/install/osrf_pycommon:/home/mys/ros2_humble/install/launch_testing_examples:/home/mys/ros2_humble/install/domain_coordinator:/home/mys/ros2_humble/install/ament_xmllint:/home/mys/ros2_humble/install/ament_pyflakes:/home/mys/ros2_humble/install/ament_pycodestyle:/home/mys/ros2_humble/install/ament_pep257:/home/mys/ros2_humble/install/ament_pclint:/home/mys/ros2_humble/install/ament_package:/home/mys/ros2_humble/install/ament_mypy:/home/mys/ros2_humble/install/ament_lint_cmake:/home/mys/ros2_humble/install/ament_flake8:/home/mys/ros2_humble/install/ament_copyright:/home/mys/ros2_humble/install/ament_lint:/home/mys/ros2_humble/install/ament_index_python:/home/mys/ros2_humble/install/ament_cpplint:/home/mys/ros2_humble/install/ament_cppcheck:/home/mys/ros2_humble/install/ament_clang_tidy:/home/mys/ros2_humble/install/ament_clang_format /usr/bin/cmake --build /home/mys/GIIT/beginner_tutorials/build/beginner_tutorials -- -j12 -l12
[0.073s] CMake Error: The current CMakeCache.txt directory /home/mys/GIIT/beginner_tutorials/build/beginner_tutorials/CMakeCache.txt is different than the directory /home/mys/ros2_ws/L/beginner_tutorials/build/beginner_tutorials where CMakeCache.txt was created. This may result in binaries being created in the wrong place. If you are not sure, reedit the CMakeCache.txt
[0.109s] -- Found ament_cmake: 1.3.3 (/home/mys/ros2_humble/install/ament_cmake/share/ament_cmake/cmake)
[2.577s] -- Found rclcpp: 16.0.2 (/home/mys/ros2_humble/install/rclcpp/share/rclcpp/cmake)
[2.619s] -- Found rosidl_generator_c: 3.1.4 (/home/mys/ros2_humble/install/rosidl_generator_c/share/rosidl_generator_c/cmake)
[2.622s] -- Found rosidl_adapter: 3.1.4 (/home/mys/ros2_humble/install/rosidl_adapter/share/rosidl_adapter/cmake)
[2.629s] -- Found rosidl_generator_cpp: 3.1.4 (/home/mys/ros2_humble/install/rosidl_generator_cpp/share/rosidl_generator_cpp/cmake)
[2.670s] -- Using all available rosidl_typesupport_c: rosidl_typesupport_introspection_c;rosidl_typesupport_fastrtps_c
[2.719s] -- Using all available rosidl_typesupport_cpp: rosidl_typesupport_introspection_cpp;rosidl_typesupport_fastrtps_cpp
[2.823s] -- Found rmw_implementation_cmake: 6.1.1 (/home/mys/ros2_humble/install/rmw_implementation_cmake/share/rmw_implementation_cmake/cmake)
[2.852s] -- Found rmw_fastrtps_cpp: 6.2.2 (/home/mys/ros2_humble/install/rmw_fastrtps_cpp/share/rmw_fastrtps_cpp/cmake)
[3.118s] -- Using RMW implementation 'rmw_fastrtps_cpp' as default
[3.307s] -- Found rosidl_default_generators: 1.2.0 (/home/mys/ros2_humble/install/rosidl_default_generators/share/rosidl_default_generators/cmake)
[7.566s] -- Found ament_cmake_ros: 0.10.0 (/home/mys/ros2_humble/install/ament_cmake_ros/share/ament_cmake_ros/cmake)
[15.685s] -- Using all available rosidl_typesupport_c: rosidl_typesupport_introspection_c;rosidl_typesupport_fastrtps_c
[18.872s] -- Using all available rosidl_typesupport_cpp: rosidl_typesupport_introspection_cpp;rosidl_typesupport_fastrtps_cpp
[19.271s] -- Found python_cmake_module: 0.10.0 (/home/mys/ros2_humble/install/python_cmake_module/share/python_cmake_module/cmake)
[19.666s] -- Using PYTHON_EXECUTABLE: /usr/bin/python3
[19.666s] -- Using PYTHON_INCLUDE_DIRS: /usr/include/python3.8
[19.666s] -- Using PYTHON_LIBRARIES: /usr/lib/x86_64-linux-gnu/libpython3.8.so
[19.963s] -- Configuring done
[20.005s] -- Generating done
[20.009s] -- Build files have been written to: /home/mys/ros2_ws/L/beginner_tutorials/build/beginner_tutorials
[20.085s] [  8%] Built target beginner_tutorials__rosidl_generator_c
[20.089s] [ 11%] Built target beginner_tutorials__cpp
[20.107s] [ 17%] Built target listener
[20.113s] [ 17%] Built target ament_cmake_python_copy_beginner_tutorials
[20.137s] [ 31%] Built target beginner_tutorials__rosidl_typesupport_fastrtps_c
[20.137s] [ 34%] Built target beginner_tutorials__rosidl_typesupport_introspection_cpp
[20.138s] [ 42%] Built target beginner_tutorials__rosidl_typesupport_introspection_c
[20.143s] [ 51%] Built target beginner_tutorials__rosidl_typesupport_c
[20.146s] [ 60%] Built target beginner_tutorials__rosidl_typesupport_cpp
[20.153s] [ 68%] Built target beginner_tutorials__rosidl_typesupport_fastrtps_cpp
[20.211s] [ 68%] Built target beginner_tutorials
[20.217s] [ 74%] Built target talker
[20.272s] [ 77%] Built target beginner_tutorials__py
[20.334s] [ 82%] Built target beginner_tutorials__rosidl_generator_py
[20.384s] [ 88%] Built target beginner_tutorials__rosidl_typesupport_introspection_c__pyext
[20.386s] [ 94%] Built target beginner_tutorials__rosidl_typesupport_fastrtps_c__pyext
[20.391s] [100%] Built target beginner_tutorials__rosidl_typesupport_c__pyext
[20.873s] running egg_info
[20.874s] writing beginner_tutorials.egg-info/PKG-INFO
[20.874s] writing dependency_links to beginner_tutorials.egg-info/dependency_links.txt
[20.874s] writing top-level names to beginner_tutorials.egg-info/top_level.txt
[20.911s] reading manifest file 'beginner_tutorials.egg-info/SOURCES.txt'
[20.911s] writing manifest file 'beginner_tutorials.egg-info/SOURCES.txt'
[20.957s] [100%] Built target ament_cmake_python_build_beginner_tutorials_egg
[20.976s] Invoked command in '/home/mys/GIIT/beginner_tutorials/build/beginner_tutorials' returned '0': CMAKE_PREFIX_PATH=${CMAKE_PREFIX_PATH}:/home/mys/ros2_humble/install/rqt_bag_plugins:/home/mys/ros2_humble/install/rqt_bag:/home/mys/ros2_humble/install/ros2bag:/home/mys/ros2_humble/install/tracetools_test:/home/mys/ros2_humble/install/tracetools_launch:/home/mys/ros2_humble/install/topic_monitor:/home/mys/ros2_humble/install/tf2_tools:/home/mys/ros2_humble/install/examples_tf2_py:/home/mys/ros2_humble/install/tf2_ros_py:/home/mys/ros2_humble/install/sros2:/home/mys/ros2_humble/install/rqt_topic:/home/mys/ros2_humble/install/rqt_srv:/home/mys/ros2_humble/install/rqt_shell:/home/mys/ros2_humble/install/rqt_service_caller:/home/mys/ros2_humble/install/rqt_reconfigure:/home/mys/ros2_humble/install/rqt_py_console:/home/mys/ros2_humble/install/rqt_publisher:/home/mys/ros2_humble/install/rqt_plot:/home/mys/ros2_humble/install/rqt_action:/home/mys/ros2_humble/install/rqt_msg:/home/mys/ros2_humble/install/rqt_console:/home/mys/ros2_humble/install/rqt:/home/mys/ros2_humble/install/rqt_graph:/home/mys/ros2_humble/install/rqt_gui_py:/home/mys/ros2_humble/install/rqt_gui:/home/mys/ros2_humble/install/ros2trace:/home/mys/ros2_humble/install/ros2topic:/home/mys/ros2_humble/install/ros2test:/home/mys/ros2_humble/install/ros2component:/home/mys/ros2_humble/install/ros2param:/home/mys/ros2_humble/install/ros2lifecycle:/home/mys/ros2_humble/install/ros2service:/home/mys/ros2_humble/install/ros2run:/home/mys/ros2_humble/install/ros2launch:/home/mys/ros2_humble/install/ros2pkg:/home/mys/ros2_humble/install/ros2node:/home/mys/ros2_humble/install/ros2multicast:/home/mys/ros2_humble/install/ros2interface:/home/mys/ros2_humble/install/ros2doctor:/home/mys/ros2_humble/install/ros2action:/home/mys/ros2_humble/install/ros2cli:/home/mys/ros2_humble/install/quality_of_service_demo_py:/home/mys/ros2_humble/install/lifecycle_py:/home/mys/ros2_humble/install/launch_testing_ros:/home/mys/ros2_humble/install/launch_ros:/home/mys/ros2_humble/install/examples_rclpy_pointcloud_publisher:/home/mys/ros2_humble/install/examples_rclpy_minimal_subscriber:/home/mys/ros2_humble/install/examples_rclpy_minimal_service:/home/mys/ros2_humble/install/examples_rclpy_minimal_publisher:/home/mys/ros2_humble/install/examples_rclpy_minimal_client:/home/mys/ros2_humble/install/examples_rclpy_minimal_action_server:/home/mys/ros2_humble/install/examples_rclpy_minimal_action_client:/home/mys/ros2_humble/install/examples_rclpy_guard_conditions:/home/mys/ros2_humble/install/examples_rclpy_executors:/home/mys/ros2_humble/install/demo_nodes_py:/home/mys/ros2_humble/install/action_tutorials_py:/home/mys/ros2_humble/install/ament_uncrustify:/home/mys/ros2_humble/install/tracetools_trace:/home/mys/ros2_humble/install/tracetools_read:/home/mys/ros2_humble/install/test_tracetools_launch:/home/mys/ros2_humble/install/test_launch_ros:/home/mys/ros2_humble/install/sensor_msgs_py:/home/mys/ros2_humble/install/rpyutils:/home/mys/ros2_humble/install/rosidl_runtime_py:/home/mys/ros2_humble/install/rosidl_cli:/home/mys/ros2_humble/install/launch_pytest:/home/mys/ros2_humble/install/launch_testing:/home/mys/ros2_humble/install/launch_yaml:/home/mys/ros2_humble/install/launch_xml:/home/mys/ros2_humble/install/launch:/home/mys/ros2_humble/install/osrf_pycommon:/home/mys/ros2_humble/install/launch_testing_examples:/home/mys/ros2_humble/install/domain_coordinator:/home/mys/ros2_humble/install/ament_xmllint:/home/mys/ros2_humble/install/ament_pyflakes:/home/mys/ros2_humble/install/ament_pycodestyle:/home/mys/ros2_humble/install/ament_pep257:/home/mys/ros2_humble/install/ament_pclint:/home/mys/ros2_humble/install/ament_package:/home/mys/ros2_humble/install/ament_mypy:/home/mys/ros2_humble/install/ament_lint_cmake:/home/mys/ros2_humble/install/ament_flake8:/home/mys/ros2_humble/install/ament_copyright:/home/mys/ros2_humble/install/ament_lint:/home/mys/ros2_humble/install/ament_index_python:/home/mys/ros2_humble/install/ament_cpplint:/home/mys/ros2_humble/install/ament_cppcheck:/home/mys/ros2_humble/install/ament_clang_tidy:/home/mys/ros2_humble/install/ament_clang_format /usr/bin/cmake --build /home/mys/GIIT/beginner_tutorials/build/beginner_tutorials -- -j12 -l12
[21.228s] Invoking command in '/home/mys/GIIT/beginner_tutorials/build/beginner_tutorials': CMAKE_PREFIX_PATH=${CMAKE_PREFIX_PATH}:/home/mys/ros2_humble/install/rqt_bag_plugins:/home/mys/ros2_humble/install/rqt_bag:/home/mys/ros2_humble/install/ros2bag:/home/mys/ros2_humble/install/tracetools_test:/home/mys/ros2_humble/install/tracetools_launch:/home/mys/ros2_humble/install/topic_monitor:/home/mys/ros2_humble/install/tf2_tools:/home/mys/ros2_humble/install/examples_tf2_py:/home/mys/ros2_humble/install/tf2_ros_py:/home/mys/ros2_humble/install/sros2:/home/mys/ros2_humble/install/rqt_topic:/home/mys/ros2_humble/install/rqt_srv:/home/mys/ros2_humble/install/rqt_shell:/home/mys/ros2_humble/install/rqt_service_caller:/home/mys/ros2_humble/install/rqt_reconfigure:/home/mys/ros2_humble/install/rqt_py_console:/home/mys/ros2_humble/install/rqt_publisher:/home/mys/ros2_humble/install/rqt_plot:/home/mys/ros2_humble/install/rqt_action:/home/mys/ros2_humble/install/rqt_msg:/home/mys/ros2_humble/install/rqt_console:/home/mys/ros2_humble/install/rqt:/home/mys/ros2_humble/install/rqt_graph:/home/mys/ros2_humble/install/rqt_gui_py:/home/mys/ros2_humble/install/rqt_gui:/home/mys/ros2_humble/install/ros2trace:/home/mys/ros2_humble/install/ros2topic:/home/mys/ros2_humble/install/ros2test:/home/mys/ros2_humble/install/ros2component:/home/mys/ros2_humble/install/ros2param:/home/mys/ros2_humble/install/ros2lifecycle:/home/mys/ros2_humble/install/ros2service:/home/mys/ros2_humble/install/ros2run:/home/mys/ros2_humble/install/ros2launch:/home/mys/ros2_humble/install/ros2pkg:/home/mys/ros2_humble/install/ros2node:/home/mys/ros2_humble/install/ros2multicast:/home/mys/ros2_humble/install/ros2interface:/home/mys/ros2_humble/install/ros2doctor:/home/mys/ros2_humble/install/ros2action:/home/mys/ros2_humble/install/ros2cli:/home/mys/ros2_humble/install/quality_of_service_demo_py:/home/mys/ros2_humble/install/lifecycle_py:/home/mys/ros2_humble/install/launch_testing_ros:/home/mys/ros2_humble/install/launch_ros:/home/mys/ros2_humble/install/examples_rclpy_pointcloud_publisher:/home/mys/ros2_humble/install/examples_rclpy_minimal_subscriber:/home/mys/ros2_humble/install/examples_rclpy_minimal_service:/home/mys/ros2_humble/install/examples_rclpy_minimal_publisher:/home/mys/ros2_humble/install/examples_rclpy_minimal_client:/home/mys/ros2_humble/install/examples_rclpy_minimal_action_server:/home/mys/ros2_humble/install/examples_rclpy_minimal_action_client:/home/mys/ros2_humble/install/examples_rclpy_guard_conditions:/home/mys/ros2_humble/install/examples_rclpy_executors:/home/mys/ros2_humble/install/demo_nodes_py:/home/mys/ros2_humble/install/action_tutorials_py:/home/mys/ros2_humble/install/ament_uncrustify:/home/mys/ros2_humble/install/tracetools_trace:/home/mys/ros2_humble/install/tracetools_read:/home/mys/ros2_humble/install/test_tracetools_launch:/home/mys/ros2_humble/install/test_launch_ros:/home/mys/ros2_humble/install/sensor_msgs_py:/home/mys/ros2_humble/install/rpyutils:/home/mys/ros2_humble/install/rosidl_runtime_py:/home/mys/ros2_humble/install/rosidl_cli:/home/mys/ros2_humble/install/launch_pytest:/home/mys/ros2_humble/install/launch_testing:/home/mys/ros2_humble/install/launch_yaml:/home/mys/ros2_humble/install/launch_xml:/home/mys/ros2_humble/install/launch:/home/mys/ros2_humble/install/osrf_pycommon:/home/mys/ros2_humble/install/launch_testing_examples:/home/mys/ros2_humble/install/domain_coordinator:/home/mys/ros2_humble/install/ament_xmllint:/home/mys/ros2_humble/install/ament_pyflakes:/home/mys/ros2_humble/install/ament_pycodestyle:/home/mys/ros2_humble/install/ament_pep257:/home/mys/ros2_humble/install/ament_pclint:/home/mys/ros2_humble/install/ament_package:/home/mys/ros2_humble/install/ament_mypy:/home/mys/ros2_humble/install/ament_lint_cmake:/home/mys/ros2_humble/install/ament_flake8:/home/mys/ros2_humble/install/ament_copyright:/home/mys/ros2_humble/install/ament_lint:/home/mys/ros2_humble/install/ament_index_python:/home/mys/ros2_humble/install/ament_cpplint:/home/mys/ros2_humble/install/ament_cppcheck:/home/mys/ros2_humble/install/ament_clang_tidy:/home/mys/ros2_humble/install/ament_clang_format /usr/bin/cmake --install /home/mys/GIIT/beginner_tutorials/build/beginner_tutorials
[21.245s] -- Install configuration: ""
[21.246s] -- Up-to-date: /home/mys/ros2_ws/L/beginner_tutorials/install/beginner_tutorials/share/ament_index/resource_index/rosidl_interfaces/beginner_tutorials
[21.246s] -- Up-to-date: /home/mys/ros2_ws/L/beginner_tutorials/install/beginner_tutorials/include/beginner_tutorials/beginner_tutorials
[21.246s] -- Up-to-date: /home/mys/ros2_ws/L/beginner_tutorials/install/beginner_tutorials/include/beginner_tutorials/beginner_tutorials/msg
[21.247s] -- Up-to-date: /home/mys/ros2_ws/L/beginner_tutorials/install/beginner_tutorials/include/beginner_tutorials/beginner_tutorials/msg/rosidl_generator_c__visibility_control.h
[21.247s] -- Up-to-date: /home/mys/ros2_ws/L/beginner_tutorials/install/beginner_tutorials/include/beginner_tutorials/beginner_tutorials/srv
[21.247s] -- Up-to-date: /home/mys/ros2_ws/L/beginner_tutorials/install/beginner_tutorials/include/beginner_tutorials/beginner_tutorials/srv/update_message.h
[21.247s] -- Up-to-date: /home/mys/ros2_ws/L/beginner_tutorials/install/beginner_tutorials/include/beginner_tutorials/beginner_tutorials/srv/detail
[21.247s] -- Up-to-date: /home/mys/ros2_ws/L/beginner_tutorials/install/beginner_tutorials/include/beginner_tutorials/beginner_tutorials/srv/detail/update_message__struct.h
[21.247s] -- Up-to-date: /home/mys/ros2_ws/L/beginner_tutorials/install/beginner_tutorials/include/beginner_tutorials/beginner_tutorials/srv/detail/update_message__type_support.h
[21.248s] -- Up-to-date: /home/mys/ros2_ws/L/beginner_tutorials/install/beginner_tutorials/include/beginner_tutorials/beginner_tutorials/srv/detail/update_message__functions.c
[21.248s] -- Up-to-date: /home/mys/ros2_ws/L/beginner_tutorials/install/beginner_tutorials/include/beginner_tutorials/beginner_tutorials/srv/detail/update_message__functions.h
[21.248s] -- Up-to-date: /home/mys/ros2_ws/L/beginner_tutorials/install/beginner_tutorials/share/beginner_tutorials/environment/library_path.sh
[21.248s] -- Installing: /home/mys/ros2_ws/L/beginner_tutorials/install/beginner_tutorials/share/beginner_tutorials/environment/library_path.dsv
[21.248s] -- Up-to-date: /home/mys/ros2_ws/L/beginner_tutorials/install/beginner_tutorials/lib/libbeginner_tutorials__rosidl_generator_c.so
[21.248s] -- Up-to-date: /home/mys/ros2_ws/L/beginner_tutorials/install/beginner_tutorials/include/beginner_tutorials/beginner_tutorials
[21.248s] -- Up-to-date: /home/mys/ros2_ws/L/beginner_tutorials/install/beginner_tutorials/include/beginner_tutorials/beginner_tutorials/msg
[21.248s] -- Up-to-date: /home/mys/ros2_ws/L/beginner_tutorials/install/beginner_tutorials/include/beginner_tutorials/beginner_tutorials/msg/rosidl_typesupport_fastrtps_c__visibility_control.h
[21.249s] -- Up-to-date: /home/mys/ros2_ws/L/beginner_tutorials/install/beginner_tutorials/include/beginner_tutorials/beginner_tutorials/srv
[21.249s] -- Up-to-date: /home/mys/ros2_ws/L/beginner_tutorials/install/beginner_tutorials/include/beginner_tutorials/beginner_tutorials/srv/detail
[21.249s] -- Up-to-date: /home/mys/ros2_ws/L/beginner_tutorials/install/beginner_tutorials/include/beginner_tutorials/beginner_tutorials/srv/detail/update_message__rosidl_typesupport_fastrtps_c.h
[21.249s] -- Up-to-date: /home/mys/ros2_ws/L/beginner_tutorials/install/beginner_tutorials/lib/libbeginner_tutorials__rosidl_typesupport_fastrtps_c.so
[21.249s] -- Up-to-date: /home/mys/ros2_ws/L/beginner_tutorials/install/beginner_tutorials/include/beginner_tutorials/beginner_tutorials
[21.249s] -- Up-to-date: /home/mys/ros2_ws/L/beginner_tutorials/install/beginner_tutorials/include/beginner_tutorials/beginner_tutorials/srv
[21.250s] -- Up-to-date: /home/mys/ros2_ws/L/beginner_tutorials/install/beginner_tutorials/include/beginner_tutorials/beginner_tutorials/srv/detail
[21.250s] -- Up-to-date: /home/mys/ros2_ws/L/beginner_tutorials/install/beginner_tutorials/include/beginner_tutorials/beginner_tutorials/srv/detail/update_message__struct.hpp
[21.250s] -- Up-to-date: /home/mys/ros2_ws/L/beginner_tutorials/install/beginner_tutorials/include/beginner_tutorials/beginner_tutorials/srv/detail/update_message__builder.hpp
[21.250s] -- Up-to-date: /home/mys/ros2_ws/L/beginner_tutorials/install/beginner_tutorials/include/beginner_tutorials/beginner_tutorials/srv/detail/update_message__traits.hpp
[21.250s] -- Up-to-date: /home/mys/ros2_ws/L/beginner_tutorials/install/beginner_tutorials/include/beginner_tutorials/beginner_tutorials/srv/update_message.hpp
[21.250s] -- Up-to-date: /home/mys/ros2_ws/L/beginner_tutorials/install/beginner_tutorials/include/beginner_tutorials/beginner_tutorials
[21.250s] -- Up-to-date: /home/mys/ros2_ws/L/beginner_tutorials/install/beginner_tutorials/include/beginner_tutorials/beginner_tutorials/msg
[21.250s] -- Up-to-date: /home/mys/ros2_ws/L/beginner_tutorials/install/beginner_tutorials/include/beginner_tutorials/beginner_tutorials/msg/rosidl_typesupport_fastrtps_cpp__visibility_control.h
[21.250s] -- Up-to-date: /home/mys/ros2_ws/L/beginner_tutorials/install/beginner_tutorials/include/beginner_tutorials/beginner_tutorials/srv
[21.251s] -- Up-to-date: /home/mys/ros2_ws/L/beginner_tutorials/install/beginner_tutorials/include/beginner_tutorials/beginner_tutorials/srv/detail
[21.251s] -- Up-to-date: /home/mys/ros2_ws/L/beginner_tutorials/install/beginner_tutorials/include/beginner_tutorials/beginner_tutorials/srv/detail/dds_fastrtps
[21.251s] -- Up-to-date: /home/mys/ros2_ws/L/beginner_tutorials/install/beginner_tutorials/include/beginner_tutorials/beginner_tutorials/srv/detail/update_message__rosidl_typesupport_fastrtps_cpp.hpp
[21.251s] -- Up-to-date: /home/mys/ros2_ws/L/beginner_tutorials/install/beginner_tutorials/lib/libbeginner_tutorials__rosidl_typesupport_fastrtps_cpp.so
[21.251s] -- Up-to-date: /home/mys/ros2_ws/L/beginner_tutorials/install/beginner_tutorials/include/beginner_tutorials/beginner_tutorials
[21.251s] -- Up-to-date: /home/mys/ros2_ws/L/beginner_tutorials/install/beginner_tutorials/include/beginner_tutorials/beginner_tutorials/msg
[21.251s] -- Up-to-date: /home/mys/ros2_ws/L/beginner_tutorials/install/beginner_tutorials/include/beginner_tutorials/beginner_tutorials/msg/rosidl_typesupport_introspection_c__visibility_control.h
[21.251s] -- Up-to-date: /home/mys/ros2_ws/L/beginner_tutorials/install/beginner_tutorials/include/beginner_tutorials/beginner_tutorials/srv
[21.251s] -- Up-to-date: /home/mys/ros2_ws/L/beginner_tutorials/install/beginner_tutorials/include/beginner_tutorials/beginner_tutorials/srv/detail
[21.252s] -- Up-to-date: /home/mys/ros2_ws/L/beginner_tutorials/install/beginner_tutorials/include/beginner_tutorials/beginner_tutorials/srv/detail/update_message__type_support.c
[21.252s] -- Up-to-date: /home/mys/ros2_ws/L/beginner_tutorials/install/beginner_tutorials/include/beginner_tutorials/beginner_tutorials/srv/detail/update_message__rosidl_typesupport_introspection_c.h
[21.252s] -- Up-to-date: /home/mys/ros2_ws/L/beginner_tutorials/install/beginner_tutorials/lib/libbeginner_tutorials__rosidl_typesupport_introspection_c.so
[21.252s] -- Up-to-date: /home/mys/ros2_ws/L/beginner_tutorials/install/beginner_tutorials/lib/libbeginner_tutorials__rosidl_typesupport_c.so
[21.252s] -- Up-to-date: /home/mys/ros2_ws/L/beginner_tutorials/install/beginner_tutorials/include/beginner_tutorials/beginner_tutorials
[21.252s] -- Up-to-date: /home/mys/ros2_ws/L/beginner_tutorials/install/beginner_tutorials/include/beginner_tutorials/beginner_tutorials/srv
[21.252s] -- Up-to-date: /home/mys/ros2_ws/L/beginner_tutorials/install/beginner_tutorials/include/beginner_tutorials/beginner_tutorials/srv/detail
[21.253s] -- Up-to-date: /home/mys/ros2_ws/L/beginner_tutorials/install/beginner_tutorials/include/beginner_tutorials/beginner_tutorials/srv/detail/update_message__type_support.cpp
[21.253s] -- Up-to-date: /home/mys/ros2_ws/L/beginner_tutorials/install/beginner_tutorials/include/beginner_tutorials/beginner_tutorials/srv/detail/update_message__rosidl_typesupport_introspection_cpp.hpp
[21.253s] -- Up-to-date: /home/mys/ros2_ws/L/beginner_tutorials/install/beginner_tutorials/lib/libbeginner_tutorials__rosidl_typesupport_introspection_cpp.so
[21.253s] -- Up-to-date: /home/mys/ros2_ws/L/beginner_tutorials/install/beginner_tutorials/lib/libbeginner_tutorials__rosidl_typesupport_cpp.so
[21.253s] -- Up-to-date: /home/mys/ros2_ws/L/beginner_tutorials/install/beginner_tutorials/share/beginner_tutorials/environment/pythonpath.sh
[21.253s] -- Installing: /home/mys/ros2_ws/L/beginner_tutorials/install/beginner_tutorials/share/beginner_tutorials/environment/pythonpath.dsv
[21.253s] -- Up-to-date: /home/mys/ros2_ws/L/beginner_tutorials/install/beginner_tutorials/lib/python3.8/site-packages/beginner_tutorials-0.0.0-py3.8.egg-info
[21.253s] -- Installing: /home/mys/ros2_ws/L/beginner_tutorials/install/beginner_tutorials/lib/python3.8/site-packages/beginner_tutorials-0.0.0-py3.8.egg-info/top_level.txt
[21.253s] -- Installing: /home/mys/ros2_ws/L/beginner_tutorials/install/beginner_tutorials/lib/python3.8/site-packages/beginner_tutorials-0.0.0-py3.8.egg-info/SOURCES.txt
[21.253s] -- Installing: /home/mys/ros2_ws/L/beginner_tutorials/install/beginner_tutorials/lib/python3.8/site-packages/beginner_tutorials-0.0.0-py3.8.egg-info/PKG-INFO
[21.253s] -- Installing: /home/mys/ros2_ws/L/beginner_tutorials/install/beginner_tutorials/lib/python3.8/site-packages/beginner_tutorials-0.0.0-py3.8.egg-info/dependency_links.txt
[21.253s] -- Up-to-date: /home/mys/ros2_ws/L/beginner_tutorials/install/beginner_tutorials/lib/python3.8/site-packages/beginner_tutorials
[21.254s] -- Up-to-date: /home/mys/ros2_ws/L/beginner_tutorials/install/beginner_tutorials/lib/python3.8/site-packages/beginner_tutorials/beginner_tutorials_s__rosidl_typesupport_c.cpython-38-x86_64-linux-gnu.so
[21.254s] -- Up-to-date: /home/mys/ros2_ws/L/beginner_tutorials/install/beginner_tutorials/lib/python3.8/site-packages/beginner_tutorials/beginner_tutorials_s__rosidl_typesupport_fastrtps_c.cpython-38-x86_64-linux-gnu.so
[21.254s] -- Up-to-date: /home/mys/ros2_ws/L/beginner_tutorials/install/beginner_tutorials/lib/python3.8/site-packages/beginner_tutorials/libbeginner_tutorials__rosidl_generator_py.so
[21.254s] -- Up-to-date: /home/mys/ros2_ws/L/beginner_tutorials/install/beginner_tutorials/lib/python3.8/site-packages/beginner_tutorials/_beginner_tutorials_s.ep.rosidl_typesupport_c.c
[21.254s] -- Up-to-date: /home/mys/ros2_ws/L/beginner_tutorials/install/beginner_tutorials/lib/python3.8/site-packages/beginner_tutorials/beginner_tutorials_s__rosidl_typesupport_introspection_c.cpython-38-x86_64-linux-gnu.so
[21.254s] -- Up-to-date: /home/mys/ros2_ws/L/beginner_tutorials/install/beginner_tutorials/lib/python3.8/site-packages/beginner_tutorials/srv
[21.254s] -- Up-to-date: /home/mys/ros2_ws/L/beginner_tutorials/install/beginner_tutorials/lib/python3.8/site-packages/beginner_tutorials/srv/_update_message.py
[21.254s] -- Up-to-date: /home/mys/ros2_ws/L/beginner_tutorials/install/beginner_tutorials/lib/python3.8/site-packages/beginner_tutorials/srv/_update_message_s.c
[21.254s] -- Up-to-date: /home/mys/ros2_ws/L/beginner_tutorials/install/beginner_tutorials/lib/python3.8/site-packages/beginner_tutorials/srv/__init__.py
[21.254s] -- Up-to-date: /home/mys/ros2_ws/L/beginner_tutorials/install/beginner_tutorials/lib/python3.8/site-packages/beginner_tutorials/_beginner_tutorials_s.ep.rosidl_typesupport_introspection_c.c
[21.254s] -- Up-to-date: /home/mys/ros2_ws/L/beginner_tutorials/install/beginner_tutorials/lib/python3.8/site-packages/beginner_tutorials/_beginner_tutorials_s.ep.rosidl_typesupport_fastrtps_c.c
[21.254s] -- Installing: /home/mys/ros2_ws/L/beginner_tutorials/install/beginner_tutorials/lib/python3.8/site-packages/beginner_tutorials/__init__.py
[21.676s] Listing '/home/mys/ros2_ws/L/beginner_tutorials/install/beginner_tutorials/lib/python3.8/site-packages/beginner_tutorials'...
[21.676s] Compiling '/home/mys/ros2_ws/L/beginner_tutorials/install/beginner_tutorials/lib/python3.8/site-packages/beginner_tutorials/__init__.py'...
[21.676s] Listing '/home/mys/ros2_ws/L/beginner_tutorials/install/beginner_tutorials/lib/python3.8/site-packages/beginner_tutorials/srv'...
[21.682s] -- Up-to-date: /home/mys/ros2_ws/L/beginner_tutorials/install/beginner_tutorials/lib/python3.8/site-packages/beginner_tutorials/beginner_tutorials_s__rosidl_typesupport_introspection_c.cpython-38-x86_64-linux-gnu.so
[21.683s] -- Up-to-date: /home/mys/ros2_ws/L/beginner_tutorials/install/beginner_tutorials/lib/python3.8/site-packages/beginner_tutorials/beginner_tutorials_s__rosidl_typesupport_fastrtps_c.cpython-38-x86_64-linux-gnu.so
[21.685s] -- Up-to-date: /home/mys/ros2_ws/L/beginner_tutorials/install/beginner_tutorials/lib/python3.8/site-packages/beginner_tutorials/beginner_tutorials_s__rosidl_typesupport_c.cpython-38-x86_64-linux-gnu.so
[21.686s] -- Up-to-date: /home/mys/ros2_ws/L/beginner_tutorials/install/beginner_tutorials/lib/libbeginner_tutorials__rosidl_generator_py.so
[21.686s] -- Up-to-date: /home/mys/ros2_ws/L/beginner_tutorials/install/beginner_tutorials/share/beginner_tutorials/srv/UpdateMessage.idl
[21.686s] -- Up-to-date: /home/mys/ros2_ws/L/beginner_tutorials/install/beginner_tutorials/share/beginner_tutorials/srv/UpdateMessage.srv
[21.686s] -- Up-to-date: /home/mys/ros2_ws/L/beginner_tutorials/install/beginner_tutorials/share/beginner_tutorials/srv/UpdateMessage_Request.msg
[21.687s] -- Up-to-date: /home/mys/ros2_ws/L/beginner_tutorials/install/beginner_tutorials/share/beginner_tutorials/srv/UpdateMessage_Response.msg
[21.687s] -- Up-to-date: /home/mys/ros2_ws/L/beginner_tutorials/install/beginner_tutorials/lib/beginner_tutorials/talker
[21.687s] -- Up-to-date: /home/mys/ros2_ws/L/beginner_tutorials/install/beginner_tutorials/lib/beginner_tutorials/listener
[21.688s] -- Up-to-date: /home/mys/ros2_ws/L/beginner_tutorials/install/beginner_tutorials/share/beginner_tutorials/launch
[21.688s] -- Up-to-date: /home/mys/ros2_ws/L/beginner_tutorials/install/beginner_tutorials/share/beginner_tutorials/launch/pubsub_service_launch.yaml
[21.688s] -- Up-to-date: /home/mys/ros2_ws/L/beginner_tutorials/install/beginner_tutorials/share/ament_index/resource_index/package_run_dependencies/beginner_tutorials
[21.688s] -- Up-to-date: /home/mys/ros2_ws/L/beginner_tutorials/install/beginner_tutorials/share/ament_index/resource_index/parent_prefix_path/beginner_tutorials
[21.689s] -- Installing: /home/mys/ros2_ws/L/beginner_tutorials/install/beginner_tutorials/share/beginner_tutorials/environment/ament_prefix_path.dsv
[21.689s] -- Installing: /home/mys/ros2_ws/L/beginner_tutorials/install/beginner_tutorials/share/beginner_tutorials/environment/path.dsv
[21.689s] -- Up-to-date: /home/mys/ros2_ws/L/beginner_tutorials/install/beginner_tutorials/share/beginner_tutorials/local_setup.bash
[21.689s] -- Up-to-date: /home/mys/ros2_ws/L/beginner_tutorials/install/beginner_tutorials/share/beginner_tutorials/local_setup.sh
[21.689s] -- Up-to-date: /home/mys/ros2_ws/L/beginner_tutorials/install/beginner_tutorials/share/beginner_tutorials/local_setup.zsh
[21.690s] -- Installing: /home/mys/ros2_ws/L/beginner_tutorials/install/beginner_tutorials/share/beginner_tutorials/local_setup.dsv
[21.690s] -- Installing: /home/mys/ros2_ws/L/beginner_tutorials/install/beginner_tutorials/share/beginner_tutorials/package.dsv
[21.690s] -- Up-to-date: /home/mys/ros2_ws/L/beginner_tutorials/install/beginner_tutorials/share/ament_index/resource_index/packages/beginner_tutorials
[21.690s] -- Up-to-date: /home/mys/ros2_ws/L/beginner_tutorials/install/beginner_tutorials/share/beginner_tutorials/cmake/export_beginner_tutorials__rosidl_generator_cExport.cmake
[21.691s] -- Installing: /home/mys/ros2_ws/L/beginner_tutorials/install/beginner_tutorials/share/beginner_tutorials/cmake/export_beginner_tutorials__rosidl_generator_cExport-noconfig.cmake
[21.691s] -- Up-to-date: /home/mys/ros2_ws/L/beginner_tutorials/install/beginner_tutorials/share/beginner_tutorials/cmake/export_beginner_tutorials__rosidl_typesupport_fastrtps_cExport.cmake
[21.691s] -- Installing: /home/mys/ros2_ws/L/beginner_tutorials/install/beginner_tutorials/share/beginner_tutorials/cmake/export_beginner_tutorials__rosidl_typesupport_fastrtps_cExport-noconfig.cmake
[21.691s] -- Up-to-date: /home/mys/ros2_ws/L/beginner_tutorials/install/beginner_tutorials/share/beginner_tutorials/cmake/export_beginner_tutorials__rosidl_generator_cppExport.cmake
[21.692s] -- Up-to-date: /home/mys/ros2_ws/L/beginner_tutorials/install/beginner_tutorials/share/beginner_tutorials/cmake/export_beginner_tutorials__rosidl_typesupport_fastrtps_cppExport.cmake
[21.692s] -- Installing: /home/mys/ros2_ws/L/beginner_tutorials/install/beginner_tutorials/share/beginner_tutorials/cmake/export_beginner_tutorials__rosidl_typesupport_fastrtps_cppExport-noconfig.cmake
[21.692s] -- Up-to-date: /home/mys/ros2_ws/L/beginner_tutorials/install/beginner_tutorials/share/beginner_tutorials/cmake/beginner_tutorials__rosidl_typesupport_introspection_cExport.cmake
[21.692s] -- Installing: /home/mys/ros2_ws/L/beginner_tutorials/install/beginner_tutorials/share/beginner_tutorials/cmake/beginner_tutorials__rosidl_typesupport_introspection_cExport-noconfig.cmake
[21.693s] -- Up-to-date: /home/mys/ros2_ws/L/beginner_tutorials/install/beginner_tutorials/share/beginner_tutorials/cmake/beginner_tutorials__rosidl_typesupport_cExport.cmake
[21.693s] -- Installing: /home/mys/ros2_ws/L/beginner_tutorials/install/beginner_tutorials/share/beginner_tutorials/cmake/beginner_tutorials__rosidl_typesupport_cExport-noconfig.cmake
[21.694s] -- Up-to-date: /home/mys/ros2_ws/L/beginner_tutorials/install/beginner_tutorials/share/beginner_tutorials/cmake/beginner_tutorials__rosidl_typesupport_introspection_cppExport.cmake
[21.694s] -- Installing: /home/mys/ros2_ws/L/beginner_tutorials/install/beginner_tutorials/share/beginner_tutorials/cmake/beginner_tutorials__rosidl_typesupport_introspection_cppExport-noconfig.cmake
[21.694s] -- Up-to-date: /home/mys/ros2_ws/L/beginner_tutorials/install/beginner_tutorials/share/beginner_tutorials/cmake/beginner_tutorials__rosidl_typesupport_cppExport.cmake
[21.694s] -- Installing: /home/mys/ros2_ws/L/beginner_tutorials/install/beginner_tutorials/share/beginner_tutorials/cmake/beginner_tutorials__rosidl_typesupport_cppExport-noconfig.cmake
[21.695s] -- Up-to-date: /home/mys/ros2_ws/L/beginner_tutorials/install/beginner_tutorials/share/beginner_tutorials/cmake/export_beginner_tutorials__rosidl_generator_pyExport.cmake
[21.695s] -- Installing: /home/mys/ros2_ws/L/beginner_tutorials/install/beginner_tutorials/share/beginner_tutorials/cmake/export_beginner_tutorials__rosidl_generator_pyExport-noconfig.cmake
[21.695s] -- Up-to-date: /home/mys/ros2_ws/L/beginner_tutorials/install/beginner_tutorials/share/beginner_tutorials/cmake/rosidl_cmake-extras.cmake
[21.696s] -- Up-to-date: /home/mys/ros2_ws/L/beginner_tutorials/install/beginner_tutorials/share/beginner_tutorials/cmake/ament_cmake_export_include_directories-extras.cmake
[21.696s] -- Up-to-date: /home/mys/ros2_ws/L/beginner_tutorials/install/beginner_tutorials/share/beginner_tutorials/cmake/ament_cmake_export_libraries-extras.cmake
[21.696s] -- Up-to-date: /home/mys/ros2_ws/L/beginner_tutorials/install/beginner_tutorials/share/beginner_tutorials/cmake/ament_cmake_export_targets-extras.cmake
[21.696s] -- Up-to-date: /home/mys/ros2_ws/L/beginner_tutorials/install/beginner_tutorials/share/beginner_tutorials/cmake/rosidl_cmake_export_typesupport_targets-extras.cmake
[21.696s] -- Up-to-date: /home/mys/ros2_ws/L/beginner_tutorials/install/beginner_tutorials/share/beginner_tutorials/cmake/ament_cmake_export_dependencies-extras.cmake
[21.696s] -- Up-to-date: /home/mys/ros2_ws/L/beginner_tutorials/install/beginner_tutorials/share/beginner_tutorials/cmake/rosidl_cmake_export_typesupport_libraries-extras.cmake
[21.696s] -- Up-to-date: /home/mys/ros2_ws/L/beginner_tutorials/install/beginner_tutorials/share/beginner_tutorials/cmake/beginner_tutorialsConfig.cmake
[21.696s] -- Up-to-date: /home/mys/ros2_ws/L/beginner_tutorials/install/beginner_tutorials/share/beginner_tutorials/cmake/beginner_tutorialsConfig-version.cmake
[21.697s] -- Up-to-date: /home/mys/ros2_ws/L/beginner_tutorials/install/beginner_tutorials/share/beginner_tutorials/package.xml
[21.700s] Invoked command in '/home/mys/GIIT/beginner_tutorials/build/beginner_tutorials' returned '0': CMAKE_PREFIX_PATH=${CMAKE_PREFIX_PATH}:/home/mys/ros2_humble/install/rqt_bag_plugins:/home/mys/ros2_humble/install/rqt_bag:/home/mys/ros2_humble/install/ros2bag:/home/mys/ros2_humble/install/tracetools_test:/home/mys/ros2_humble/install/tracetools_launch:/home/mys/ros2_humble/install/topic_monitor:/home/mys/ros2_humble/install/tf2_tools:/home/mys/ros2_humble/install/examples_tf2_py:/home/mys/ros2_humble/install/tf2_ros_py:/home/mys/ros2_humble/install/sros2:/home/mys/ros2_humble/install/rqt_topic:/home/mys/ros2_humble/install/rqt_srv:/home/mys/ros2_humble/install/rqt_shell:/home/mys/ros2_humble/install/rqt_service_caller:/home/mys/ros2_humble/install/rqt_reconfigure:/home/mys/ros2_humble/install/rqt_py_console:/home/mys/ros2_humble/install/rqt_publisher:/home/mys/ros2_humble/install/rqt_plot:/home/mys/ros2_humble/install/rqt_action:/home/mys/ros2_humble/install/rqt_msg:/home/mys/ros2_humble/install/rqt_console:/home/mys/ros2_humble/install/rqt:/home/mys/ros2_humble/install/rqt_graph:/home/mys/ros2_humble/install/rqt_gui_py:/home/mys/ros2_humble/install/rqt_gui:/home/mys/ros2_humble/install/ros2trace:/home/mys/ros2_humble/install/ros2topic:/home/mys/ros2_humble/install/ros2test:/home/mys/ros2_humble/install/ros2component:/home/mys/ros2_humble/install/ros2param:/home/mys/ros2_humble/install/ros2lifecycle:/home/mys/ros2_humble/install/ros2service:/home/mys/ros2_humble/install/ros2run:/home/mys/ros2_humble/install/ros2launch:/home/mys/ros2_humble/install/ros2pkg:/home/mys/ros2_humble/install/ros2node:/home/mys/ros2_humble/install/ros2multicast:/home/mys/ros2_humble/install/ros2interface:/home/mys/ros2_humble/install/ros2doctor:/home/mys/ros2_humble/install/ros2action:/home/mys/ros2_humble/install/ros2cli:/home/mys/ros2_humble/install/quality_of_service_demo_py:/home/mys/ros2_humble/install/lifecycle_py:/home/mys/ros2_humble/install/launch_testing_ros:/home/mys/ros2_humble/install/launch_ros:/home/mys/ros2_humble/install/examples_rclpy_pointcloud_publisher:/home/mys/ros2_humble/install/examples_rclpy_minimal_subscriber:/home/mys/ros2_humble/install/examples_rclpy_minimal_service:/home/mys/ros2_humble/install/examples_rclpy_minimal_publisher:/home/mys/ros2_humble/install/examples_rclpy_minimal_client:/home/mys/ros2_humble/install/examples_rclpy_minimal_action_server:/home/mys/ros2_humble/install/examples_rclpy_minimal_action_client:/home/mys/ros2_humble/install/examples_rclpy_guard_conditions:/home/mys/ros2_humble/install/examples_rclpy_executors:/home/mys/ros2_humble/install/demo_nodes_py:/home/mys/ros2_humble/install/action_tutorials_py:/home/mys/ros2_humble/install/ament_uncrustify:/home/mys/ros2_humble/install/tracetools_trace:/home/mys/ros2_humble/install/tracetools_read:/home/mys/ros2_humble/install/test_tracetools_launch:/home/mys/ros2_humble/install/test_launch_ros:/home/mys/ros2_humble/install/sensor_msgs_py:/home/mys/ros2_humble/install/rpyutils:/home/mys/ros2_humble/install/rosidl_runtime_py:/home/mys/ros2_humble/install/rosidl_cli:/home/mys/ros2_humble/install/launch_pytest:/home/mys/ros2_humble/install/launch_testing:/home/mys/ros2_humble/install/launch_yaml:/home/mys/ros2_humble/install/launch_xml:/home/mys/ros2_humble/install/launch:/home/mys/ros2_humble/install/osrf_pycommon:/home/mys/ros2_humble/install/launch_testing_examples:/home/mys/ros2_humble/install/domain_coordinator:/home/mys/ros2_humble/install/ament_xmllint:/home/mys/ros2_humble/install/ament_pyflakes:/home/mys/ros2_humble/install/ament_pycodestyle:/home/mys/ros2_humble/install/ament_pep257:/home/mys/ros2_humble/install/ament_pclint:/home/mys/ros2_humble/install/ament_package:/home/mys/ros2_humble/install/ament_mypy:/home/mys/ros2_humble/install/ament_lint_cmake:/home/mys/ros2_humble/install/ament_flake8:/home/mys/ros2_humble/install/ament_copyright:/home/mys/ros2_humble/install/ament_lint:/home/mys/ros2_humble/install/ament_index_python:/home/mys/ros2_humble/install/ament_cpplint:/home/mys/ros2_humble/install/ament_cppcheck:/home/mys/ros2_humble/install/ament_clang_tidy:/home/mys/ros2_humble/install/ament_clang_format /usr/bin/cmake --install /home/mys/GIIT/beginner_tutorials/build/beginner_tutorials
